<testsuite hostname="jasons-mbp.home" name="ApplicationSpec" tests="2" errors="0" failures="1" skipped="0" time="2.481">
        <properties>
[...]
</properties>
        <testcase name="Application should::send 404 on a bad request" classname="ApplicationSpec" time="1.273">
        
      </testcase><testcase name="Application should::render the index page" classname="ApplicationSpec" time="1.196">
        <failure message="'



&lt;!DOCTYPE html&gt;

&lt;html&gt;
    &lt;head&gt;
        &lt;title&gt;TestRestApi&lt;/title&gt;
        &lt;link rel=&quot;stylesheet&quot; media=&quot;screen&quot; href=&quot;/assets/stylesheets/main.css&quot;&gt;
        &lt;link rel=&quot;shortcut icon&quot; type=&quot;image/png&quot; href=&quot;/assets/images/favicon.png&quot;&gt;
        &lt;script src=&quot;/assets/javascripts/jquery-1.9.0.min.js&quot; type=&quot;text/javascript&quot;&gt;&lt;/script&gt;
    &lt;/head&gt;
    &lt;body&gt;
        
  &lt;h1&gt;1000 users(s)&lt;/h1&gt;
   
    &lt;div&gt;
      test92034@example.com | $2a$10$7E7gFAmnKFExYSTPNZ/ltOLbg1tJ2U7xNH8c0wG67cRlr74TxdI7q
    &lt;/div&gt;
   
    &lt;div&gt;
      test92035@example.com | $2a$10$EiHUE4n1/fpi4VUDVxsr1OMjEXapXCtqjuHpy6hP5w9Qy/0wi2Vai
    &lt;/div&gt;
   
    &lt;div&gt;
      test92036@example.com | $2a$10$nEg.nEw6i4hdgXhtYVmpk.A.ktzreXD4vOjtIXG5hqD2xOgAzdt6S
    &lt;/div&gt;
   
    &lt;div&gt;
      test92037@example.com | $2a$10$WZFv/FXkGmW3Xa9MLYO4hOVAcG./WLQDoCxaAzv4dTzd6OO/U6mGO
    &lt;/div&gt;
   
    &lt;div&gt;
      test92038@example.com | $2a$10$ICIT1zl8hOOhQorijZ/w4ePwwZmUX.JrypJK0QmG9vS9TX4GS1B/i
    &lt;/div&gt;
   
    &lt;div&gt;
      test92039@example.com | $2a$10$7eMX9.2..Mzdefwuo35I/eI/NWqdVjRR5LSnBtYP6vh.NLgqFQD52
    &lt;/div&gt;
   
    &lt;div&gt;
      test92040@example.com | $2a$10$RiG.OQhs4O93OQP74GT80epD9dUQH7l9kjUSqF..rAQPpBFFWjVdy
    &lt;/div&gt;
   
    &lt;div&gt;
      test92041@example.com | $2a$10$IwvJZGoNFk/xBsErcWTOHe9bT50AFb4QFRZGlthuZBh3uuZghP00O
    &lt;/div&gt;
   
    &lt;div&gt;
      test92042@example.com | $2a$10$6Jz338m4HL3nJxSPwOyrI.GQ8QOk4gEOry/vWkpUItSB35BUxMrjK
    &lt;/div&gt;
   
    &lt;div&gt;
      test92043@example.com | $2a$10$adSiFHe/pCm.kDV6HBtO7.bSoJipB8V2RpVKQeQwN4PG9Www5hZWm
    &lt;/div&gt;
   
    &lt;div&gt;
      test92044@example.com | $2a$10$PGwDsENu2YzlBnwqC1BQxOQwwo6N4sO3BVefHIX0QBVGv.VLFFOR2
    &lt;/div&gt;
   
    &lt;div&gt;
      test92045@example.com | $2a$10$KlVL7cGgxb846pi9CjxWC.Zw1b3C2t4Qm.197j8aDGjdb4ML2HCUi
    &lt;/div&gt;
   
    &lt;div&gt;
      test92046@example.com | $2a$10$1MvJ8Wrqwv005axdpeQrTeSVRYBuC44nN6xfUE5nlWncD/daMqsZS
    &lt;/div&gt;
   
    &lt;div&gt;
      test92047@example.com | $2a$10$oTzR6iXxR5DCqHQm4.NbB.Vvc6qvD6.EEQlyplIb/9x87s6e1W5a2
    &lt;/div&gt;
   
    &lt;div&gt;
      test92048@example.com | $2a$10$6Nvno7ZQnXLlxkoBfiqSt.XGifiobwaJLPX74xyJGlKbUup90h3KK
    &lt;/div&gt;
   
    &lt;div&gt;
      test92049@example.com | $2a$10$7aX4BxZC2pOemHclUPIkg.rgQVP2w3gq.iU8dqzxykhh3YB9yLIje
    &lt;/div&gt;
   
    &lt;div&gt;
      test92050@example.com | $2a$10$4DYIQPQnbQ0s4aY8xpU49ugugDyTe90aVOqXKfHEnFQx6T.TBAJf6
    &lt;/div&gt;
   
    &lt;div&gt;
      test92051@example.com | $2a$10$BFXSFLlwyyQi6haO/VrT8.Q9ds0Q7HDWvQ3wq53wmUUta5.V5/v5S
    &lt;/div&gt;
   
    &lt;div&gt;
      test92052@example.com | $2a$10$F2XcjAL4FXYjU34vo22LfeGkWEUbHmsoQ0szfY7j5a/qvQN7t1DSW
    &lt;/div&gt;
   
    &lt;div&gt;
      test92053@example.com | $2a$10$iVXPjQEbvHteWraJ1.A1cu9My/G5FBvGwnXelhM2MEWSMuWCifywS
    &lt;/div&gt;
   
    &lt;div&gt;
      test92054@example.com | $2a$10$ymes3xoWStp1PBR3ySQXDO8tD6x7xM1/ykCm0jc064XsXMrFDQGiO
    &lt;/div&gt;
   
    &lt;div&gt;
      test92055@example.com | $2a$10$Uk6w8q5t9td8PYcXw3Ltcu2H4riqQMyYVLdF1MLnB5biheB/NqNY.
    &lt;/div&gt;
   
    &lt;div&gt;
      test92056@example.com | $2a$10$w1LzTfS7p2bxAibhdtDHDeO7nymc1u/QMmtduyo3H4DbPRzO9t1sy
    &lt;/div&gt;
   
    &lt;div&gt;
      test92057@example.com | $2a$10$5rUk0x6laBgsuVC3O8Rn3.Vj0llt3NRQtyiH1enU8IUGIu0Jf6//e
    &lt;/div&gt;
   
    &lt;div&gt;
      test92058@example.com | $2a$10$tpQq/tpjc4xVgu/aS6Q5UuutEvcjcQxZgGK9sfNvywnvShPzcY4y6
    &lt;/div&gt;
   
    &lt;div&gt;
      test92059@example.com | $2a$10$5Ma2TkWc5YlkGUM0kCe8fuYXrRs2wW8Qp4kSA8MCseiwwxrxgBIxG
    &lt;/div&gt;
   
    &lt;div&gt;
      test92060@example.com | $2a$10$WUsiwi5Er/nyGs17F8FpPOrNspctNqY2LWSw2.9j3zlGVX9KYZ9Cy
    &lt;/div&gt;
   
    &lt;div&gt;
      test92061@example.com | $2a$10$/OaIZn.hHoHXUE87l9JYY.M77E2iP1yOLsjjDmiFIJzc3QYG8PaN2
    &lt;/div&gt;
   
    &lt;div&gt;
      test92062@example.com | $2a$10$ibnxnfzHrt.LpogMfGVBe.GXRoFnSAewi/Nv5dpDEWOGJZ6gxiRBq
    &lt;/div&gt;
   
    &lt;div&gt;
      test92063@example.com | $2a$10$1DX4pF7w/bcdYOwgFjLwROCOOhPCpV0.GhI0o5LlVJQe.29pho476
    &lt;/div&gt;
   
    &lt;div&gt;
      test92064@example.com | $2a$10$3cVS1IuRMsRWPxApGtKbFeUycXY09Grwpl9qTCFQbBgmoTnM8jYe.
    &lt;/div&gt;
   
    &lt;div&gt;
      test92065@example.com | $2a$10$/.w/.0aF99pGPzHdOKBjfOs2box.oEalC3S9rn/796ax4w7onMdQu
    &lt;/div&gt;
   
    &lt;div&gt;
      test92066@example.com | $2a$10$65eS5VVdCMdLSjTRIOtz5ut8APwYD6ATCyLpKACbWFWcJ07.V/5cW
    &lt;/div&gt;
   
    &lt;div&gt;
      test92067@example.com | $2a$10$yJihSgnDt4jYWIPhkoRb7umGNIfP7EmTAsGDTd.OXu8ffMaGrlv/u
    &lt;/div&gt;
   
    &lt;div&gt;
      test92068@example.com | $2a$10$UamuyAulDgwng0A5u/hE4e1JgeEpdCfG6kr870xT9bTy/KHqm1xgO
    &lt;/div&gt;
   
    &lt;div&gt;
      test92069@example.com | $2a$10$v43.M.xESaFJPYbed6zUeO532KSNFH9v3c1DV8CzoNKQBrspT2Uf2
    &lt;/div&gt;
   
    &lt;div&gt;
      test92070@example.com | $2a$10$DuR2vZa3k2AsY5i9yg7tv.kToRFeF16dXp.8kxf8GP1/LkYfppy0u
    &lt;/div&gt;
   
    &lt;div&gt;
      test92071@example.com | $2a$10$l6Ag5FdXZSV4ElR/FpXQleUCr.j7Vv1z02P/C7DQi0iPJZnKySfUW
    &lt;/div&gt;
   
    &lt;div&gt;
      test92072@example.com | $2a$10$LV8XNKG5jI5YchxVsXNWfuaXmzO9tUbbnteFKKEySjhj.G7fo277C
    &lt;/div&gt;
   
    &lt;div&gt;
      test92073@example.com | $2a$10$l0WVtN3uOEFdNQ7YRq1gEeUzZYXowtSwBJi.cZ6KRHFGiaZpAWOVy
    &lt;/div&gt;
   
    &lt;div&gt;
      test92074@example.com | $2a$10$vTOmn9GodRpFUGoKH358AuCH8W6EZ1TLp1bp9BGaIoKv26N5JhheS
    &lt;/div&gt;
   
    &lt;div&gt;
      test92075@example.com | $2a$10$fUoB9sA7J64R9lsYQouQ/.288SpflZCXjUmvy23kqsWqteKnA1cu.
    &lt;/div&gt;
   
    &lt;div&gt;
      test92076@example.com | $2a$10$IC3BSQNvskMO10IPbDxWqOPQvOP3Y6RTfsID0NkjAa9boBPSRaTKK
    &lt;/div&gt;
   
    &lt;div&gt;
      test92077@example.com | $2a$10$LQ5mOYNpMQtbEWfncepHxOEPEH0hkWeA9GDDzsZpIzIIP5.1XCMWe
    &lt;/div&gt;
   
    &lt;div&gt;
      test92078@example.com | $2a$10$Krpulh.tYzv3RdwOwxCnEOy/4DA1J6hasW6goTSQST2QEqva5p8Be
    &lt;/div&gt;
   
    &lt;div&gt;
      test92079@example.com | $2a$10$4H4pwWdzTNY9Pf6opF6IXuuzSvhjqIVgWf3ai0p2.qz8jF/WJ5fl2
    &lt;/div&gt;
   
    &lt;div&gt;
      test92080@example.com | $2a$10$/x0dE62/XvIrXKFnugkv0emXwSwouA.Erb1ZdOPaiR63cpYdIYkjW
    &lt;/div&gt;
   
    &lt;div&gt;
      test92081@example.com | $2a$10$vRpkl7jRFlQtR/acIzH5auR2Eb4j46Gli0qQads3ZDRg56ljrBlFO
    &lt;/div&gt;
   
    &lt;div&gt;
      test92082@example.com | $2a$10$JxJ5AP3rq9495tibtCA1n.HhS7Y0/C.gsNHuEGVGeDGIAbenpVzzi
    &lt;/div&gt;
   
    &lt;div&gt;
      test92083@example.com | $2a$10$nDGT.MU3dyTn1KPLaa/rauVhdWBG7x9yeDX7yw9DrfyRTSdewlpoO
    &lt;/div&gt;
   
    &lt;div&gt;
      test92084@example.com | $2a$10$dPjvPh73um9rzQCSFd6tHeXdxlenYeuxehz2hgsNjpkq0iGAGZRom
    &lt;/div&gt;
   
    &lt;div&gt;
      test92085@example.com | $2a$10$7why3x46pLb2YtiatUgnSuQzTDt9rPmlU2FtYW7CGrD1b/b1ENJZq
    &lt;/div&gt;
   
    &lt;div&gt;
      test92086@example.com | $2a$10$GX2fKiXB4eRAKQWVRenjLOK297xQLuSNGprK33nQz7lzgo7N.bNlm
    &lt;/div&gt;
   
    &lt;div&gt;
      test92087@example.com | $2a$10$Ux3vJKtujnoHJ7RKVnTNF.rhjrCiUEA8Vtczf5muNhN8THNUxjfv2
    &lt;/div&gt;
   
    &lt;div&gt;
      test92088@example.com | $2a$10$YX5/G2hkC7SVAXG/3U7vnuMvQL0zJgCYz4drDQ/LwAXiBkGywdLH6
    &lt;/div&gt;
   
    &lt;div&gt;
      test92089@example.com | $2a$10$TpH9Y39zyAUGRw5qKfEqCuRDi709fOaiPAxzmkRriAn4p3e58OzJu
    &lt;/div&gt;
   
    &lt;div&gt;
      test92090@example.com | $2a$10$VEpyc.2Imx2EyXTkBUu/I.W.62DN02//o3v9pYAR1e5LjKRFo.YYO
    &lt;/div&gt;
   
    &lt;div&gt;
      test92091@example.com | $2a$10$xJuOHsOfWJWc7ZMiEmIJDubGrH9opehQpx8cADt1htKfn4nvNbd1u
    &lt;/div&gt;
   
    &lt;div&gt;
      test92092@example.com | $2a$10$4Sis0Cy4AlyeNu1WMqvqUOWUjObjlLyil5KxnR7LtCIt852O88QG6
    &lt;/div&gt;
   
    &lt;div&gt;
      test92093@example.com | $2a$10$57KO9yzmk2SP5t8zSXKNOuNAOaEbi2.8iBCpsyDAHK76vjQtbaIfa
    &lt;/div&gt;
   
    &lt;div&gt;
      test92094@example.com | $2a$10$veNHo5Hzj7gf7G9s87af0OaEQB.cAMlegF8whqjNDRwcjhdVUro1e
    &lt;/div&gt;
   
    &lt;div&gt;
      test92095@example.com | $2a$10$t0ZKZxSYPzqWp7sQHu9Svu8OzoGHcz6Z/84S5arlqQbYOEJR2.k8.
    &lt;/div&gt;
   
    &lt;div&gt;
      test92096@example.com | $2a$10$Jsx.RtQveuR2n4dtPIAYSOfZPk3yYNWNaogpN6HlP25fkwCsfOsY2
    &lt;/div&gt;
   
    &lt;div&gt;
      test92097@example.com | $2a$10$6bDwgOBKgIi3EQ/yIS8DJusbeWg0SL1J9.cPcN7.GV6hm3X9uo1AK
    &lt;/div&gt;
   
    &lt;div&gt;
      test92098@example.com | $2a$10$jPyMMO2PBsminQZ8EEas7eoHmdado/XOTZwl4trpKoDWzjiIM4/l.
    &lt;/div&gt;
   
    &lt;div&gt;
      test92099@example.com | $2a$10$7geGlg2yu3BvPUFhyeblYehglF.HwCxWZurYVSKyHghJmoeBopnZC
    &lt;/div&gt;
   
    &lt;div&gt;
      test92100@example.com | $2a$10$Z7/v6P8d5QSyyvR/tIpxoeYwrxMibGEydjZu8wumPSA5rot18BS9u
    &lt;/div&gt;
   
    &lt;div&gt;
      test92101@example.com | $2a$10$l8hjlrDZOr1mCe6Y5JUoF.egHiSPFFwnW0OWiAMI2BGY/AJbweUKi
    &lt;/div&gt;
   
    &lt;div&gt;
      test92102@example.com | $2a$10$4HyL3cmZ80AjgY.cg3a7XeipEIzu.T6pMPIoJOeBtUv.qUdnLBsQ2
    &lt;/div&gt;
   
    &lt;div&gt;
      test92103@example.com | $2a$10$EK/YHGjh1UhfAQoubFFuB.pomRfVW2mrkS7U14epqFpEa/iOtAEh.
    &lt;/div&gt;
   
    &lt;div&gt;
      test92104@example.com | $2a$10$eD341qqufffe7S1PvG8Xku.BKKPykhQGvtVIbTgJpn4mtp0Ted4hu
    &lt;/div&gt;
   
    &lt;div&gt;
      test92105@example.com | $2a$10$IesElRBvV8H.O5y0x1QSt.JKkf2kmtlh.y/HLoTh8GmTISAF9u9bO
    &lt;/div&gt;
   
    &lt;div&gt;
      test92106@example.com | $2a$10$QeXtoywa.U3DRjoFjycP3.zQr6D1mKWKV08wvsfL6JrEn6wSl1HO.
    &lt;/div&gt;
   
    &lt;div&gt;
      test92107@example.com | $2a$10$JjBZCOpL3rMN0ZS4.c8Sn.4Yknu3PJbleJsLtyA/YxFV1RbgqNX9S
    &lt;/div&gt;
   
    &lt;div&gt;
      test92108@example.com | $2a$10$RQHbMwoWKG79JQaaIevnM.ohufg2p8LO1.N1YmUMXVdx0DKE7xo5G
    &lt;/div&gt;
   
    &lt;div&gt;
      test92109@example.com | $2a$10$bNRhkKXXfhdfXiBn3.6Imegfoq0/HQbWMNdQF/G/ie0I86nkk4cwi
    &lt;/div&gt;
   
    &lt;div&gt;
      test92110@example.com | $2a$10$B8/fPtfxZnXYDo7xhxjuXONIPwwoW4EQ5SmfUWTdtGLoXWiufwdGK
    &lt;/div&gt;
   
    &lt;div&gt;
      test92111@example.com | $2a$10$au/xqtfy7AhI.G5Ci780MOpYtUbU0eDlo/V8eOhKBng0pWMsU3LwC
    &lt;/div&gt;
   
    &lt;div&gt;
      test92112@example.com | $2a$10$uJzTDDtJl.Tp/Y5t6PN/2eBtTaYevOrogs2n6kSLyfBGa0pxYu4GK
    &lt;/div&gt;
   
    &lt;div&gt;
      test92113@example.com | $2a$10$SAQKq7TVPU/L0TZXME.1GuZVz5SbLrlv5IuZYa5RH2b8QkjU.jYii
    &lt;/div&gt;
   
    &lt;div&gt;
      test92114@example.com | $2a$10$Tfl57WfVPzjQ8gnLDM7gCu6Mh9pYPI7Jnx7.jEOk/Cxcd9OqzxFVS
    &lt;/div&gt;
   
    &lt;div&gt;
      test92115@example.com | $2a$10$Ex1qP4yo7bwvKs1BVTT4quYOVgwa6QjbIPz43tcXV3CmDQTXxT/Lq
    &lt;/div&gt;
   
    &lt;div&gt;
      test92116@example.com | $2a$10$zTD8SCpUybc63dW1ICaiO.VrJWaFOCi8wBzniT4JRBPnJVZeZCBly
    &lt;/div&gt;
   
    &lt;div&gt;
      test92117@example.com | $2a$10$6m8oOCdpQVSWe4c0/iKSBOEdX7Ng.3sJCXlBbJj2zl2JxGO5FFoBm
    &lt;/div&gt;
   
    &lt;div&gt;
      test92118@example.com | $2a$10$NSsKaL69bHCfiQqjnvnsjejeWIYy.Y533yPSmtmF9sEbOUH9a3S8K
    &lt;/div&gt;
   
    &lt;div&gt;
      test92119@example.com | $2a$10$11YDW.KUn2I6iCBC7Sw/UOgbfrIeQF/8KezkeTtv49abbZU5p8Rmm
    &lt;/div&gt;
   
    &lt;div&gt;
      test92120@example.com | $2a$10$40KyhOc4rpxSiTPhW.hCj.pTw1CouenDcbr5xXppx2CGen7pDiYGy
    &lt;/div&gt;
   
    &lt;div&gt;
      test92121@example.com | $2a$10$7RcSaWTTjcwsSMjDqQdG3u2K3sUkwySucFM/NlaB.ix6xfbq0OF2O
    &lt;/div&gt;
   
    &lt;div&gt;
      test92122@example.com | $2a$10$Hd2pRgJ22hvvxMS1xfBBRujRUivGNU1n48W2eL6T6Z/eBWmMpCyja
    &lt;/div&gt;
   
    &lt;div&gt;
      test92123@example.com | $2a$10$Onz642PtK442i8tagoTlNebMLsyYab0kVNAGjpec4HSMND4prHmTW
    &lt;/div&gt;
   
    &lt;div&gt;
      test92124@example.com | $2a$10$xpfYvbdLPVpJdTiSEIWyqeIJ0n8BWgRIr2PJHpRxPI063kat45BLe
    &lt;/div&gt;
   
    &lt;div&gt;
      test92125@example.com | $2a$10$l7oYsRXg8Hg2.GRSh3nhkeMuB4QIsyizIwMXmoLadAMd2q/eMAM1e
    &lt;/div&gt;
   
    &lt;div&gt;
      test92126@example.com | $2a$10$ubxndxvr0hmU1l4RWJR1tuLCgleJCgxR1G8G77N0zpWJ2xs1sRFCK
    &lt;/div&gt;
   
    &lt;div&gt;
      test92127@example.com | $2a$10$gaPDh0045D7ISRFf0ppIUenMdjIDQaO12dS0zU7/v67KhK3p2UwWi
    &lt;/div&gt;
   
    &lt;div&gt;
      test92128@example.com | $2a$10$xqOBBNN5o68Hzu0Kt.dTfO/XaIn2oe6wivsrIMzua72jrx4EVwrCu
    &lt;/div&gt;
   
    &lt;div&gt;
      test92129@example.com | $2a$10$BqFM21s0ZUuhou4hFskR6e3dzl9A.mDMc32ysrEF.htWuiVipQxFO
    &lt;/div&gt;
   
    &lt;div&gt;
      test92130@example.com | $2a$10$VSLlhvDQRAvCpj2JgZpd3eNBUBvgzj823RZNkZJxT0h2xoZtpbaTq
    &lt;/div&gt;
   
    &lt;div&gt;
      test92131@example.com | $2a$10$m5WJ4W7tnTMSuP/TJ/r7Gu2S6JPZXs/xfiPc8oMdAHLmvLuxhaAii
    &lt;/div&gt;
   
    &lt;div&gt;
      test92132@example.com | $2a$10$SQvUjWTLX1RG3dGm8uNjFeyHG.oR0TBHNJPXxW9yObHlmNOBzN6mu
    &lt;/div&gt;
   
    &lt;div&gt;
      test92133@example.com | $2a$10$cEATTdnafnYmo9bGPjIoYuylzwdE2NgJJJSvzEh8yCAQycOqaNzsW
    &lt;/div&gt;
   
    &lt;div&gt;
      test92134@example.com | $2a$10$/oIKI3dMwTyUK8SjQfFZhuvI03LPxsb/Ms7KFGC05cJQXLWUVYkfe
    &lt;/div&gt;
   
    &lt;div&gt;
      test92135@example.com | $2a$10$4H9KJOvDsIFQOVIfSLExXeMXqXaI7j2H0fifLQ7IIL6YXXNiN0pqq
    &lt;/div&gt;
   
    &lt;div&gt;
      test92136@example.com | $2a$10$FqKKDseemPDInzGGR/tXVugeA3h9IYQq76VgLMvntpoSEcRqrJ3AO
    &lt;/div&gt;
   
    &lt;div&gt;
      test92137@example.com | $2a$10$cj/ykiXY34.ytvmVAehBEeniWAQokPxagoZMRdrl8UcpivgefFl5e
    &lt;/div&gt;
   
    &lt;div&gt;
      test92138@example.com | $2a$10$CeTk53UENvX.EOO7lFCWs.YCriRiNqV4a6vP/F65LPRfPSx5y7zlC
    &lt;/div&gt;
   
    &lt;div&gt;
      test92139@example.com | $2a$10$mpW.Yt95TFVUBC3LuJvtyOeCGqJp9AI3GeRBC43sqW/hmsxlOp5HK
    &lt;/div&gt;
   
    &lt;div&gt;
      test92140@example.com | $2a$10$DgzA4Yls6xptO2lDpS5zruspx3aATg7dgm9Ccgta8kV5CTfb5c/Ne
    &lt;/div&gt;
   
    &lt;div&gt;
      test92141@example.com | $2a$10$At0j4EmFNFBHYzS6Sy89Wuf4.GpRAJrbUpEaMOH8M4bGX6K1uNsGy
    &lt;/div&gt;
   
    &lt;div&gt;
      test92142@example.com | $2a$10$vFzfvxduhsg3tCDuGz0noO34nVPPyE/skehRmJDHFDXc0UOiyj4SK
    &lt;/div&gt;
   
    &lt;div&gt;
      test92143@example.com | $2a$10$gZtin4PHkxUPyHezCV2x8eUz4KcO/59100MpRNBGavM8cTghCtUeO
    &lt;/div&gt;
   
    &lt;div&gt;
      test92144@example.com | $2a$10$M/DMCrOt8WT6PxI3I6RLnO99p3hMLV3B1PI7P62Kq7PZ0xB0LfQj6
    &lt;/div&gt;
   
    &lt;div&gt;
      test92145@example.com | $2a$10$u/hMHRSxptpthl7Xys/5we8nR5Qd9A0qIye8UQPaDLAwJ9IxLSmYS
    &lt;/div&gt;
   
    &lt;div&gt;
      test92146@example.com | $2a$10$5y8waPlNs9xeYihdt2r35.TFuL4/.1Jsoq64X/OFamSQlQrmE0d.y
    &lt;/div&gt;
   
    &lt;div&gt;
      test92147@example.com | $2a$10$Eyf1mKnl0fKyVqPUQNMtb.FeyH5A.a4jKmAkYwO7SDnY8oOA8h0e.
    &lt;/div&gt;
   
    &lt;div&gt;
      test92148@example.com | $2a$10$WhDjAkkEV.B.hSUWfCgoouArhS9yR8ZCCoiHB0yNz9/bSW6grq7P2
    &lt;/div&gt;
   
    &lt;div&gt;
      test92149@example.com | $2a$10$H72d8Cy9oPWIzRe4Gdo0xu3RFgmo3k.H.eXs3BOT8MpVciXXQd0be
    &lt;/div&gt;
   
    &lt;div&gt;
      test92150@example.com | $2a$10$V57/dNRSH5/rgUdlauxnhOROdW3NoYGYzR4ojg0V3e.S6xC1RWgPS
    &lt;/div&gt;
   
    &lt;div&gt;
      test92151@example.com | $2a$10$BQb.AEOeBX5e1jdCzdviweAbKPBRuXb0fNwxtay8D6vackH0tqjua
    &lt;/div&gt;
   
    &lt;div&gt;
      test92152@example.com | $2a$10$/WK5N0mmX6KBcyAhqUbcY.kHbEcmhIcYX7s0AWM/wy00SQ47UgaFG
    &lt;/div&gt;
   
    &lt;div&gt;
      test92153@example.com | $2a$10$Q7atTbz1qq02oEtlRmuel.4ADZBHZ3vQouPmf.0zdOx7o8lVXCzTu
    &lt;/div&gt;
   
    &lt;div&gt;
      test92154@example.com | $2a$10$dFpzaBPaO63S1j9HEoG7MOI4B2FmPLRyU5Uc1H3Tad4I1pVWnTbBO
    &lt;/div&gt;
   
    &lt;div&gt;
      test92155@example.com | $2a$10$xwJSkcTYdbPau2bLhGwpaeiKJOZ1.qDj4.l7Fa/5X.XHIwLpWoGeO
    &lt;/div&gt;
   
    &lt;div&gt;
      test92156@example.com | $2a$10$bXQKZuurj0EH0NRd2qIKiOaT2an/fX.PhCs67rpaizMNKWiRkMn2m
    &lt;/div&gt;
   
    &lt;div&gt;
      test92157@example.com | $2a$10$pm6etyRFY1bWdz0By87VH.GNo4ZpEb.50Z/rAFuFdIHM8DkkEVXpu
    &lt;/div&gt;
   
    &lt;div&gt;
      test92158@example.com | $2a$10$LIrWK3uBIDiTbPvPqS1cguSVuxxmkRGxHsZj8WSJmFfev9TMe37Aq
    &lt;/div&gt;
   
    &lt;div&gt;
      test92159@example.com | $2a$10$jncHkxy/8aJSbZQWLCbkEe9KLbKIc1HtFadhwFOA.n7q9N/k6WJPK
    &lt;/div&gt;
   
    &lt;div&gt;
      test92160@example.com | $2a$10$2tY.St4VyDgix7tty4p9h.rztbBnOk.LVjFGVAAmtCZ61/GZKMiFe
    &lt;/div&gt;
   
    &lt;div&gt;
      test92161@example.com | $2a$10$noLUA3dlKH.O66pBl4ZlOeRbjUkaK7Hv3QrTfZO8tlRQvaImYN.46
    &lt;/div&gt;
   
    &lt;div&gt;
      test92162@example.com | $2a$10$Wrn668FhUCaP6v5h8okxluPxH02ttOCMIZ81KWx.UcURwBCWx2/.K
    &lt;/div&gt;
   
    &lt;div&gt;
      test92163@example.com | $2a$10$nnsWM/5dzG8eQNOah/YqB.pmcl0Mam3brg4us.2azSy2mGq3MTzDG
    &lt;/div&gt;
   
    &lt;div&gt;
      test92164@example.com | $2a$10$RAx3btVobGNhchb500Sb1.TZIkQjT.LNmLnT0h4dFnEw.xpf20UK2
    &lt;/div&gt;
   
    &lt;div&gt;
      test92165@example.com | $2a$10$l3Wta2xcC3g0IJz8JwAiR.phe3eB5f588DxV4V8nrxv5kFz/lmT3W
    &lt;/div&gt;
   
    &lt;div&gt;
      test92166@example.com | $2a$10$sdAqR9xyvbGg5XC9sOEx2OYqmapC96ldfI6cg9tDUkypNkSX8URYS
    &lt;/div&gt;
   
    &lt;div&gt;
      test92167@example.com | $2a$10$sBToTyQocZNl8v5xfhbQuOOGCpC51jDMuHIxLtYEXvB1CR8QZb08m
    &lt;/div&gt;
   
    &lt;div&gt;
      test92168@example.com | $2a$10$LnLj1/Hgkxongq61xtP25.Ww0HdlQpwnsA4dK85teBp4xos2S98pi
    &lt;/div&gt;
   
    &lt;div&gt;
      test92169@example.com | $2a$10$2OFPGQC/sJHmuQfcTyJlVO6FU/exkYaNJPHVlrz0jIl8M7edNYmLu
    &lt;/div&gt;
   
    &lt;div&gt;
      test92170@example.com | $2a$10$t1aTnmJ8lxQLzWBYLckszOt.x/2mXqZqYyTRhogwcAyFgOYE6B0ty
    &lt;/div&gt;
   
    &lt;div&gt;
      test92171@example.com | $2a$10$jP6LZpsZYHnhKXBVgHw93u28FPc5pDEW7NbAPJ4kjM4wSRtohNCQe
    &lt;/div&gt;
   
    &lt;div&gt;
      test92172@example.com | $2a$10$VbAtGTtFgDqIu7UTMsU6M.LRNKIweT6co2jhmSnVNm.biwurKQJ6C
    &lt;/div&gt;
   
    &lt;div&gt;
      test92173@example.com | $2a$10$zmtCt3Iyqr8F4vY426mYPuLVvHbJpAkJmpMe3r0QB3Dsblt3DerEO
    &lt;/div&gt;
   
    &lt;div&gt;
      test92174@example.com | $2a$10$cNo6I4.N.T0761roapmxhuBNYM2fIq4Xv64N8J3IxWTqNtNvO63Au
    &lt;/div&gt;
   
    &lt;div&gt;
      test92175@example.com | $2a$10$pyFWwdTCutc8xEjam/HbvOPSqA99a7YE7EL8Gt2gSrJpi97MhNnkS
    &lt;/div&gt;
   
    &lt;div&gt;
      test92176@example.com | $2a$10$nnsG5mWPkNp5F2H3KGR2qOHc2Hd6MphC9JmISQ26PJvOZevryMns.
    &lt;/div&gt;
   
    &lt;div&gt;
      test92177@example.com | $2a$10$waiS4A9Vq4wm.bKn7lU9W.XHblKHeS91bNLva0VLJR.LtnDsCDpoS
    &lt;/div&gt;
   
    &lt;div&gt;
      test92178@example.com | $2a$10$sV28fhNl03mnNDQgHVz/s.TKu7Jay7rLlRIzwcFF2lVG7xWPOM3Q6
    &lt;/div&gt;
   
    &lt;div&gt;
      test92179@example.com | $2a$10$PxOqPYA5afUS.euj2CfEWOPgAuxWUoxvgd7mgxRiXRm8/6gjg83ge
    &lt;/div&gt;
   
    &lt;div&gt;
      test92180@example.com | $2a$10$EoZt6lKRFI4Q9EBe/uQzxOvETti6QxEX3ljsHRd2WUt/mTAlQOmuu
    &lt;/div&gt;
   
    &lt;div&gt;
      test92181@example.com | $2a$10$93oD4x425TmijcIwIgJYIepLsIhGYCABlsia1JeRNDbYig4GX2QyG
    &lt;/div&gt;
   
    &lt;div&gt;
      test92182@example.com | $2a$10$9VNm.7XtadULxBx3JjayhO/dZmuLAtsgfTlcxId1WujOkybdea7SO
    &lt;/div&gt;
   
    &lt;div&gt;
      test92183@example.com | $2a$10$yrQgaX16PnDJCDXHR/qF7e7iwjtI2PTLrer9yCl3UJUxS46Kkw6x.
    &lt;/div&gt;
   
    &lt;div&gt;
      test92184@example.com | $2a$10$CbLTmqaEigw0qPRHASDUc.ft2lH0fypOJkxarD79pI8Gon0IzuT26
    &lt;/div&gt;
   
    &lt;div&gt;
      test92185@example.com | $2a$10$4LFzVBKCE2KU37KAzSfpV.rYQIqL3n0C55aOWHyq8.4pVreUU6b1W
    &lt;/div&gt;
   
    &lt;div&gt;
      test92186@example.com | $2a$10$nnbKhH5lR6YskjMBDJ3VA.uA33McU7yCH7dV9.iK.EsFeXVcfe/ny
    &lt;/div&gt;
   
    &lt;div&gt;
      test92187@example.com | $2a$10$33XyrbpaNfVSL2knnjSiXOQT5tSu3vpS42y93KY8w2j8YEqVgKKIy
    &lt;/div&gt;
   
    &lt;div&gt;
      test92188@example.com | $2a$10$VKKbrgqvyGUPUJh0g9nFwOKsPBUn7hktjJWCR2Oj2sg1nX/uRUq7m
    &lt;/div&gt;
   
    &lt;div&gt;
      test92189@example.com | $2a$10$AddKDGArTKdceiTzmcBKrusc.KaVCEDmd5qgorZee2vjh9LqpNCp.
    &lt;/div&gt;
   
    &lt;div&gt;
      test92190@example.com | $2a$10$nj4OA6UiEJUd.hZLB5eWJeorYYiFIW8pKNW4oe/oFN4UEzu701rm.
    &lt;/div&gt;
   
    &lt;div&gt;
      test92191@example.com | $2a$10$PaPzC6SXWmtqZu1bSCJCS.LWSlesm7j9UThSJ/YoT7SP4GzPC/9wa
    &lt;/div&gt;
   
    &lt;div&gt;
      test92192@example.com | $2a$10$6mjyyiUPaeJIU4zZ5/H/juPbgGvUFzkWvyMgAWlF2iilFKw7kK0TO
    &lt;/div&gt;
   
    &lt;div&gt;
      test92193@example.com | $2a$10$5qU3vy6TulSzQINDiuCmAeqNSM9Jgn/0DsVen0TfBlJs82Mkp9f92
    &lt;/div&gt;
   
    &lt;div&gt;
      test92194@example.com | $2a$10$G3vmeIe5K./AfFcxTtFHfewwlbqC/8b7VtonQAj0tT0LRcMU6BzXa
    &lt;/div&gt;
   
    &lt;div&gt;
      test92195@example.com | $2a$10$UQ7GCgO4HifWqSAWq2TIIejVsjMEHF.Vkw1m.AnlUkRUKC6ngDKFy
    &lt;/div&gt;
   
    &lt;div&gt;
      test92196@example.com | $2a$10$4gXJKqVL5N8vBHrbWo99HevQa//q2qPKr5TIkAuSmdDhmJ9ukTJEe
    &lt;/div&gt;
   
    &lt;div&gt;
      test92197@example.com | $2a$10$MSRiT3hkCZFDCrOp634V8.Iq9bwT0gwLog9y8vaQX6x29IJKX0Ed.
    &lt;/div&gt;
   
    &lt;div&gt;
      test92198@example.com | $2a$10$144VNlFW.7F0nAWZ9Oqv1OIs1NsqtYD1wt87HOAymJRH9XE5yX/Pq
    &lt;/div&gt;
   
    &lt;div&gt;
      test92199@example.com | $2a$10$iv4gj.JOkG/V9BRuR3gGgupCxb4KAsORmnOynFBUJ0DIZ.Iq29xNi
    &lt;/div&gt;
   
    &lt;div&gt;
      test92200@example.com | $2a$10$JfcdEF608ouDGAJyAYpwsOjh9pW8dshcnypjRamx0uGX13srD.3PG
    &lt;/div&gt;
   
    &lt;div&gt;
      test92201@example.com | $2a$10$vckmb5XL1XU9VsuiKm/obetA0woplWn18hLV/KvEoaCQHZnAIS0sG
    &lt;/div&gt;
   
    &lt;div&gt;
      test92202@example.com | $2a$10$rc5FdVDTrkUUtd9efuCOIegoLGEyIk2sD0ZW3wXSv8WE8.78mbb2.
    &lt;/div&gt;
   
    &lt;div&gt;
      test92203@example.com | $2a$10$tDaRu.TXb3UsCIEySu6rLO4vI35L/quu46Fnts5wCCxnzDZzKjx3.
    &lt;/div&gt;
   
    &lt;div&gt;
      test92204@example.com | $2a$10$NWEsKIxIX8HjBSf.0qDzieerlgdfxHb/0ApXwBdS/vgO1Sfg19j3u
    &lt;/div&gt;
   
    &lt;div&gt;
      test92205@example.com | $2a$10$hHAKbCjpFiMctqZyj8EmyOaZGlli3K7BP4SbqPBnk8waK.uTpdIva
    &lt;/div&gt;
   
    &lt;div&gt;
      test92206@example.com | $2a$10$KiwP.V5vMmjZKeRGZQIUQe9zWo/.teNEREfEI1dfhEGW97LO9G7z6
    &lt;/div&gt;
   
    &lt;div&gt;
      test92207@example.com | $2a$10$OUQPvXrHq37xRfrz0zvYEurNUuhwZVEkndhp6aE5CQd/pFstULFhi
    &lt;/div&gt;
   
    &lt;div&gt;
      test92208@example.com | $2a$10$wuMdSp6sUIhK7Bcm2lnQNeqimR/3UfWkqNWNLKCbu2NuR7PHgJpF.
    &lt;/div&gt;
   
    &lt;div&gt;
      test92209@example.com | $2a$10$XL5RvMUiTUdb3.aWJ2k0TOnjjRlQmW0Pmnb37rUzfoh35hXlOBJla
    &lt;/div&gt;
   
    &lt;div&gt;
      test92210@example.com | $2a$10$Wc1uYXLmE69O.vz3n4igQeXPmEnGtrhReECr9ysVlwIqBpD86e1y6
    &lt;/div&gt;
   
    &lt;div&gt;
      test92211@example.com | $2a$10$30vAjrRcxZ2PkQbZ/tzPFOwatA9dfhEI7xRJI1kTsLtPwb2IPRQUG
    &lt;/div&gt;
   
    &lt;div&gt;
      test92212@example.com | $2a$10$b2yhvz6U8kF9x9DcARgJiO/cFJbSgT6JOop6AJukCMhjg3kXN8Pii
    &lt;/div&gt;
   
    &lt;div&gt;
      test92213@example.com | $2a$10$Z3rEWh8IMO/X3aqK1P2ggO1fvqfDhf/a98zYoeS.RIOJeO5kO3Pyi
    &lt;/div&gt;
   
    &lt;div&gt;
      test92214@example.com | $2a$10$MUSjx2e67rqlwsqJmr.n/uYUPjzd24wIwTIr3LA5nLjjUQ2t1nhLS
    &lt;/div&gt;
   
    &lt;div&gt;
      test92215@example.com | $2a$10$./0VfzjH9ezKam8/BrY2Pe.oZompGKAneONV63nqiKDZ1R6H/Fo2i
    &lt;/div&gt;
   
    &lt;div&gt;
      test92216@example.com | $2a$10$dN99ALFAX.wMrDrffgDxYeJpLTVKPXwE8SfyVgDBeZODDGEHtapoS
    &lt;/div&gt;
   
    &lt;div&gt;
      test92217@example.com | $2a$10$EB/BRgS5UcYe.ALySfStUe47xEaHaQm9Ol5o71WRIhdUJcZ68i93C
    &lt;/div&gt;
   
    &lt;div&gt;
      test92218@example.com | $2a$10$sqMrhBx4A4W/ZSNRm764Jebeu6Z0HynNYgqF7Gc7h/EsoNRAs6LBS
    &lt;/div&gt;
   
    &lt;div&gt;
      test92219@example.com | $2a$10$JxvtlY509O3Ou.2TKytqM.cASHl5TrLwGhpmw3k8FV28ZYLcBO9Hq
    &lt;/div&gt;
   
    &lt;div&gt;
      test92220@example.com | $2a$10$Bv3qah1oVu.0T//edeYiZe9MbyHaBr56rKL75v2ToR812Pldkvb1C
    &lt;/div&gt;
   
    &lt;div&gt;
      test92221@example.com | $2a$10$MHYJcJxpPHO1hl/bK0S3ou2Yrk7olMZRqOJJV3zbhcfsRePqKTIpW
    &lt;/div&gt;
   
    &lt;div&gt;
      test92222@example.com | $2a$10$k7KtSE9Q.e.kIcLa/lkBB.q.9Sqj1PhQ1ogSahbs5sx4xsGqsShgS
    &lt;/div&gt;
   
    &lt;div&gt;
      test92223@example.com | $2a$10$EPUaIBDd0wnYVjB.OWYfM.lgAH1PfhRiTSPr81pE5yTCXxxcaIB7C
    &lt;/div&gt;
   
    &lt;div&gt;
      test92224@example.com | $2a$10$kekYVei8SIJP.3JdvZLhmO11.aV5OloxzpujeQ1M5zqiOetAAQr1m
    &lt;/div&gt;
   
    &lt;div&gt;
      test92225@example.com | $2a$10$zqO9avk2SkrAXAiDdy5wBOTITrECD8/XvC3u2ebCZezOyJ1DDUQEu
    &lt;/div&gt;
   
    &lt;div&gt;
      test92226@example.com | $2a$10$Bhse5gGJORWiQjL9Q7dWA.O7W/7xTdpG21cTssuP9J8h.BX/HL1li
    &lt;/div&gt;
   
    &lt;div&gt;
      test92227@example.com | $2a$10$XBrfe0b4juWYCTO9UF53qu0V0mkPPyHclQoI4M8JcfLjHlRvk7QR2
    &lt;/div&gt;
   
    &lt;div&gt;
      test92228@example.com | $2a$10$mu3wGWjvW0XqYUAfXIwVwOkca.joKs5LZEGkvwTVwpsnpQjPvoZee
    &lt;/div&gt;
   
    &lt;div&gt;
      test92229@example.com | $2a$10$VI6sPDXPY4UjDEu.i8meKORNoIxE5Mr78iCSq/z/kfS37PLIG3DKK
    &lt;/div&gt;
   
    &lt;div&gt;
      test92230@example.com | $2a$10$0jjnGm/EQ4rJghavoIvTDuhT90DTQRdj2U7yxofF6ppzOrPxGw52u
    &lt;/div&gt;
   
    &lt;div&gt;
      test92231@example.com | $2a$10$gnOOnGpB5mhGBd7eZzwz7.lp2KSY4GpGM6wa2qiiAml5u4thwDpAO
    &lt;/div&gt;
   
    &lt;div&gt;
      test92232@example.com | $2a$10$MSAKFN3tykpVS2wmgd8vMOFKSjuIv0BU8R8grWZ42T4nwANX5bDgy
    &lt;/div&gt;
   
    &lt;div&gt;
      test92233@example.com | $2a$10$B57ZaEN3BBkFZ0qP9Sm7keGpqdfRZQIh7mZbp6HOxgyN0j5TaImcG
    &lt;/div&gt;
   
    &lt;div&gt;
      test92234@example.com | $2a$10$VZgOtM7L6zIA6cUotsQeDOnWMSQEfFNYgpM14h6RxEfhRq8X4VETK
    &lt;/div&gt;
   
    &lt;div&gt;
      test92235@example.com | $2a$10$.2l67.3WyzNpaXhN//NJu.Xm3lsXa9e6PRxJ2.otq9F7yqsf1YeK2
    &lt;/div&gt;
   
    &lt;div&gt;
      test92236@example.com | $2a$10$cnktswIGTkb7ZJcdprw0h.pcK17rWZUdr8ZMuKLJ6he1fndJA/CQi
    &lt;/div&gt;
   
    &lt;div&gt;
      test92237@example.com | $2a$10$u4zLuJuXBFzifKLj2xwgYO1HfipJtcewDxJevKrZ4xq2pEzr66sPy
    &lt;/div&gt;
   
    &lt;div&gt;
      test92238@example.com | $2a$10$6/ZlhcUFqe7daNxJJaesTuWxxOtddewqiuI9k2Z/S5aE1d3mkYl7C
    &lt;/div&gt;
   
    &lt;div&gt;
      test92239@example.com | $2a$10$/g5GWJVMbJ/WLTAss8gZu.MtNqtOxzTwG2MqwjKsSkfQWvhoam3BO
    &lt;/div&gt;
   
    &lt;div&gt;
      test92240@example.com | $2a$10$JAmS7nP7WiJ1pUc9beDwg.NnhLLdY/CEjqKbObr5NV3kNziWzt5fW
    &lt;/div&gt;
   
    &lt;div&gt;
      test92241@example.com | $2a$10$ycMamPquTdw00eYg2GS14uXidDvABup8DSQe9w5k1PjF8M0kqW8Ny
    &lt;/div&gt;
   
    &lt;div&gt;
      test92242@example.com | $2a$10$tQH9wBZoO5q6CMGtrnznGuzYk7Yds9jR1AcE9D/utEQC3w/wzQpGS
    &lt;/div&gt;
   
    &lt;div&gt;
      test92243@example.com | $2a$10$j7iNrBMzx8aGo7EMNTDbguoZe0knec6gXUDoC1N9R..uiNBEqUH8G
    &lt;/div&gt;
   
    &lt;div&gt;
      test92244@example.com | $2a$10$vOc46aaPDWqcZAaf1bolAuo7M.jCGSFP8/5wK4dP8I/6oCNsuwRWW
    &lt;/div&gt;
   
    &lt;div&gt;
      test92245@example.com | $2a$10$gccNx545a7nqQjrpXAsqO.bmX2lEGoL1LvOPrXa4hYqasrP7UkYJ.
    &lt;/div&gt;
   
    &lt;div&gt;
      test92246@example.com | $2a$10$NbRXbaY7O0.0Ypyd31AVf.3KIghWeoO0G5G4mSA23YJZW1PrUozHi
    &lt;/div&gt;
   
    &lt;div&gt;
      test92247@example.com | $2a$10$ka0BatCMYxMJKrT.h.XTEOA4Gl9bDW95BSxAM0u3uULAWkl5cuq72
    &lt;/div&gt;
   
    &lt;div&gt;
      test92248@example.com | $2a$10$hlW/ru8vbsUl/0z6i2Qm3uw2/XxBbuNN6EovpoPGjtEXDJBkN3HwC
    &lt;/div&gt;
   
    &lt;div&gt;
      test92249@example.com | $2a$10$s4wQU3AsrY6qaujqlrd/T.XdB7nrZppNwfctdwINsDktpisTzYQ4q
    &lt;/div&gt;
   
    &lt;div&gt;
      test92250@example.com | $2a$10$3bt69ik21ESIkYk4A7Km/uZQsqe3af1uEbIQ39P9wNM2YVK6JGxbC
    &lt;/div&gt;
   
    &lt;div&gt;
      test92251@example.com | $2a$10$xuqMa1U5gPy8OxBSGj80Uute3lrU6.ORtS6AuoKu61ApbUjlw/uCK
    &lt;/div&gt;
   
    &lt;div&gt;
      test92252@example.com | $2a$10$/Cd2DU8gGaC3CyeeXCpWV.e1KbIu88tdnBGnsFroOLE6UUzybDTV2
    &lt;/div&gt;
   
    &lt;div&gt;
      test92253@example.com | $2a$10$MGzehg2kwF7agrs9cdyWyeQOgDnZbTUnBTobfyL0rNHbuwagYRH/e
    &lt;/div&gt;
   
    &lt;div&gt;
      test92254@example.com | $2a$10$8IjHWINalE6t9U7OZLk7gen1ib.9z/DMupXg7IkC/r9awt96N/FiC
    &lt;/div&gt;
   
    &lt;div&gt;
      test92255@example.com | $2a$10$Zu6EINw1NJthvpdzazMGxO0xOuG1KlYGseBXua5wbx6nCrHenxopi
    &lt;/div&gt;
   
    &lt;div&gt;
      test92256@example.com | $2a$10$iWEP7hIG7D8.qC/eQCInz.Bw16AJzumsBfGQzjT4XYTyIOF9cekJO
    &lt;/div&gt;
   
    &lt;div&gt;
      test92257@example.com | $2a$10$IuKQ8N4EGZ5P0e/J3/haEeoKLqSLBqVs7tdBVu6cXeN/nfkOEtITS
    &lt;/div&gt;
   
    &lt;div&gt;
      test92258@example.com | $2a$10$XbJGTVL.CkW9466h9aGPPOkv43ul57ujYxlPi1QBuUoqtn8wDQJJO
    &lt;/div&gt;
   
    &lt;div&gt;
      test92259@example.com | $2a$10$Hy62XJI9Nx7ckzwgti2V5u3tIRMuE5clL1AV80G9IHgCziThlxfsu
    &lt;/div&gt;
   
    &lt;div&gt;
      test92260@example.com | $2a$10$QiU6ZPRDOM4OfEcSI7KwYOCH.X1YUcJgeLSDpHC0ges/M3diyYHCm
    &lt;/div&gt;
   
    &lt;div&gt;
      test92261@example.com | $2a$10$d4r1s/LAQAFhsDpHPUtq8u87ALvuQaZItgEcmrHxnjw9pAb.p1Aba
    &lt;/div&gt;
   
    &lt;div&gt;
      test92262@example.com | $2a$10$qKwSRNE4XrKp/doPLP2CFuLYDymZbr9.v2x0XUuw8PFyBnx1TQ2Ke
    &lt;/div&gt;
   
    &lt;div&gt;
      test92263@example.com | $2a$10$OiPte4OHIJdVsOYVAq0hKejnmm/Jkzp9ItAK6WeCZo6y0HC40LZea
    &lt;/div&gt;
   
    &lt;div&gt;
      test92264@example.com | $2a$10$98nUD5kE7.yy4LuXSG2koeAryPk4mspjwS.NN/eLSrL.r0pMVPnqa
    &lt;/div&gt;
   
    &lt;div&gt;
      test92265@example.com | $2a$10$cDjuM5IwJZJl2R5xtrjyOeIQwOY0C4YSfx1QyYrcfHJddulRoyVIS
    &lt;/div&gt;
   
    &lt;div&gt;
      test92266@example.com | $2a$10$BvGVpLCIqEdR/3Jhr3kqROv6wtbwEIL2TzSTE5BznIuyK6Y6Ku2qO
    &lt;/div&gt;
   
    &lt;div&gt;
      test92267@example.com | $2a$10$AVTtpUmZZEflp4yUVjHp6.1FhD6/oRFnjIz5b3MFFa1GDuX/cTave
    &lt;/div&gt;
   
    &lt;div&gt;
      test92268@example.com | $2a$10$qsNvwyW2SoinnmLGAlPrPOt0Z7fWKUQsmppGfxCIRqh6hXRQIY7Ua
    &lt;/div&gt;
   
    &lt;div&gt;
      test92269@example.com | $2a$10$9v88rBoDNpOjeqzkXW5jOu//CFRLAzn14zTaMxg22gtJcL5pd0DIO
    &lt;/div&gt;
   
    &lt;div&gt;
      test92270@example.com | $2a$10$m4gWZ3v3FbThyJmMo3sUxuxi8LciaT8nQLQaJRA184RAl/p5GbfRW
    &lt;/div&gt;
   
    &lt;div&gt;
      test92271@example.com | $2a$10$aatzykYCOsKA93AbAh5s9OIOeFp8z2xKr/fQUYg9ydao1lPTglXuW
    &lt;/div&gt;
   
    &lt;div&gt;
      test92272@example.com | $2a$10$nQv52fmzVnDCD.8avZmm.uhpoo8Ql.1BkgmD8J4OmoUyfc6xwBSAe
    &lt;/div&gt;
   
    &lt;div&gt;
      test92273@example.com | $2a$10$4ilrJYpemHy/X15goa6qRuq2sZnlOwI1pCgNxOmvmI196vCdBeV5y
    &lt;/div&gt;
   
    &lt;div&gt;
      test92274@example.com | $2a$10$I9updLtNn0iO.iL/.5N0R.jhAdpC3AwzAHHInoqgbjrv4vp0LGDZ.
    &lt;/div&gt;
   
    &lt;div&gt;
      test92275@example.com | $2a$10$3x172/CZ0I6BUOSdDqY4g.jQdAmL4Nbm8jyNneeyrA1vGiCwmcLJW
    &lt;/div&gt;
   
    &lt;div&gt;
      test92276@example.com | $2a$10$aoZ8XSyo0GaknFgv21s/eu82C9DFsB2XqfTI6zzM.CnfGQ3ZvkEsK
    &lt;/div&gt;
   
    &lt;div&gt;
      test92277@example.com | $2a$10$7jYnwNP2KVh2dc2inKQQa.rwkbkU/Ue.OZX4CcUpKLJoFf1.2mOiq
    &lt;/div&gt;
   
    &lt;div&gt;
      test92278@example.com | $2a$10$mahit.5ZfHAG1dz9mUk2ZelRFZf6XZeGhMW/fKWmH12BD6LTijnxi
    &lt;/div&gt;
   
    &lt;div&gt;
      test92279@example.com | $2a$10$OC4kozOsevfX6jeqvm3Dye8He87jYF7mvxpro46njbNFmpwph.Zge
    &lt;/div&gt;
   
    &lt;div&gt;
      test92280@example.com | $2a$10$anBuVdQi/ZBftVBadsAmle77mVWq2TWfGqJFVZAA4n4xWz.A3yZpi
    &lt;/div&gt;
   
    &lt;div&gt;
      test92281@example.com | $2a$10$xGHfqxK/7MXILrp38IjZX./nuHEjoozNsDN4/OV5mAomYn2bla0Lm
    &lt;/div&gt;
   
    &lt;div&gt;
      test92282@example.com | $2a$10$p2iQZl7Wl.lhP0FsBdYVFOHg8f39krAziJLZhWcHn57GCGoTDyH6.
    &lt;/div&gt;
   
    &lt;div&gt;
      test92283@example.com | $2a$10$EWrSoZRN6BOb9HfhPH.PuOL1FTUYBdLUH3WpLp5ltYyK7GStutEHi
    &lt;/div&gt;
   
    &lt;div&gt;
      test92284@example.com | $2a$10$0oIqp/PWSSRm4GkQkzbEPOP/xymwzjwt1/i5lniAfjnjS6Xw5hwIa
    &lt;/div&gt;
   
    &lt;div&gt;
      test92285@example.com | $2a$10$GJpkDiNa/rdTBXvK9HDzcur.FAMI9hozOih2db5iizQBr9FF7QvMi
    &lt;/div&gt;
   
    &lt;div&gt;
      test92286@example.com | $2a$10$QDD0nMmNPBoQ5waQaYTMueytSPp.5BiyP9KHOL9cDs0SstrRQ289u
    &lt;/div&gt;
   
    &lt;div&gt;
      test92287@example.com | $2a$10$k0OpjDfjzj4GPrvj1iwFZu0ozwsKqWcz9K0CfqoelQ377i8SJxA06
    &lt;/div&gt;
   
    &lt;div&gt;
      test92288@example.com | $2a$10$u5KxidILPt2I.zzZnIgFr.9l4Oe.N47qeKoLTTN/gRWAwTNebJOee
    &lt;/div&gt;
   
    &lt;div&gt;
      test92289@example.com | $2a$10$iU1eYpiKxmvALcg3n1Bh2.IY.rRwXaTDuGXEjXFCcVesePga.Ewqu
    &lt;/div&gt;
   
    &lt;div&gt;
      test92290@example.com | $2a$10$4u4MQvMBRB8XvoNDXrbEle/Fropa9h.wSjymXnThZM37iNUtisprC
    &lt;/div&gt;
   
    &lt;div&gt;
      test92291@example.com | $2a$10$5V7zR8FLjeFOmcHlqvuPaO/W.DeLRLUgRcHl4TMZDh7XxJCtb1g2i
    &lt;/div&gt;
   
    &lt;div&gt;
      test92292@example.com | $2a$10$825eV/s0AlTTaaYx6Ranoe.9lMvm6p1/3bLglcXpZvqhwGdylGSzS
    &lt;/div&gt;
   
    &lt;div&gt;
      test92293@example.com | $2a$10$QA3a3jRUJC/UDAptItXyNOr.voMvwL9xhMuw3YB5FZU.eyVCT6.5G
    &lt;/div&gt;
   
    &lt;div&gt;
      test92294@example.com | $2a$10$u5wgtY6XaKQfIV9Nhtz0cOhidGB6d0CzVq18/bru016tm9uesYIdC
    &lt;/div&gt;
   
    &lt;div&gt;
      test92295@example.com | $2a$10$4DlxRm9wKulfaEWfqsPQNO.NaaU7YZ7A83LG5GjRrWekurDjQZEmi
    &lt;/div&gt;
   
    &lt;div&gt;
      test92296@example.com | $2a$10$SF/mjMJRtPGRCH/jGXwdYuGJbcBDwuc9Y3dRXhAkE/KDey5Op9lD.
    &lt;/div&gt;
   
    &lt;div&gt;
      test92297@example.com | $2a$10$y3f0HqB.HW.eYO5cI.OWXupX327vU6Na44owvELlh.jo9bbvAgk42
    &lt;/div&gt;
   
    &lt;div&gt;
      test92298@example.com | $2a$10$IuPZ07US1lMTCadarDUanuN641TZ0L6PaWwRa5U1/.RVbhp4hqizq
    &lt;/div&gt;
   
    &lt;div&gt;
      test92299@example.com | $2a$10$di.zZH5E40yt3VpjVwcDbehHVrQfqatlDscKvhJzDdlVzWvFbLR7u
    &lt;/div&gt;
   
    &lt;div&gt;
      test92300@example.com | $2a$10$JZVj7B9DnvzLZ1k.k0r3xuoS0NKy9fiZBgiOyfq1nAtuwFpAwC.Ou
    &lt;/div&gt;
   
    &lt;div&gt;
      test92301@example.com | $2a$10$6ny7Vzyb40Ty6JbqTl6Y9O4467/nyGqhD10Vb5/CX4QmqiOc4FuG2
    &lt;/div&gt;
   
    &lt;div&gt;
      test92302@example.com | $2a$10$fWxT925P8sVaivdjggzyM.FeXjn7YVCHtZu3OwMJI7FUaHe8PBzIm
    &lt;/div&gt;
   
    &lt;div&gt;
      test92303@example.com | $2a$10$89j1Ra8nZ7K7oW03CSjzAu8m.FusZ69NZ79tzL.m77MMCTz66GmNe
    &lt;/div&gt;
   
    &lt;div&gt;
      test92304@example.com | $2a$10$WLDAU3BewG57Rjg1VPYfeernXUCOpzhG1Wfb9Yu6xU4nLmMRos9ba
    &lt;/div&gt;
   
    &lt;div&gt;
      test92305@example.com | $2a$10$GyKM86kRGQuEHilw1MiAke0IT.O2NmLST5OXymf/5N9VBcqhv4Uum
    &lt;/div&gt;
   
    &lt;div&gt;
      test92306@example.com | $2a$10$zZoB5tB0Wye/RAY9bQXnOezHoAblw2f6.0L.3Z56CONcgL3IPy3dW
    &lt;/div&gt;
   
    &lt;div&gt;
      test92307@example.com | $2a$10$uMbaUPoGrDidBvwGB3Y/J.KuO1ZwV8RCO0Nv.IFVoYXt45DZYAePK
    &lt;/div&gt;
   
    &lt;div&gt;
      test92308@example.com | $2a$10$nSCX5zg0DySbkWfrs.SBr.iRiboeTS/zfQQSEQPUwyWu3ZAg535HG
    &lt;/div&gt;
   
    &lt;div&gt;
      test92309@example.com | $2a$10$lnDoeuAfbO8yAf/cHxIxZentTM2q7s18GZzygFgBnaX2XuaUfMxJe
    &lt;/div&gt;
   
    &lt;div&gt;
      test92310@example.com | $2a$10$ZH52Im7TdbCX4eD2.d8P/.kD2sveMv4F1UkU24hFvXfS/iyDRvL7G
    &lt;/div&gt;
   
    &lt;div&gt;
      test92311@example.com | $2a$10$q7pPJLh1IacsdfEXk84xWe5rIEgYOwsV083dyzgCF1OXR38C8dDlm
    &lt;/div&gt;
   
    &lt;div&gt;
      test92312@example.com | $2a$10$H7wxjJrPGyaAKZo12Fg7mu5g5jnFzgdIV.e5D8i.YZBQvyFbMBHIK
    &lt;/div&gt;
   
    &lt;div&gt;
      test92313@example.com | $2a$10$1ZriTaw3V8dAeZ4t9nsLQ.zqv6BRJ6EDnbrEj9JFxc5JtmchahSkS
    &lt;/div&gt;
   
    &lt;div&gt;
      test92314@example.com | $2a$10$XNkticsdTnosN5Po3RUa8uoIwHyPKoIKACM.HmFiURiXV4.H8yGnG
    &lt;/div&gt;
   
    &lt;div&gt;
      test92315@example.com | $2a$10$VxJAp9h/DhnUbJuJ94FA.eDCaupefY1uX3D0iOAmL.L0L49P1x84y
    &lt;/div&gt;
   
    &lt;div&gt;
      test92316@example.com | $2a$10$VA5EpUm1OYEEcKeaoOVTm.0oK06pCE.DjVBYm6.2dNqU5HQB4zPUW
    &lt;/div&gt;
   
    &lt;div&gt;
      test92317@example.com | $2a$10$y71TXuGry4x3OkT7O5dsYO6whMz8vUBHgfrQilkZLmFWRghjVc4iS
    &lt;/div&gt;
   
    &lt;div&gt;
      test92318@example.com | $2a$10$07ygNmCEflfFm8B7g3z1hur9/d/r/WqXizpx2.kYBKYO5aOf/Qbqq
    &lt;/div&gt;
   
    &lt;div&gt;
      test92319@example.com | $2a$10$QG9F5KZvMJurqJq89iXR1u1i1v.MW.FsjrOI1y10knDTfpEhe2bNS
    &lt;/div&gt;
   
    &lt;div&gt;
      test92320@example.com | $2a$10$y7Rmx1NN/SaTjySRT6/N9uqV5HBBA2J3u8b7vphPLM7yC0XEXia4m
    &lt;/div&gt;
   
    &lt;div&gt;
      test92321@example.com | $2a$10$7irJ0yyGG3m03fgZf.HyT.n/rHBl5Hl4t0XBgJUVrV8GyWl9gsXf2
    &lt;/div&gt;
   
    &lt;div&gt;
      test92322@example.com | $2a$10$5./0BnfTd4YfWUGB2in.W.76OtImHO67HNQN.iR/4t29S4AdruPzi
    &lt;/div&gt;
   
    &lt;div&gt;
      test92323@example.com | $2a$10$GHPjl5zMhqvDw04UYwtEY.V.Czy1ESrK2H4vEdrol9vWzgCT5kbCO
    &lt;/div&gt;
   
    &lt;div&gt;
      test92324@example.com | $2a$10$k7nvXnZImF42JN5YJ4l8xeXKhyhDFCY.XgNBErVFASwStSyKVDPTW
    &lt;/div&gt;
   
    &lt;div&gt;
      test92325@example.com | $2a$10$tfmwPXGcf4N1P8tWCEeouuG6FQuLt6IZGbFkEFMFUWyOI2LHBSWxi
    &lt;/div&gt;
   
    &lt;div&gt;
      test92326@example.com | $2a$10$GKU6YSfaANch1qxjSmPhn.g.NpL8doPweEWmFns1fX70Ygw8whYHW
    &lt;/div&gt;
   
    &lt;div&gt;
      test92327@example.com | $2a$10$e.eaEg/wLsKRf8A0JcPhY.MsH8ZYfcgQFiJHXvWhzjdbbzUOmsuzS
    &lt;/div&gt;
   
    &lt;div&gt;
      test92328@example.com | $2a$10$W4hKdR23JuXumdInp2vOLO.sXbxYiL.jIhdY7wlXUPsZm5laK8izi
    &lt;/div&gt;
   
    &lt;div&gt;
      test92329@example.com | $2a$10$W0HjqtZvj2MYzPwJmn3cSOSHg1e/BGbsHjejqPaBkFlrOichROFC6
    &lt;/div&gt;
   
    &lt;div&gt;
      test92330@example.com | $2a$10$N3XrFsibfqdPqwimE0rGVejfNGt7IrSdsuewQmNOyP6xe20d5Hria
    &lt;/div&gt;
   
    &lt;div&gt;
      test92331@example.com | $2a$10$VfRtoiuZBUwIfP.QT2GoWe8RzHWyccylO0T2./noQ0TcY39bgDU/a
    &lt;/div&gt;
   
    &lt;div&gt;
      test92332@example.com | $2a$10$Y/KnGYn64hQsn/GB4nRUKeAVA13JhOvK2kTt7pC6Nqp28qm6u7TqW
    &lt;/div&gt;
   
    &lt;div&gt;
      test92333@example.com | $2a$10$MCkHEp/gL9Q3nR7Xu9puOu0GL4vKmC/98XaTVMBJQx3tBMYRIB6Yq
    &lt;/div&gt;
   
    &lt;div&gt;
      test92334@example.com | $2a$10$gDOr2FzbGyRbjurjCEfNXe.dlaHyeTWkQy4s5C7SRw.PDphJPula2
    &lt;/div&gt;
   
    &lt;div&gt;
      test92335@example.com | $2a$10$wKl7qGqmoTMVCHoanuNZQuURj89duyiHQpMDoZIHKPhzifzAP4JgS
    &lt;/div&gt;
   
    &lt;div&gt;
      test92336@example.com | $2a$10$0VSC0E8IUy18r.wVyI/0pOpxV4y8eRUPhWjz6gYjtlZVSh1eKRE8e
    &lt;/div&gt;
   
    &lt;div&gt;
      test92337@example.com | $2a$10$od7xGBupfzVRAYtbO0p1FuurzI5tUX1ZnCw2Hz56PKcTl/ATwhrWi
    &lt;/div&gt;
   
    &lt;div&gt;
      test92338@example.com | $2a$10$.SfksaX7CbvlCfQSRNunFO.fuGL1tIdpbjCHQj6FReTjUu1AMfGdO
    &lt;/div&gt;
   
    &lt;div&gt;
      test92339@example.com | $2a$10$1vlrMt.3ohbetldQcrqbqO.FPgxUWNM7S75j1VLAU/cy0eQwNJ46e
    &lt;/div&gt;
   
    &lt;div&gt;
      test92340@example.com | $2a$10$RyG6obX3/k2o0X5SLu55Fez0SRTFzksfBIgcJLpttfGQo950H.hWi
    &lt;/div&gt;
   
    &lt;div&gt;
      test92341@example.com | $2a$10$hzK1j4wEzKu6ur9ZLio/D.uO65FtLOqzqfHmKVl2ixEJCQjDrGFbe
    &lt;/div&gt;
   
    &lt;div&gt;
      test92342@example.com | $2a$10$NOal7YN1zS4TasxaK/zLUO2USBBivtLK96VHHw71.S0YEhkI.4Uy2
    &lt;/div&gt;
   
    &lt;div&gt;
      test92343@example.com | $2a$10$p4ipZyD4Oxl1.LeVSdPDheZlPqTUljobCTmDC1KLM2EWxAyBGLmmu
    &lt;/div&gt;
   
    &lt;div&gt;
      test92344@example.com | $2a$10$9zN1xMeOp/r5og1V89aCa.IaXvEZSFq2EUsuKqpJrY8I8NzkPTU3a
    &lt;/div&gt;
   
    &lt;div&gt;
      test92345@example.com | $2a$10$IWKVTGUa.cNCTpkATDp2nenLQszLScxAogJs/h48vk2qxhOHKA..O
    &lt;/div&gt;
   
    &lt;div&gt;
      test92346@example.com | $2a$10$LDSpGVn.Q2wip4NMRjL4Iu8YAOfMydUiJVD7gxcbAy9ue0KqKk3PO
    &lt;/div&gt;
   
    &lt;div&gt;
      test92347@example.com | $2a$10$I9xBSxIcrzZoVMaFLIGa9ekZFLfC5DwYf7eDRnejIvz.P.XKJnADW
    &lt;/div&gt;
   
    &lt;div&gt;
      test92348@example.com | $2a$10$N1ilm14c4ox0p3Fk9n2wtO.R2WAqhwwto/cXvCwAxdRJVA6HHGggO
    &lt;/div&gt;
   
    &lt;div&gt;
      test92349@example.com | $2a$10$FYuhiKenIMfNsxhyNmNGr.xCwk1EE.dv77h/yPpt0NWCUtoszO55S
    &lt;/div&gt;
   
    &lt;div&gt;
      test92350@example.com | $2a$10$HBUEsueoxLj5AcsB7WcvgOOK4CoxEuy3Nbyl9SQabS8LJ45GTTaHG
    &lt;/div&gt;
   
    &lt;div&gt;
      test92351@example.com | $2a$10$V.fhOAn.bWbyddDm9xfkxO0HvAhGhkubCrFtmTAPDK8MRY4umKYFa
    &lt;/div&gt;
   
    &lt;div&gt;
      test92352@example.com | $2a$10$NFvznuD8Z96YxD7/BMuhO.69yOELmfTFntzVbI19hsMyE7KjKM6Fe
    &lt;/div&gt;
   
    &lt;div&gt;
      test92353@example.com | $2a$10$cJPXQwiS.lIOgqw1EW9EieV5dsfnfwo0b0X1h1AtiC0oP91zvD8sq
    &lt;/div&gt;
   
    &lt;div&gt;
      test92354@example.com | $2a$10$zz6XNdf3z2ld5rVvkoQszeyNozVE6FINhAnjcP.av5LQcnIR7xY1a
    &lt;/div&gt;
   
    &lt;div&gt;
      test92355@example.com | $2a$10$HLf9u1KYEaseqqOQwL8p9e.w4sJncg.d31YM2KcYGXa6rrffCKBnq
    &lt;/div&gt;
   
    &lt;div&gt;
      test92356@example.com | $2a$10$Z5ld/2MKEXsd2XvKrtZ9CugZwFnXqI8AZL13cnicodzmJszwzGNsm
    &lt;/div&gt;
   
    &lt;div&gt;
      test92357@example.com | $2a$10$gwLEFRIrNPkBEe.5ajjLluT3zlAMC2hKt7NVfvuwpUP4Sj1KZIUSO
    &lt;/div&gt;
   
    &lt;div&gt;
      test92358@example.com | $2a$10$6lEZ66sV2Ei8gloGZaQ03uS3cK2cJ.PJh9bqMtgmgf87f8HYgaEnK
    &lt;/div&gt;
   
    &lt;div&gt;
      test92359@example.com | $2a$10$kNDZrfKSQYFsFmz6PyPgL.csDgotmzz8hmHP2R9MG0H5q5ZgNUxCq
    &lt;/div&gt;
   
    &lt;div&gt;
      test92360@example.com | $2a$10$FaJkFPAZwWFtXmQD8nq47.Iq1yNn.Dy5OnD1HSWa8a06EDAYPt326
    &lt;/div&gt;
   
    &lt;div&gt;
      test92361@example.com | $2a$10$ki5LarNXJE6VLO2fl2kXEOIqVDFXtoMpVUS5O6EBp4ul1ckpSQqC6
    &lt;/div&gt;
   
    &lt;div&gt;
      test92362@example.com | $2a$10$WMVdL.YQNANCtOFQijw0ROv5jhfDEqmVzfdG0vUrbZkjzws188fru
    &lt;/div&gt;
   
    &lt;div&gt;
      test92363@example.com | $2a$10$3u2P5TlQB3b/FdUuuThmjOIHhQS1zfSE9KSZ.OFJudyhjiNj4OwhG
    &lt;/div&gt;
   
    &lt;div&gt;
      test92364@example.com | $2a$10$XmWRar8oIx0WPF7LrHg4helOxCdJyNE2VaDfX4jjBOsZ2X33SQd4K
    &lt;/div&gt;
   
    &lt;div&gt;
      test92365@example.com | $2a$10$HB6SQFN/EZ3SpV16MAdyJu5OYFJzGxrEjI10Sf56p6q5syjs6HnoC
    &lt;/div&gt;
   
    &lt;div&gt;
      test92366@example.com | $2a$10$Xn8U0..Kk9.qeZ.HeuXgoOODlX0rqGJNHYZmLwWBDlPhhXt3tAE6i
    &lt;/div&gt;
   
    &lt;div&gt;
      test92367@example.com | $2a$10$zREfrN/NPSemCbwMyaHqcefUdUbBT/.mR1DdzERWcXH9PKTriyxRS
    &lt;/div&gt;
   
    &lt;div&gt;
      test92368@example.com | $2a$10$F3Jt21h3jzdEEy/22D2QJuRNPlvS1DaHEpllC4RyaYIDEK.ELBqwy
    &lt;/div&gt;
   
    &lt;div&gt;
      test92369@example.com | $2a$10$6XKsOBWUwNm9DVrVV.K/Ju0w9imvDXiCNq54SEBjWT7KfOVCqkkR2
    &lt;/div&gt;
   
    &lt;div&gt;
      test92370@example.com | $2a$10$/PKRr8Z8j3B62uEkTspECeOEDcjE5lzVFedivnR978LvDjpQJGOEG
    &lt;/div&gt;
   
    &lt;div&gt;
      test92371@example.com | $2a$10$pMNmbybUNcryLJcGqJgyue1GK9xMTY2rNHPrBbOkzG64CXc5ONa2y
    &lt;/div&gt;
   
    &lt;div&gt;
      test92372@example.com | $2a$10$mDKCH8HAEAiQnj.kFVU4FO57vf81XrWIVB9GwdKCFs0qKsmYJf0Ru
    &lt;/div&gt;
   
    &lt;div&gt;
      test92373@example.com | $2a$10$GdwYKGGlQkAcVAxcuNmxt.r6Y8MqhBwu45ESoso12GJ5untjDCD56
    &lt;/div&gt;
   
    &lt;div&gt;
      test92374@example.com | $2a$10$iuBsVxneuCZnIKMQdFbYXu8atnBpREGX7zhydk9NpOqNHaEwLqXFK
    &lt;/div&gt;
   
    &lt;div&gt;
      test92375@example.com | $2a$10$se9gzZqvkT5to7XOHqa7n.YfTeUNSqNL8mBhspUn9SJR25amb3vB.
    &lt;/div&gt;
   
    &lt;div&gt;
      test92376@example.com | $2a$10$YcXotj0wY4u3BnTZR5WnDOeRI05zzqqNudL5.dHEL2Ed7Zupbx9Yu
    &lt;/div&gt;
   
    &lt;div&gt;
      test92377@example.com | $2a$10$IlZy.0WTzuVRdL.YyYd0E.PK458Qa3IXDmbLsbf9rCqNe7p8rXn2m
    &lt;/div&gt;
   
    &lt;div&gt;
      test92378@example.com | $2a$10$3hPZeJmjhxNgf6pCDjkhEuH2FKM6yzGjQZH.Q7GegUkmPm3s1K/CS
    &lt;/div&gt;
   
    &lt;div&gt;
      test92379@example.com | $2a$10$JKPgznpB.NuaK5Jvh5gMC.bcz3Xn7/r5H3BTvGtzHLfOwY/EZShLS
    &lt;/div&gt;
   
    &lt;div&gt;
      test92380@example.com | $2a$10$h9475nC/1G4pCQvcfYsZOu4SzagTYD5J8iHS..CqXKWo6ckl0yjOi
    &lt;/div&gt;
   
    &lt;div&gt;
      test92381@example.com | $2a$10$3P1K30dmVPdO5PfC108nN.8s.fOtpI6tbN8pWlfrqIBtYJqO4q4z6
    &lt;/div&gt;
   
    &lt;div&gt;
      test92382@example.com | $2a$10$0y.PeWvl9wXwb.JiIwcb3egOxxsYRZH3wjR1oEz.jxNDcWa7vd8pS
    &lt;/div&gt;
   
    &lt;div&gt;
      test92383@example.com | $2a$10$0.MlrYQdbiiBr4vP0U70.OAdHckgEnl0CIHyphDjEjlVcS0.FB0C.
    &lt;/div&gt;
   
    &lt;div&gt;
      test92384@example.com | $2a$10$KbKtPrdLU5mvRJipnZnAg.6tnlJjtWHhUnROyCGXCMSIpLRgx0HhS
    &lt;/div&gt;
   
    &lt;div&gt;
      test92385@example.com | $2a$10$4odGwTeyxH.yC17Edv7NGuTkZ8XgX1ppjIZoNH7iWVLFyETChOOjS
    &lt;/div&gt;
   
    &lt;div&gt;
      test92386@example.com | $2a$10$8gMA4PEJ1E8ESQaRiJrv7.Kb3jvl1pseQqD2zuMbrbE3v95gPtIUW
    &lt;/div&gt;
   
    &lt;div&gt;
      test92387@example.com | $2a$10$c8nT24aqmQ1yzxLeiX//HOMrrpoKXD9NEW75diXEkK7mDqdgBhAIi
    &lt;/div&gt;
   
    &lt;div&gt;
      test92388@example.com | $2a$10$wkR0XzUgRHLyhmOkABilTuZsZlrxMN8osV0PG1JwpRGlNGq9zo7de
    &lt;/div&gt;
   
    &lt;div&gt;
      test92389@example.com | $2a$10$lcEo2EtHxgSs0Z45FtVdN.mpy53S/Spqm/y9TXG4udxnpRHj/CHbW
    &lt;/div&gt;
   
    &lt;div&gt;
      test92390@example.com | $2a$10$kim2jHzJBfSHxkOExyyYLewJdCZhK4Ir./plQ7X5lye3QeWx1xiNG
    &lt;/div&gt;
   
    &lt;div&gt;
      test92391@example.com | $2a$10$jUH2zT34b5./g9gH30iSL.UgF6nxf2N3/8JPdsGELd77NqSJDoJVe
    &lt;/div&gt;
   
    &lt;div&gt;
      test92392@example.com | $2a$10$jWTCSoqcgvsj/ONWJJpiHenHh79rUeT5OSJNnFZSv9o.d3Rg6DN8y
    &lt;/div&gt;
   
    &lt;div&gt;
      test92393@example.com | $2a$10$6oC1Mch2F.9mUp6rug6hS.MF1RmuIm1CjXGamVcnbCOZgLcbbPj6C
    &lt;/div&gt;
   
    &lt;div&gt;
      test92394@example.com | $2a$10$LUN89g/4xPm9ZLcKc8mZiO3Pa5LkIhH6h4XS9xT6IJS7GTDFxTG2W
    &lt;/div&gt;
   
    &lt;div&gt;
      test92395@example.com | $2a$10$wEMsLem23WHAe/9dFci2VeiRPQmOQjBlemciT32nRKoiWa0tOf60y
    &lt;/div&gt;
   
    &lt;div&gt;
      test92396@example.com | $2a$10$OhMhfjXETUTWKrFGxPMmE.B3Md0WguDoC6LOGAURviJTBUU1Vyo7O
    &lt;/div&gt;
   
    &lt;div&gt;
      test92397@example.com | $2a$10$iIh4gFCkPH8xYNijCU8AeuQjvOsjo04JnF4YVwoO.RfvhuYKEP4OK
    &lt;/div&gt;
   
    &lt;div&gt;
      test92398@example.com | $2a$10$tynWbto9dJ9U5WmFV2mon.KMSOLVzb4zP.QP5o2.wtFIz6rEctKKK
    &lt;/div&gt;
   
    &lt;div&gt;
      test92399@example.com | $2a$10$pdMq0Rn5puBMB2mZZX95WuUbkSt0FVm4P0ui2Ltbi2ysP35P1E/BG
    &lt;/div&gt;
   
    &lt;div&gt;
      test92400@example.com | $2a$10$kBCu8motRykppdLVUFKBf.I67ZEWeQfdwEgxsRiGFf5DGuY4tuPei
    &lt;/div&gt;
   
    &lt;div&gt;
      test92401@example.com | $2a$10$j4QfizlzO8KSnq0vGN0dde5SwOT6.EwlIlcWkWVzsKoKZ3hLqt3FW
    &lt;/div&gt;
   
    &lt;div&gt;
      test92402@example.com | $2a$10$30kUh3E7dPAU2g1kzVAeC.Fj5v.LhR/.tnoH.nO97fCYyXzXagOAa
    &lt;/div&gt;
   
    &lt;div&gt;
      test92403@example.com | $2a$10$Hqf0XIEysZKDX/vRlm5nH.lEErAEOKdZ6vCvX9y2D8ctc6EMkl3Ga
    &lt;/div&gt;
   
    &lt;div&gt;
      test92404@example.com | $2a$10$nQ6ru1yPlLueHihkoQn8qekzphB4y8DxOU.jyJd..5iJjZiTOP3wW
    &lt;/div&gt;
   
    &lt;div&gt;
      test92405@example.com | $2a$10$FzdCUOuRv7UfIDiWHaTp9ulBYAR7q0AldBLHMYOzS21qXay3JuT2e
    &lt;/div&gt;
   
    &lt;div&gt;
      test92406@example.com | $2a$10$cFwtxq6yXTTdtzg8utfRxeeIqbb5qDhXsh7PvzwXekSd2RSOry6T6
    &lt;/div&gt;
   
    &lt;div&gt;
      test92407@example.com | $2a$10$3fSoMmTITiAdkpHAmRG7tO0SMUwb.S1z3C8I6eAJNcR.T9.Hi8NSq
    &lt;/div&gt;
   
    &lt;div&gt;
      test92408@example.com | $2a$10$9L1mS7wSha7OlIuOHtz7EeKFXjcAGtNXYuKD9KyVi5H/7W/.sJO9W
    &lt;/div&gt;
   
    &lt;div&gt;
      test92409@example.com | $2a$10$qgufQ1uJf9cY83Mhz6c/peDc.2ewjF7XA7wGrO9wYZvr8vf8vaR0K
    &lt;/div&gt;
   
    &lt;div&gt;
      test92410@example.com | $2a$10$Baq3LP5JD5hJ4zaIE2KhKuFXExJ9qpIv48QeNfEpjxVNlEf7Ok1eS
    &lt;/div&gt;
   
    &lt;div&gt;
      test92411@example.com | $2a$10$EfJKuuLtmO2OsJKU9nfsMuZfGLPed8gd8DtcUVHgJiYLf2vnafo3i
    &lt;/div&gt;
   
    &lt;div&gt;
      test92412@example.com | $2a$10$E2Qakrga1ad.6jHnyUe5DOGornrHlnzuq3.w5dtgmxfzUdd8aJm5e
    &lt;/div&gt;
   
    &lt;div&gt;
      test92413@example.com | $2a$10$3of0igbjDd0/YR7NzU9V1OwXKHd3jvRpGE5IaAMz2N7vAqW0bXFs6
    &lt;/div&gt;
   
    &lt;div&gt;
      test92414@example.com | $2a$10$9OfK8UP8mXl59ywLOv7JiuDnkNLKCUCqZxblVtX6zQQJO1YQjXM5O
    &lt;/div&gt;
   
    &lt;div&gt;
      test92415@example.com | $2a$10$4uHaNFW8a5upMshv.cn5..96t8qK5vUDpiduV9gOWrX/Ga69dFkQC
    &lt;/div&gt;
   
    &lt;div&gt;
      test92416@example.com | $2a$10$RXR8wiZ7UXFaQHoB0mvf5.9F8THTfwGYJzzfJU/lLunLH9Geqhwka
    &lt;/div&gt;
   
    &lt;div&gt;
      test92417@example.com | $2a$10$4vDkbXljrcQZlU4i8MhGMuYc/L21kEQP8cdmDiaJgzXWLETB2psVC
    &lt;/div&gt;
   
    &lt;div&gt;
      test92418@example.com | $2a$10$zZ4BZ2NVsy4iD9rwAVoIru3TpAGq41x1iA4MXFw.6nRT6ugWqsVfS
    &lt;/div&gt;
   
    &lt;div&gt;
      test92419@example.com | $2a$10$gkhjRCxdpmqfI4ywI8PSR.rd1KkfRpnvsnITB4xE7XSjFGjYrc31e
    &lt;/div&gt;
   
    &lt;div&gt;
      test92420@example.com | $2a$10$Q1jcw4VTjcdqF6hU4W9C0u1DfqR5GE/Dh1OJHgnb.N7nHshSC54WG
    &lt;/div&gt;
   
    &lt;div&gt;
      test92421@example.com | $2a$10$eX/iqo4fKylZrFp0Ma4w9eqg.f8O7M0al2wYO4p4ypW/ZhejT2GSu
    &lt;/div&gt;
   
    &lt;div&gt;
      test92422@example.com | $2a$10$Hyma5GSYcc0OFNSuqKOvvO5byI.lHLen4yUfSPdIxSw7Sj19yBKxe
    &lt;/div&gt;
   
    &lt;div&gt;
      test92423@example.com | $2a$10$1E1uRPkvDo2z06MJPTxzRuEORck2s0XhD.SqsQGM3asaiGyjbSYmm
    &lt;/div&gt;
   
    &lt;div&gt;
      test92424@example.com | $2a$10$TpP7q3/qARmFfzLCU6MYhOvjFS0ct47FZ.fM.9usp8FnTscOSDcyu
    &lt;/div&gt;
   
    &lt;div&gt;
      test92425@example.com | $2a$10$l3mbGlEB12P2IJuT7Ms8I.AwSvAlpN3SFIv8w7C5H8f49FRIm08fy
    &lt;/div&gt;
   
    &lt;div&gt;
      test92426@example.com | $2a$10$rzvJjXEmvmu7WW/DCKjSD.okk3/V8oS4ITSjN7Oi.S8Ekfx4BnyDC
    &lt;/div&gt;
   
    &lt;div&gt;
      test92427@example.com | $2a$10$veA5H/CT4F2xsWwfiGj04e75ul7nxP3XYufafH2EHfG656W7r2/fm
    &lt;/div&gt;
   
    &lt;div&gt;
      test92428@example.com | $2a$10$KklFG4Fx84MBLgZhHj1Vvu7JuYufP2EFZFJ92gesN29hV4XIr8cFG
    &lt;/div&gt;
   
    &lt;div&gt;
      test92429@example.com | $2a$10$JOpEc0f.81HlxwIiRVYe8uu/6A5sGHgl9WDEiLonBWKwHOUHp3vuu
    &lt;/div&gt;
   
    &lt;div&gt;
      test92430@example.com | $2a$10$gKjQQ/sRo.9Up6SpB1wWiubMffkJHqd1nEbfI/GQpiSXNPD6mLqca
    &lt;/div&gt;
   
    &lt;div&gt;
      test92431@example.com | $2a$10$yw3h2lMW5iHcK/74OxQBy.FKXQzmnUkX94B/7zgxe4zORp4ig8a3e
    &lt;/div&gt;
   
    &lt;div&gt;
      test92432@example.com | $2a$10$iB0cDBxb3VRKsAk.B2vkhOS3cY6ApOqFFbKUuG.xR8J0S/cmlJjw.
    &lt;/div&gt;
   
    &lt;div&gt;
      test92433@example.com | $2a$10$/MBqpfED6KKUZgnAd1OtTO0W9mjS4Q2wHRlNXd5QvbArf./.QUrOe
    &lt;/div&gt;
   
    &lt;div&gt;
      test92434@example.com | $2a$10$dNBu9Ln3n6l/jQCkrMclTu3bm7wew59CzjkKwyUuzvMqeon0ADCam
    &lt;/div&gt;
   
    &lt;div&gt;
      test92435@example.com | $2a$10$FtAzOYs9LGwsaOWYCM3x0eLM7bhJIkbZiwpnILVMW00hp35nqfOW6
    &lt;/div&gt;
   
    &lt;div&gt;
      test92436@example.com | $2a$10$uSbFihmWNw7XkDRVrSFwlu/06uXwnGdopjdSAxYlCT7mrGbN04uyS
    &lt;/div&gt;
   
    &lt;div&gt;
      test92437@example.com | $2a$10$.xwTAgex9Wimj9nmJMOamu7CB2pP2D40n0b4E4tTSnKk/plZxO6JK
    &lt;/div&gt;
   
    &lt;div&gt;
      test92438@example.com | $2a$10$bvev0Fd8nRRZApYyGhBoWejemO5/mqmDGYD7siFocDS3dMqWMra4a
    &lt;/div&gt;
   
    &lt;div&gt;
      test92439@example.com | $2a$10$v7Ly3UCTMNbW6oCgne1OGuQEHAtmFxyub1zdFCPkVl6MeYlIdgmvu
    &lt;/div&gt;
   
    &lt;div&gt;
      test92440@example.com | $2a$10$TBogCfdDQ3VMLWbo7qqtIe7JXFqjIE.EcHBoWFf2Fb8xrgFkS.C3O
    &lt;/div&gt;
   
    &lt;div&gt;
      test92441@example.com | $2a$10$CsexJhy/61adc1Unx1z0ZOuV/9QNqs9G66EXybG6zCRYKKdlgJk3y
    &lt;/div&gt;
   
    &lt;div&gt;
      test92442@example.com | $2a$10$s0NwoBgJNCoYC/GKgCsmGOA6Mbonxo8dF8CAVdC.7n1jno9cW2TeC
    &lt;/div&gt;
   
    &lt;div&gt;
      test92443@example.com | $2a$10$AcBX7ySZcC240UrI1ViFh.gxr9gJSRlxE0SPcqZGoIB59a.Y4mH/C
    &lt;/div&gt;
   
    &lt;div&gt;
      test92444@example.com | $2a$10$kK63kCvVHHaDRwu09slS/eJPhi9D/F0bzEtX0XUC.3S9k3L2iv8GW
    &lt;/div&gt;
   
    &lt;div&gt;
      test92445@example.com | $2a$10$enEN0O87dBkzJGNHxpyubuySIjfkNrVXFSSCKQ/VWDobbzOuVGQ6W
    &lt;/div&gt;
   
    &lt;div&gt;
      test92446@example.com | $2a$10$OKQgPVn.jAUg3uBpLdyHxugu5HTj7WrPh6yMmm69IsllaXTOkh56O
    &lt;/div&gt;
   
    &lt;div&gt;
      test92447@example.com | $2a$10$9qIBF0EhM8p6NKRN9US09.TkBRB6.sBwSWfyBjViikQSu5Z.J5gHa
    &lt;/div&gt;
   
    &lt;div&gt;
      test92448@example.com | $2a$10$G2roOejO1iqBjU1wCW0UmuGfq5IE1k9IRd7j/mXAF5kUGuEOzv/rq
    &lt;/div&gt;
   
    &lt;div&gt;
      test92449@example.com | $2a$10$o0xvN/5SSPQqBg9TfOG57.RdsDojP6zdpdIwtdPvda8PFxZhG7RBi
    &lt;/div&gt;
   
    &lt;div&gt;
      test92450@example.com | $2a$10$D2ZkSlruT.xneGqf7Oqycutz/fh/w9E688DxvGbgIX6gn/lAlyOdW
    &lt;/div&gt;
   
    &lt;div&gt;
      test92451@example.com | $2a$10$2TCiMDCxnxZmEz9ADWFu8eCbpHRWhNgwYfuMyUCI9o5mVr2VFoIWu
    &lt;/div&gt;
   
    &lt;div&gt;
      test92452@example.com | $2a$10$oBywBSDdexpVxyOdsP12yeBmsTvrqWJztroRG2GLTTc2NsZTrdSt.
    &lt;/div&gt;
   
    &lt;div&gt;
      test92453@example.com | $2a$10$bh8MXHha7YWZydjpLA2uwOPYqlidJdjJopE7DAU7wKASRgsHpxBd6
    &lt;/div&gt;
   
    &lt;div&gt;
      test92454@example.com | $2a$10$P/28QI6G/1Z7PDdjy2Yk2e1B3lAa3SROAqfgvv5jDNA49gpzfgj/.
    &lt;/div&gt;
   
    &lt;div&gt;
      test92455@example.com | $2a$10$gZOrbcCVctz6dNYgVL2IBeblq1Sudl1VrisvJ3.xGf.hb3GwwNEna
    &lt;/div&gt;
   
    &lt;div&gt;
      test92456@example.com | $2a$10$8lNgXNezsXXLxROTaNcC/edMp6fOM4r4uKcposMo7W7WD3RcGk0D.
    &lt;/div&gt;
   
    &lt;div&gt;
      test92457@example.com | $2a$10$6xIhtLZTPxMPrKX.CjYPj.zAZpx/Totvb4.37ASRdRLMw79SYHIwO
    &lt;/div&gt;
   
    &lt;div&gt;
      test92458@example.com | $2a$10$9xRcta5YH5a/PeYNqmRUIuvpV8hA6XMfHXlLoXWMRd3KdIHVAKLOu
    &lt;/div&gt;
   
    &lt;div&gt;
      test92459@example.com | $2a$10$m7ScYVULkpxG2TdXfQ9ci.1Meyub89wUITkha9DnDrEIHYIFNvggq
    &lt;/div&gt;
   
    &lt;div&gt;
      test92460@example.com | $2a$10$Enw0OpYNVbqOSHE4yCxHWupFnak8mV3TuKXP76MprWY4Rqwaj5jYm
    &lt;/div&gt;
   
    &lt;div&gt;
      test92461@example.com | $2a$10$NOphI0AUoUdnJJgylq64DORyh0EZ3pk/QPy6wHbkaHcEISaZ9Xw/S
    &lt;/div&gt;
   
    &lt;div&gt;
      test92462@example.com | $2a$10$S5BS/K8H3kcARN2Dnfos2OWMLr3kC6WiOggka81G/k7QqTP2kO1q2
    &lt;/div&gt;
   
    &lt;div&gt;
      test92463@example.com | $2a$10$4.l6zTO6YNIdaiSISQumwuW6QYSW4FaheMs7FaY.thxKkvRALeecC
    &lt;/div&gt;
   
    &lt;div&gt;
      test92464@example.com | $2a$10$E0/IoHxNBbDBKkvH0LL51eVhjYD/5x73ChVIZQsvYAVARP5pDkf3q
    &lt;/div&gt;
   
    &lt;div&gt;
      test92465@example.com | $2a$10$.X9SITDniv3J5JLmcgoI3eYEb4HYo8jEe7w7Yp/74Vtq53HuZQdjy
    &lt;/div&gt;
   
    &lt;div&gt;
      test92466@example.com | $2a$10$NS0jjkHfQAj1IGz4dAJWmOT7fj5raAZN3VoYlXVvt1zocoML455sK
    &lt;/div&gt;
   
    &lt;div&gt;
      test92467@example.com | $2a$10$AwXTR0Lxx9oPknaw09Ps2eb2Qw/K3QF8BRUJPWvv0z/eYSGNPcfvK
    &lt;/div&gt;
   
    &lt;div&gt;
      test92468@example.com | $2a$10$fBodCW3rnJ7IN4bvfiCzmu4rNc35Ed620Vzv5cMEZCZS0xk5FOdki
    &lt;/div&gt;
   
    &lt;div&gt;
      test92469@example.com | $2a$10$cSlGtHpujWUM5wXc42wBGeqJs8dXGaiQwn9S6qoE0JskYeLyswGVm
    &lt;/div&gt;
   
    &lt;div&gt;
      test92470@example.com | $2a$10$beeBcLEXQygZbuIRFUmNIOi0smlQa46o2/nKkqNkcWLnRWWdXoL7e
    &lt;/div&gt;
   
    &lt;div&gt;
      test92471@example.com | $2a$10$ueR5DOFNBMEzCKg8LYe5i.YTgaH72B3NvzGF9Ii6L.vZ5tSaVX5aW
    &lt;/div&gt;
   
    &lt;div&gt;
      test92472@example.com | $2a$10$fOpjgeix7Tc0Xm2b5noHgOECysON7rxsLVev/ORs5/aeteHh7xIfO
    &lt;/div&gt;
   
    &lt;div&gt;
      test92473@example.com | $2a$10$T8VTKu8APNNlErhF4MW/eO48iDq65bgryrZRGbqYo/fbom0opCE1K
    &lt;/div&gt;
   
    &lt;div&gt;
      test92474@example.com | $2a$10$sm.AGXf2fT5neOxN4tGfourZexjNhFGrTKcn3s5VqhBTzYY5/PcNO
    &lt;/div&gt;
   
    &lt;div&gt;
      test92475@example.com | $2a$10$fRyPU6d766v7YJe7ArgrOuQGaQ0571OUpd.//CeVBjmBBhKLaGXOi
    &lt;/div&gt;
   
    &lt;div&gt;
      test92476@example.com | $2a$10$xZvrvjI1KqEJNNXs9axfnetGd1/qdiSfdFbUhz7tJqIGlGtmk0kiq
    &lt;/div&gt;
   
    &lt;div&gt;
      test92477@example.com | $2a$10$0rZazNuOTiAySa8OfWOli.Ed/BRe7RpuWmXBGfTIedbEtRnrOAto.
    &lt;/div&gt;
   
    &lt;div&gt;
      test92478@example.com | $2a$10$gcauer8kwRmYsI0tEJr..O4R/e3O1tlFx6x/I2EyHdDPd5wujqCPG
    &lt;/div&gt;
   
    &lt;div&gt;
      test92479@example.com | $2a$10$80pf8ScqW7Kbqfjch9QF4e7XhD9.akh7pvL13/S0vjxHP5j/60wJa
    &lt;/div&gt;
   
    &lt;div&gt;
      test92480@example.com | $2a$10$JvbZsBOTIefjThz/HIKuO.n.rmGuxmb.fOoeMXaSbx6hG.iZsN/Vm
    &lt;/div&gt;
   
    &lt;div&gt;
      test92481@example.com | $2a$10$ILiFPwndxK51PXeNMkXH7e8SHw5OfcqQdh3aVEEoEQmR8uKQ7k9jK
    &lt;/div&gt;
   
    &lt;div&gt;
      test92482@example.com | $2a$10$53U6UJJBh9IfPZxLBtpBwO3xhHOGyRvl9MUk0rJ1eG2lBijgZfany
    &lt;/div&gt;
   
    &lt;div&gt;
      test92483@example.com | $2a$10$nR31F23dxCgTnLuGvYz5uO6Hs/VDbpoF07Lak3.cCQDP0YbzF0dZa
    &lt;/div&gt;
   
    &lt;div&gt;
      test92484@example.com | $2a$10$YIBWNdpyiif4vv5leCYFl.7PWmkaepNV7A9HPaBCSAFqGpDwVKOfy
    &lt;/div&gt;
   
    &lt;div&gt;
      test92485@example.com | $2a$10$dnllB9SnQrCf1fbrhfzTaOcsa4mZYCx/vefk31I0fNj.ShVZ7v.A2
    &lt;/div&gt;
   
    &lt;div&gt;
      test92486@example.com | $2a$10$p6i/kacnlYXFGXFtabCjoehvcd1fb8jvKmKd28KlPD/XMQyS6tB1S
    &lt;/div&gt;
   
    &lt;div&gt;
      test92487@example.com | $2a$10$s/aXbjT.73TyTSSwH8SefeWzReKCp1GEK0v7Tv8NNoKC34tAE1O8a
    &lt;/div&gt;
   
    &lt;div&gt;
      test92488@example.com | $2a$10$HlpV4K6SlZT.Gqca.ZLWZuVsgfkY7LM9oRFjYgRvYZUfE3PPr6ZAK
    &lt;/div&gt;
   
    &lt;div&gt;
      test92489@example.com | $2a$10$uDmxNW9siOAZyIKxEM8UAOdp4P2k6lREwKeBqtfZk0UAl2qGmMpT2
    &lt;/div&gt;
   
    &lt;div&gt;
      test92490@example.com | $2a$10$efJXRuELACgkHxZqEyrgNeAUJLkA8C5cIFnHOevT7.re.f5XSSdrq
    &lt;/div&gt;
   
    &lt;div&gt;
      test92491@example.com | $2a$10$4etXZzSVDzWhCihMzmHzaO8EWdMFljpjUQbGiykR2G0bQ1Lgi6NA.
    &lt;/div&gt;
   
    &lt;div&gt;
      test92492@example.com | $2a$10$xBcBaSKwT0Pjy.lUeTWUPuc51MUgBvkygzphF9LbTTMbr185Zr8h6
    &lt;/div&gt;
   
    &lt;div&gt;
      test92493@example.com | $2a$10$FTc/VHh9f1RzNVBWkEnUpe/lDiQB0HuRUikP.2J6FLBMKR9qkGkau
    &lt;/div&gt;
   
    &lt;div&gt;
      test92494@example.com | $2a$10$eNWIbsoydsCyH.ysZ/9nBurU9WN4PBF7KVfdpGbn8GRIIZXfR6CiK
    &lt;/div&gt;
   
    &lt;div&gt;
      test92495@example.com | $2a$10$I8jyklSzpM/868BDNedlvOVjtZnMQYWSL71nPA7WZKuQEOzyVxfQe
    &lt;/div&gt;
   
    &lt;div&gt;
      test92496@example.com | $2a$10$UygzNAIhtW3zQphkutQ45eiBtq6c1Jd9q19EndArLyA4THYWm97EO
    &lt;/div&gt;
   
    &lt;div&gt;
      test92497@example.com | $2a$10$XmtX6e111jwJirzfhV3YL.rmBw3CpI1NoIyEg1Hrci0T43AXux/gO
    &lt;/div&gt;
   
    &lt;div&gt;
      test92498@example.com | $2a$10$IhhsbwnXP91946/./GzUbu35msZ6fzdRd22xys86J75MOX7VA8kg6
    &lt;/div&gt;
   
    &lt;div&gt;
      test92499@example.com | $2a$10$H/7cfJy/E6gsyVtWct0jFeiZkO/JWLFHerPWW7pYk/O07x9EC2aHS
    &lt;/div&gt;
   
    &lt;div&gt;
      test92500@example.com | $2a$10$TYmyCrceJy/XQUkvYpz5Q.TiK.uOk2Ti34sTrqvvLvY40LhYq09pa
    &lt;/div&gt;
   
    &lt;div&gt;
      test92501@example.com | $2a$10$1v/cfzV8L.hu4iLm/1jf..n6/1gYo9LX4KZKueVhi.r7NlRwOc8NC
    &lt;/div&gt;
   
    &lt;div&gt;
      test92502@example.com | $2a$10$5bkE.YXDn9pkhQrdC.Imhe3.pezN6K8p7s45EAgAfAuIZg014NT4C
    &lt;/div&gt;
   
    &lt;div&gt;
      test92503@example.com | $2a$10$UGSd6Vav2UYaKM3mUscUD.3PWrLQ1Le.n/thk6YSlzQ/AseoydBVC
    &lt;/div&gt;
   
    &lt;div&gt;
      test92504@example.com | $2a$10$BDK/0FJCeZuTkJ6hLGCx3uMx087xQi2j1r.oLsKS9BEF5VghiQtKC
    &lt;/div&gt;
   
    &lt;div&gt;
      test92505@example.com | $2a$10$m258fxD1YKlBDSDJU6zOg.SPrpGvy7vu0NIWuUHxhtfbHSKAyg6Xy
    &lt;/div&gt;
   
    &lt;div&gt;
      test92506@example.com | $2a$10$YOhpEcSa4ISSTdSEwwKGpuPQqTtj6qEGbaqX4kmpruCOV4w6ffI8y
    &lt;/div&gt;
   
    &lt;div&gt;
      test92507@example.com | $2a$10$CUA0PPy11RD5wwuFZ15gFe6snE.cGadMw.tpG6mNhnOIiCSEwwnY6
    &lt;/div&gt;
   
    &lt;div&gt;
      test92508@example.com | $2a$10$fuclIcEVG95UGCaYsoq3CuOkn21zn0G8RXMidpCw7wrRj1B4xOK72
    &lt;/div&gt;
   
    &lt;div&gt;
      test92509@example.com | $2a$10$LMGnk0pdJ6Y8kIFLVDDRsu1VbdN4dgChpsdQgJQ2Wzl9BNkHaEQFG
    &lt;/div&gt;
   
    &lt;div&gt;
      test92510@example.com | $2a$10$NSIAStTlXYVf/T0aptNP0Ob9UN59NHGfjeHlmX7HKmYkt3n4krrc2
    &lt;/div&gt;
   
    &lt;div&gt;
      test92511@example.com | $2a$10$BeTsTWF4BdqV8RBdUsVlfuMdqHqCi2t26Kvw/n943r8igp1ZBC9Jy
    &lt;/div&gt;
   
    &lt;div&gt;
      test92512@example.com | $2a$10$ouJmDaZQzGPoaBJrpYxD3ulcPzCxpqTRygu8m5vLsOJYB8miVujHG
    &lt;/div&gt;
   
    &lt;div&gt;
      test92513@example.com | $2a$10$Qyeip2E3jA4dXxFDV5mAh.RGDAuQ3knxO3D6x7iEIonCCqTZ1uQsW
    &lt;/div&gt;
   
    &lt;div&gt;
      test92514@example.com | $2a$10$PQLrh/zAuoqSiLfIu6XcxuBYZWKL92rzxIDgaFiKy50bjzxD8c4Ve
    &lt;/div&gt;
   
    &lt;div&gt;
      test92515@example.com | $2a$10$r1HqKBb6xhyotcrnp5/EAevgcJiPZ.qq31Wt1z7LvQQhtiAaj.3yC
    &lt;/div&gt;
   
    &lt;div&gt;
      test92516@example.com | $2a$10$yih98IjL.arFl4Xt/k9AXeU5nlVxaYVESNpsD2FpiaiGddjkQzejO
    &lt;/div&gt;
   
    &lt;div&gt;
      test92517@example.com | $2a$10$A4OgmQXEiLUD6iA6g0u6r.6SowogPjntVkeit1dnOMejt7ryBAw1W
    &lt;/div&gt;
   
    &lt;div&gt;
      test92518@example.com | $2a$10$QOYJkY2TXCCFH1vfzdAt6OIvVdLcnAMYMdiWJEJnLAPtWuu6eOxa6
    &lt;/div&gt;
   
    &lt;div&gt;
      test92519@example.com | $2a$10$D5DjJAgVhL5cnCdu26lHq.qCoW0UwJFq76EP3wMT3G2WHd62XAHqG
    &lt;/div&gt;
   
    &lt;div&gt;
      test92520@example.com | $2a$10$Yu19S93VBTeYs6ppSAjQEul9OoNr8iRALeR.9lHLuxnKeu5lrNB1C
    &lt;/div&gt;
   
    &lt;div&gt;
      test92521@example.com | $2a$10$xXPiu5GlZlsTx6sC119FKuhxNWIoFjW7pLRT1952JF5Tp0OCHxEhW
    &lt;/div&gt;
   
    &lt;div&gt;
      test92522@example.com | $2a$10$1BHOWZg0N/uY6PKNAJnC0el0BmSjpYUG3Qf1V839wtjQnw9.rjpty
    &lt;/div&gt;
   
    &lt;div&gt;
      test92523@example.com | $2a$10$8530/OfgyDo3M89.FBb5Bev50tKF0fJftxVLxfvDLZ6OEdw9LZjHu
    &lt;/div&gt;
   
    &lt;div&gt;
      test92524@example.com | $2a$10$2yLYETc4R7E.sV6jwwPJ1O4D4gdeUWYeb1c9EGdWm1CDFrVquAyFy
    &lt;/div&gt;
   
    &lt;div&gt;
      test92525@example.com | $2a$10$XPBwJrom80oocsQZyiqbrep9WsvMZdNaJxp4YAEQmvqEyUo.K8pfO
    &lt;/div&gt;
   
    &lt;div&gt;
      test92526@example.com | $2a$10$wWm6iJeM3Rcm5eBnirJfhePUYacPQhzptojZ/3Wdn9NTB.hYbmGh.
    &lt;/div&gt;
   
    &lt;div&gt;
      test92527@example.com | $2a$10$qPffyKA.co7moXdmLhsigeT735bwA8k1YF1J6rvTbmFFeKLzcoNUO
    &lt;/div&gt;
   
    &lt;div&gt;
      test92528@example.com | $2a$10$6NRA0u9Bc1kFeqsjB1Pdc.Tsnzo0/24DCo9qTuLX9H1ju0PUgWASe
    &lt;/div&gt;
   
    &lt;div&gt;
      test92529@example.com | $2a$10$5d9KDR.722gHVgIHI309Xu/jenoTEW9HCRpYdp2dsQuJKQ2sDfeMi
    &lt;/div&gt;
   
    &lt;div&gt;
      test92530@example.com | $2a$10$w.0LvmkCftUsSJ0HdSySYe7OUU/KQahJMOK1kQz2PTVry3fBQuq.O
    &lt;/div&gt;
   
    &lt;div&gt;
      test92531@example.com | $2a$10$5mgBBYGJKR1VFGptU94.gO8kmWvusWNDUzUsFbKKMkdi6FY03Fej.
    &lt;/div&gt;
   
    &lt;div&gt;
      test92532@example.com | $2a$10$eNoYye5ZaCuDDiH1wGPwc.ve16LMJ0TKN25nyY2F1WGMqpP33N3/y
    &lt;/div&gt;
   
    &lt;div&gt;
      test92533@example.com | $2a$10$58/VLQbfvSQB3JNtp4/CMuNds0cko.mgyNpZTJo2maVbeWvTZvWve
    &lt;/div&gt;
   
    &lt;div&gt;
      test92534@example.com | $2a$10$IITgXhz7qfbwJOR/awsgkeu6TYkKHCExReeMkiUcTKmGNOkyFuvZS
    &lt;/div&gt;
   
    &lt;div&gt;
      test92535@example.com | $2a$10$pExjeStwpKhVkq0sGNGA0ORW2x02TuaPqBHZxx8on6h8h3EVFQwT.
    &lt;/div&gt;
   
    &lt;div&gt;
      test92536@example.com | $2a$10$/CNHmidHZM7pKsEkWgWAROhosr2fiTxODrtY/2MF0WS6MIwwMpm.a
    &lt;/div&gt;
   
    &lt;div&gt;
      test92537@example.com | $2a$10$sff2i2EQzGXOyJeg.wJ7qubrD.VY1zgh5iVI2frNgJ4dVti1YSnJi
    &lt;/div&gt;
   
    &lt;div&gt;
      test92538@example.com | $2a$10$kWutfIca18cHPLrqdbqyMuxctQhoSyN126l9Wz5dp3rr3.SdVh6uS
    &lt;/div&gt;
   
    &lt;div&gt;
      test92539@example.com | $2a$10$4N62/PFLkeUpEizjFiM7Y.T2pG10WY/WQWw5FN2MX93QoKniQcdmO
    &lt;/div&gt;
   
    &lt;div&gt;
      test92540@example.com | $2a$10$Fqit45P9KaJk3WNtuPuEOutkDGB.K/mP2XymzzQ/Pq6CvndvWWEv2
    &lt;/div&gt;
   
    &lt;div&gt;
      test92541@example.com | $2a$10$HWOMEljY8RVWZ7yXlR3CUu/hfZ1dgE12W9cZieXc0SphDM51DDGfK
    &lt;/div&gt;
   
    &lt;div&gt;
      test92542@example.com | $2a$10$RGtzJIZYHfvMrRPcGdcTpeTcPNOUf3P5bc8pLlkw/eowK68IJxJBC
    &lt;/div&gt;
   
    &lt;div&gt;
      test92543@example.com | $2a$10$47lnsOcSQ3yn3K0X9Gb/H.QxO1GaMD35tCMe1wRZe0BEWX4ltwcPi
    &lt;/div&gt;
   
    &lt;div&gt;
      test92544@example.com | $2a$10$gcCw9dvi6BtDCM07pacomeGE6VE8Lz5IHDUh/6coKLu3qXvPZ5Sdm
    &lt;/div&gt;
   
    &lt;div&gt;
      test92545@example.com | $2a$10$0EVnoOoinb6AhlyZaBsEV.avwZYDEA0B9S71BfqLOYjqQKBhn/Lxe
    &lt;/div&gt;
   
    &lt;div&gt;
      test92546@example.com | $2a$10$j.5owi5BdiGegaMy2ZoC0ufiZV3Qmp0vUCi6MI.9Se.KdyBbk3Tsu
    &lt;/div&gt;
   
    &lt;div&gt;
      test92547@example.com | $2a$10$T11nPSA.K34SFb7RPCziD.hLz8BfuxqArJE47ZqyIiuoDhXzueVym
    &lt;/div&gt;
   
    &lt;div&gt;
      test92548@example.com | $2a$10$hW8oYAIwJZpqf.v00t5HpO7F49DA0Qm9i70ouMZkYEuGMlKu6uwna
    &lt;/div&gt;
   
    &lt;div&gt;
      test92549@example.com | $2a$10$rhJ3jzW9x.j0rRVA3nQL2OlTVSmFFO7g3QySFsc4lX0LBWwiFIV72
    &lt;/div&gt;
   
    &lt;div&gt;
      test92550@example.com | $2a$10$e7sWrdTQId1Bd6h9wLIrPeUES9SF5dg3uzEM3jv227zIkAuyUvGj2
    &lt;/div&gt;
   
    &lt;div&gt;
      test92551@example.com | $2a$10$rzTXo7lA4EM9YERQPjQSnugGO/L2lCnDAzEI9.AIfte9GttbkoSE6
    &lt;/div&gt;
   
    &lt;div&gt;
      test92552@example.com | $2a$10$gH0hwhpa5M2Ko/ayJlDF3.vZlr4jP4eaJV2vj.8.Y6OnV/s0bevIu
    &lt;/div&gt;
   
    &lt;div&gt;
      test92553@example.com | $2a$10$08uaI.gey4uIB9u6SxJeDuJVycXOcbWg.XsATfkjaK2rFcuM2SpuC
    &lt;/div&gt;
   
    &lt;div&gt;
      test92554@example.com | $2a$10$C2mO2Wwilaw4UHZNsbRPwOZQYYjKgTC0lVLegF1ZSzgy.ZFslOjEa
    &lt;/div&gt;
   
    &lt;div&gt;
      test92555@example.com | $2a$10$Mf8RbdGmP/XEYDCzreiyB.5cMZ6.WY8m8tzvbGxpc/RrHmuAhlLQ.
    &lt;/div&gt;
   
    &lt;div&gt;
      test92556@example.com | $2a$10$w8BChSoNYrVnSlsmrQT3O./vm5P.ZDBEUXqY7QzRla0OBZSksDogC
    &lt;/div&gt;
   
    &lt;div&gt;
      test92557@example.com | $2a$10$j4iar4pPriCOFnBS1ILuIe.rKDREtPI8lMNMsDC8eQmovKd541uw6
    &lt;/div&gt;
   
    &lt;div&gt;
      test92558@example.com | $2a$10$76hlPrVAWPgkbSsOtVl/5ezve2z2p4sy4xoBYEIVpkd/WqlYTq9qC
    &lt;/div&gt;
   
    &lt;div&gt;
      test92559@example.com | $2a$10$pPPHRfmekDtFvkta1bWFYee5tn16.QPeQCe7R36y7r8eiDW5mfEvS
    &lt;/div&gt;
   
    &lt;div&gt;
      test92560@example.com | $2a$10$by2x4aZEhOuqmCbBHSqM1uWHbTSHbOx0oCzpTioZLT0T.Ik.DIjRK
    &lt;/div&gt;
   
    &lt;div&gt;
      test92561@example.com | $2a$10$jYGdiWZbahK08m6vQjFOaeqmQmyWPicV4JPdsNKTG/zD.rFTsyUgW
    &lt;/div&gt;
   
    &lt;div&gt;
      test92562@example.com | $2a$10$i3.4nLXK3jWI6TnDSqv3iOjPTrIFHwwq9OgPg/P9m9MwkiDh6asn6
    &lt;/div&gt;
   
    &lt;div&gt;
      test92563@example.com | $2a$10$k4y7HbvAg4gkJphV/OrnuuIpYuVlwC4s/FcFiqs.5MyMQswqtRwKW
    &lt;/div&gt;
   
    &lt;div&gt;
      test92564@example.com | $2a$10$W0OTwiPYf8VbXm82VLaRjutn9lYVG3echJMkMfbmo8ZX8Ty8JRMWi
    &lt;/div&gt;
   
    &lt;div&gt;
      test92565@example.com | $2a$10$2TG8NXtOL0rLdYMeJdqFWOgiljseIaehjs0aN.JodMfyL/uy9sCKa
    &lt;/div&gt;
   
    &lt;div&gt;
      test92566@example.com | $2a$10$745aNHf0j9DVEB5KdZk4BOI3JgxY7aTv.4E9daIKNSMMceQJrRmi.
    &lt;/div&gt;
   
    &lt;div&gt;
      test92567@example.com | $2a$10$.jCL0OS4ef39QERWWlyRLeaIUu2KuAvUe151I7ptY2v5lk2GKc/Pe
    &lt;/div&gt;
   
    &lt;div&gt;
      test92568@example.com | $2a$10$nfZ5oaiUVm1rvAzJr450SurYgNvKePkLbVdPyy3.qCQgHyTXkoPSi
    &lt;/div&gt;
   
    &lt;div&gt;
      test92569@example.com | $2a$10$iPE9UIjU73GeepQX6qIM0e1wYfYfdtDeEG9hDLWAoHyIarTb3H3e.
    &lt;/div&gt;
   
    &lt;div&gt;
      test92570@example.com | $2a$10$GjZ99kCs/MvTYExNncUG/Ojsd/M4VLrZBPS2/lyxNhWuRybcQPZTK
    &lt;/div&gt;
   
    &lt;div&gt;
      test92571@example.com | $2a$10$TAOJ10YjolsNmtRwcNYnf.MleXUQCd9vMZTWhbDgyo06cDKtl5OSS
    &lt;/div&gt;
   
    &lt;div&gt;
      test92572@example.com | $2a$10$kJA3p4NxT.zd2X5Ff1x6MuWNyPxpnsh.ahP5iMEV7a7wdLE/GQdgO
    &lt;/div&gt;
   
    &lt;div&gt;
      test92573@example.com | $2a$10$nPZXMhVxBMmgVYeN8VOQquvuwhuaNxTR6dnWa2K1JKNU4E13SbdV.
    &lt;/div&gt;
   
    &lt;div&gt;
      test92574@example.com | $2a$10$LSGuyz6.4IiKvem/2Qg5z.l9B64bXz7vs0LfacnDiGD7CKiS6AGf2
    &lt;/div&gt;
   
    &lt;div&gt;
      test92575@example.com | $2a$10$SytMe1I1OtAj9.xc7VuGKupsde0R/W9A6jClhcJ7M/vCDUCj5C5ae
    &lt;/div&gt;
   
    &lt;div&gt;
      test92576@example.com | $2a$10$2VkjRA6w.Y6mQTNSP4OftuXEmYY4jMn9QP/GazN1IE.c3yb8dRJB2
    &lt;/div&gt;
   
    &lt;div&gt;
      test92577@example.com | $2a$10$4PiOlcHi5XMstx1T7Q08t.ybd/pHcXXdycgo60b.TngWLHbMDMkzu
    &lt;/div&gt;
   
    &lt;div&gt;
      test92578@example.com | $2a$10$XpIYzC1JgCnEp/sk9Z3qDubAQ6wTNVjhW0/ism0pjdfm.MrlWMkcK
    &lt;/div&gt;
   
    &lt;div&gt;
      test92579@example.com | $2a$10$KYTEWOdu6C6dCOfFA6p.hOay88f19I/e6cbu5ZtAHeUsaYmG45O4q
    &lt;/div&gt;
   
    &lt;div&gt;
      test92580@example.com | $2a$10$9j1VuAu9HzW.K7LKnae0HOsW9tepz7jR2MRGDRgEo4smNEg.yq1J6
    &lt;/div&gt;
   
    &lt;div&gt;
      test92581@example.com | $2a$10$YmN9cmdv0z4soT2TqnXt0O2yTNE4wTwOJEx7s8usNJd.nkM/iVbqy
    &lt;/div&gt;
   
    &lt;div&gt;
      test92582@example.com | $2a$10$6IcZppWpZS/zvsyDjJ9U5uOWvMaXe8.TbGZGfJlf1bP6ixa/MNvk6
    &lt;/div&gt;
   
    &lt;div&gt;
      test92583@example.com | $2a$10$AQ1vrOQTW3QNbPZ9JkMnvub9qIzZcnyGoeHEwfEaSATL6I9t7D0bO
    &lt;/div&gt;
   
    &lt;div&gt;
      test92584@example.com | $2a$10$GxOrzDkprilwmjRujosx6OdRPl.9mQZceX8.tbvlsRM7.Q9bwZWLC
    &lt;/div&gt;
   
    &lt;div&gt;
      test92585@example.com | $2a$10$1r37ptLxdkVJXTf1tVcHEu2LQ0Dkt2E4pn/EfrWqUfBGy1g6iABU.
    &lt;/div&gt;
   
    &lt;div&gt;
      test92586@example.com | $2a$10$HWFYrOHrV2O9CMnZPlICf.yvJRJNkxfrqX.H7wafbOXgKOMjA8N2q
    &lt;/div&gt;
   
    &lt;div&gt;
      test92587@example.com | $2a$10$e2EWX4I/lB7zpFsWUKeWw.JEaIORXct16Mj.OBHe8oqYGrla58mhG
    &lt;/div&gt;
   
    &lt;div&gt;
      test92588@example.com | $2a$10$jnZElrnUFI51J8s9xfPux.ahN4oy3KCh9N9X3.rP7rIIM8Nl7wf5y
    &lt;/div&gt;
   
    &lt;div&gt;
      test92589@example.com | $2a$10$0x5QRI91rGkUPiVI6l2pmeZ4w2qvrrhRls91JxBJrpeovPrhfsa96
    &lt;/div&gt;
   
    &lt;div&gt;
      test92590@example.com | $2a$10$CAKK4yLdo1rA9qndmqnmfOe0mLBruxG1o0B88n8AGlMnTefquHEQi
    &lt;/div&gt;
   
    &lt;div&gt;
      test92591@example.com | $2a$10$ccyeP5.hbPcIMMjyGwh.S.d.egwreAVOhxcAWD5d8hduBMzLxbs.q
    &lt;/div&gt;
   
    &lt;div&gt;
      test92592@example.com | $2a$10$dEqDpmLcNwAEKxXCcba6BeTlPEtyFrmJT4lRrl7HWdSNU8qVT4osS
    &lt;/div&gt;
   
    &lt;div&gt;
      test92593@example.com | $2a$10$2nSt.ZUdTL5gsamzrar4V.03wiY/4sVcZSqaEMV.17tn9HJCsVrz.
    &lt;/div&gt;
   
    &lt;div&gt;
      test92594@example.com | $2a$10$Odg2TBtSgngPSmBFp21J1.CDYVkzW/J0nWd7kO5XBL9oCCRiJbGpC
    &lt;/div&gt;
   
    &lt;div&gt;
      test92595@example.com | $2a$10$KxKGV0i0MXozd3QQRVvaTemAT2y1/NwX1l6ZCl7x2YS3adQQsql1e
    &lt;/div&gt;
   
    &lt;div&gt;
      test92596@example.com | $2a$10$W2/Xudvr0lmdX7KpnQLGjuUOq.lJlX7OxSPQy2XQBk6.L.WIqGUGm
    &lt;/div&gt;
   
    &lt;div&gt;
      test92597@example.com | $2a$10$p2C223jc4saiHTZAmmme..S6RBP08VFPXCyoGnJmNtHgeatxe5zha
    &lt;/div&gt;
   
    &lt;div&gt;
      test92598@example.com | $2a$10$7v6NOzFVui5h64dD.iQk2.E2uoMmYw6y/2AjfG0ehVl8iNsCX7KGG
    &lt;/div&gt;
   
    &lt;div&gt;
      test92599@example.com | $2a$10$/oe9.cRCsKAwzYwUu8wpJubR1vc5.Uhh3YadyPRJggZGbww9evxVi
    &lt;/div&gt;
   
    &lt;div&gt;
      test92600@example.com | $2a$10$zjP5mQ4c8phVln.7X2PKP.CvIGCDSeSxUlU9LHRxE0iEKYUZSYu0y
    &lt;/div&gt;
   
    &lt;div&gt;
      test92601@example.com | $2a$10$v24DU2Esb8D32dxMJiT4zOeB3SdCUYnP3jyQrrnveWoEMyeLewlNa
    &lt;/div&gt;
   
    &lt;div&gt;
      test92602@example.com | $2a$10$8/YWHJ5NWdry3YITZa/VxeSIDkETDP.mh64AcWlMI3lCnt2/fW/.e
    &lt;/div&gt;
   
    &lt;div&gt;
      test92603@example.com | $2a$10$lif.alSkZm3topSnT1Ab8uOLJmsT6aVV8binABnLJcB2zkRLeZaN6
    &lt;/div&gt;
   
    &lt;div&gt;
      test92604@example.com | $2a$10$zYnmbyhI6wePEHoCPqKo2u/YosmzF.bIjP90Un4bTwshOGli7oale
    &lt;/div&gt;
   
    &lt;div&gt;
      test92605@example.com | $2a$10$llYXTnJj/Bmt7r9oBacnUuPLg4vMdvWHYhjE9BEOpspcPrpyrknkq
    &lt;/div&gt;
   
    &lt;div&gt;
      test92606@example.com | $2a$10$bDsfygN5QqKFpDFhHNSO8efk2xktRojV1iUHadawokOSZbOUzgK0W
    &lt;/div&gt;
   
    &lt;div&gt;
      test92607@example.com | $2a$10$E2D1XRQeVl/FeRzUPyI3nOF5wXm7M/c/HK3e27U8K2fZA0Al7d6Uq
    &lt;/div&gt;
   
    &lt;div&gt;
      test92608@example.com | $2a$10$UOwHIYGrnemGAow32moRxuWkwT6fKZWukZ.Thryeyk6cPMSGI/HLu
    &lt;/div&gt;
   
    &lt;div&gt;
      test92609@example.com | $2a$10$1F.mROX95njBqFsza9qBQemSkqPqPwyhaxPjZK4gziS/SctJgLxza
    &lt;/div&gt;
   
    &lt;div&gt;
      test92610@example.com | $2a$10$zLAsHwqbPerXFuzW./IuIeCyU3PxalbKpJurxUS1eDjhtg5EcDeMG
    &lt;/div&gt;
   
    &lt;div&gt;
      test92611@example.com | $2a$10$hwlMfAELBKu0X3hsza5BKO9fnNfvV7xKoWzmUMDUR5Sheo424kWFe
    &lt;/div&gt;
   
    &lt;div&gt;
      test92612@example.com | $2a$10$vxBIx2yF873NgHUJ6KP6duvCr36nNfOjghrRc13/f28SIuSDe8ZeO
    &lt;/div&gt;
   
    &lt;div&gt;
      test92613@example.com | $2a$10$Iivt8zb7Fkd7Cmiu.RL18eJqHvDDz5wCqSYUnyJLIcf8NExHSr8Z.
    &lt;/div&gt;
   
    &lt;div&gt;
      test92614@example.com | $2a$10$3DpVN9dMoAfBFYRGbUSO8eb1JOj3Dz2WpT4fQaSmvPKZ1KkzkkoG6
    &lt;/div&gt;
   
    &lt;div&gt;
      test92615@example.com | $2a$10$PGOLxXyUMcZ2l8VXk1HrM.dz7vKvAVY/YK1uJrJOGZpEBs6X66Z6O
    &lt;/div&gt;
   
    &lt;div&gt;
      test92616@example.com | $2a$10$VuIxqjvM8g23y7nD64bf5OlGraNh3yBq10aA6MnhOAL0rTxcb/dxq
    &lt;/div&gt;
   
    &lt;div&gt;
      test92617@example.com | $2a$10$yXTFZMp./.IbIWmtVMP4kOTJPWs57q7nSz9wduYxuaUoEyFf.7nJm
    &lt;/div&gt;
   
    &lt;div&gt;
      test92618@example.com | $2a$10$RN9Ko2jJBYEm6tRCdbKPQurZnJHjdUAvSRlfdrm3vaLu0Vg3VzeSK
    &lt;/div&gt;
   
    &lt;div&gt;
      test92619@example.com | $2a$10$8bZoVJsi9xNTI8h2HKzPO.TYD/akY35Wq6YCzc9H9ammk9549YE2i
    &lt;/div&gt;
   
    &lt;div&gt;
      test92620@example.com | $2a$10$JmV3EZdqlgxa1eU1ikKA8eFAx1u.c0QFmPhpwRnsgHVeHETot/LuS
    &lt;/div&gt;
   
    &lt;div&gt;
      test92621@example.com | $2a$10$KDdKFNU.wtg/XGZrJiOD8uBQeV9t/QjntrwFaDHXLKrC7GlcFA8f2
    &lt;/div&gt;
   
    &lt;div&gt;
      test92622@example.com | $2a$10$HJvt/juWXW7HklJxtTU5q.Rv7yXHHeGZpM4rPA7JtxJU8/20h5oP6
    &lt;/div&gt;
   
    &lt;div&gt;
      test92623@example.com | $2a$10$EoXWme96ZCTG8wbJ5R2sAexhjieFsn6EXIXfNr7lfzWFGx/uhbbAe
    &lt;/div&gt;
   
    &lt;div&gt;
      test92624@example.com | $2a$10$b3HBkPOxEzh0/DeuQ1s4TeMqxt3/vEMni4AeDkYdpbk8Yr9PE9pO2
    &lt;/div&gt;
   
    &lt;div&gt;
      test92625@example.com | $2a$10$9g0nt.0fFHiLjjT1tCZKrOIkTu84rlNuMjVWOvuQgME0s3ULyKNFi
    &lt;/div&gt;
   
    &lt;div&gt;
      test92626@example.com | $2a$10$pYEi725JGmG2smpM/4jkOuA2r51IeR7DBpIp29RXLPlj8kzLcu6EO
    &lt;/div&gt;
   
    &lt;div&gt;
      test92627@example.com | $2a$10$buTEevBSBrhwCu/Z9cAbAeAM/rF7B7KBbF.vsMwEnT.gLSX8vHk6W
    &lt;/div&gt;
   
    &lt;div&gt;
      test92628@example.com | $2a$10$NJwTrD.dzguB8P9VZJGoZumfQ1WkKOGqSdJjRLMhDDbHyloRO8AKy
    &lt;/div&gt;
   
    &lt;div&gt;
      test92629@example.com | $2a$10$LTRIX/Sn1loTlPxABE2Wyelp6tLG5O7TrPsgjRwjEAStOYQC01SiO
    &lt;/div&gt;
   
    &lt;div&gt;
      test92630@example.com | $2a$10$Lbs08ylLTQO37WqLSWKPa.yrCy7fqUttFj6ridQbdePUOmR7OsjVm
    &lt;/div&gt;
   
    &lt;div&gt;
      test92631@example.com | $2a$10$cWKlZQ3mKdq0Jkt277VdIeP9EO6naMpi86MYYfIN00MrIE8hEOSEK
    &lt;/div&gt;
   
    &lt;div&gt;
      test92632@example.com | $2a$10$Qd1sUdoJdXZO5OUv8cXjQec5Fc9ogqGBGXY4kbcACWlq5Z8XjHO72
    &lt;/div&gt;
   
    &lt;div&gt;
      test92633@example.com | $2a$10$dBreGobz0Q/gAvti1V7uve9OXmj5TykTHgOHSSXYMVKcxM/ibByIq
    &lt;/div&gt;
   
    &lt;div&gt;
      test92634@example.com | $2a$10$lztwQPrOn.9aiQPJmyUZvOHVmxXizCFM/cOf5djsINgqipnSukh0q
    &lt;/div&gt;
   
    &lt;div&gt;
      test92635@example.com | $2a$10$iRNI3izDfLhz7BBRz3rP2ewxvFJx60vHem2Z9OvPr9DT/nh6OCCAu
    &lt;/div&gt;
   
    &lt;div&gt;
      test92636@example.com | $2a$10$iltY/j5iJwRRoti.N3BN0.2DaOWGdM7Rm3Ls7.Evgsdb6X0BlbGGG
    &lt;/div&gt;
   
    &lt;div&gt;
      test92637@example.com | $2a$10$701usIn5cC4Kbu9k39AM1.7.mIEJGH2kUAnGF5uAAaEmds4M/hL2G
    &lt;/div&gt;
   
    &lt;div&gt;
      test92638@example.com | $2a$10$.wADId/yD5qZH1hH6B6X.O3TpGY4DUklWd9x28ZfX55ITNejFM212
    &lt;/div&gt;
   
    &lt;div&gt;
      test92639@example.com | $2a$10$Hn0shCGJl9XBN9nYUgEGtuayW5Fpc9sfpO9.JsAJC765s1Trfj.fS
    &lt;/div&gt;
   
    &lt;div&gt;
      test92640@example.com | $2a$10$PqpPQ1JI7p30dNomL0FYyOMxoG1fXXmAeE5xOX3oaGaHm4e.b3Egu
    &lt;/div&gt;
   
    &lt;div&gt;
      test92641@example.com | $2a$10$L8dSaBkvTym2Sxk5RrwqQuWHk2iQLtjHW.U6GPpOldaqPCTxLh9p2
    &lt;/div&gt;
   
    &lt;div&gt;
      test92642@example.com | $2a$10$8rwWFdnQoMqvMgNRVYOGJuqrydpNzYaoMb80GU61Nu84KV6OGfGl6
    &lt;/div&gt;
   
    &lt;div&gt;
      test92643@example.com | $2a$10$w9uxwiYLGLx5KMItDeh4A.eLwjAbGT6TmZ1qDjx2TlV2iBQYg2882
    &lt;/div&gt;
   
    &lt;div&gt;
      test92644@example.com | $2a$10$zM784Q/TVi.nLTFDIDVOh.gx0T5ZOJ3Kh2BxuFF2wbCaOWS6tGcuO
    &lt;/div&gt;
   
    &lt;div&gt;
      test92645@example.com | $2a$10$qC2ayGVYKkxKFMJqBO1MJeZmuQJEc1wtbRWd8tNcLWuoDBeqVUzdK
    &lt;/div&gt;
   
    &lt;div&gt;
      test92646@example.com | $2a$10$O8lFw0guNckDfNCLtPGC9urt9BqyZ0tnL874xN9J45FM5Vx7gK0I.
    &lt;/div&gt;
   
    &lt;div&gt;
      test92647@example.com | $2a$10$cIOfOAZhSpIBRUHQB1JmUugdd6wGuUGz3.kTaP65gFP7N7DgglCYC
    &lt;/div&gt;
   
    &lt;div&gt;
      test92648@example.com | $2a$10$yozuyFuWhNnOpxbtIbM8iuR7hzlRV4jRs0bjpV8rKF.heKaFc.gNi
    &lt;/div&gt;
   
    &lt;div&gt;
      test92649@example.com | $2a$10$6JDWMkRKoB3eyvdKEzN8O.eKx9EkFiSfgzuN7lVHZlgMj1eh4vcFG
    &lt;/div&gt;
   
    &lt;div&gt;
      test92650@example.com | $2a$10$wTV3kiNNQR8Z7VKvaFcXRuOQw.mjl5SZuUuqRYbgnRHY49TI.S6QO
    &lt;/div&gt;
   
    &lt;div&gt;
[...]
      test92885@example.com | $2a$10$4BBINEPqFFi.XmgN4ZZBpuRnwHyo.NXYsEbms6cGS2HKRDQA0Ifba
    &lt;/div&gt;
   
    &lt;div&gt;
      test92886@example.com | $2a$10$vAyqWhTMN8zI0Gvg3UOYAeHjl4m.WiC/EJX8.KaIQ3jmM36qySXOK
    &lt;/div&gt;
   
    &lt;div&gt;
      test92887@example.com | $2a$10$8SXilC03sDyIBXdMmzfzC.joWj.piEsUwidqytIVGDrXY2PF41wOW
    &lt;/div&gt;
   
    &lt;div&gt;
      test92888@example.com | $2a$10$BDYuLb40Q8A7BwHw7EqaO.4BjCqi2EsV58RaiS6iNm8fqutiXdl1e
    &lt;/div&gt;
   
    &lt;div&gt;
      test92889@example.com | $2a$10$n76gb6IpHoeBzH1gxdwRiOOID73aBt2XGTAjq2UUDCuKg0KoBPKPi
    &lt;/div&gt;
   
    &lt;div&gt;
      test92890@example.com | $2a$10$G.hrt9p2rAntoXAQWpqCR..8caDBfjP2KMJ1CKgNYGpmFlrm2AI/G
    &lt;/div&gt;
   
    &lt;div&gt;
      test92891@example.com | $2a$10$BR/ma7JyyWCTodiT76S1y.OZ9f7zHfQ25VJqHONKqU0YkhXmb16/G
    &lt;/div&gt;
   
    &lt;div&gt;
      test92892@example.com | $2a$10$qsHg9F5oG0a0HvZSPGKRZuWeiVi6NS5E7ECyWHMWpjggCH1uOyXIO
    &lt;/div&gt;
   
    &lt;div&gt;
      test92893@example.com | $2a$10$MBDeRTcXFoerpWjy4PwcjOKfVRnK762rWlqJn8oWP2odPGk.n7TpO
    &lt;/div&gt;
   
    &lt;div&gt;
      test92894@example.com | $2a$10$Cz31akD9jOZ0IzDYkKH6AOj4vaOUa7gDuc4Jloro70IcQqDPQ8CMa
    &lt;/div&gt;
   
    &lt;div&gt;
      test92895@example.com | $2a$10$7FDSzsVKy3y5pTkvdQqKre1EGxHGJ7ju.bmTtWZHWSi/DUio2LMmu
    &lt;/div&gt;
   
    &lt;div&gt;
      test92896@example.com | $2a$10$Sni4AUaR8jMt93XA6XBCuOmSCVCHfyhYidUE0DjXOkzXFppOrfJNy
    &lt;/div&gt;
   
    &lt;div&gt;
      test92897@example.com | $2a$10$rcFGWyIjcwhU3xOUV1HH9e8SsCQXnuX5dupg0TXIMB4zCueCt2iFG
    &lt;/div&gt;
   
    &lt;div&gt;
      test92898@example.com | $2a$10$DIDfqBX.ZgwK5HQyhAI4duuTo/EZzALe5TLogj.1DSugwQxzHcT22
    &lt;/div&gt;
   
    &lt;div&gt;
      test92899@example.com | $2a$10$nW3V/LzVOcQI41xuJApdNOvvehMkCdnBTdLy6aVjcGbhsTukrG5te
    &lt;/div&gt;
   
    &lt;div&gt;
      test92900@example.com | $2a$10$RHkt5rd.vluOJgRfkzyllu.sE78jd/0a0G7ctrndz2A16Fz/Jn5H.
    &lt;/div&gt;
   
    &lt;div&gt;
      test92901@example.com | $2a$10$aljVVFtPvWY1jZDMS1weGOrdSQ1S.Uoz5SqfSvkGeAxv7vtF/ZhGW
    &lt;/div&gt;
   
    &lt;div&gt;
      test92902@example.com | $2a$10$LYuWj6ZX6lEZK9cobG7.K.gYZcnwdP4HSYwasIhBkfCvbFiUJj00e
    &lt;/div&gt;
   
    &lt;div&gt;
      test92903@example.com | $2a$10$kiy2z9aH6JePHX.Y5rXFI.I9ADAlnpYHXUEdqv5zlEI8tctPyDgva
    &lt;/div&gt;
   
    &lt;div&gt;
      test92904@example.com | $2a$10$0h7hyq.1fonqFAp4oTNmwur81FhEOeamQTxGSPTBpZ9W.geoVZ5p2
    &lt;/div&gt;
   
    &lt;div&gt;
      test92905@example.com | $2a$10$giNmS/lNFRks1bCisaMH2.jIBS0daxd9Umy9Ry/bSDbOqSeP9MP4W
    &lt;/div&gt;
   
    &lt;div&gt;
      test92906@example.com | $2a$10$CKnxcTMwqffWkCZIcU9sweZpUUERV.gBlT9qw4u05eE9jhmMGt3ti
    &lt;/div&gt;
   
    &lt;div&gt;
      test92907@example.com | $2a$10$U5m0mYG4md1IVoF.b4Vl4e6GSAl4aJOmdoLLcHG2C2OK7ookSj/.e
    &lt;/div&gt;
   
    &lt;div&gt;
      test92908@example.com | $2a$10$3ApFNKQ6wqBki8g9asyV5ePb8fIPIdtRjpzpCUrXnxEq9Pw/kat8m
    &lt;/div&gt;
   
    &lt;div&gt;
      test92909@example.com | $2a$10$P.sMcGEU/JhOcPQDBVnf7Ot.X.BBGKKBty2nTBIXXfqRH8mdaXOmy
    &lt;/div&gt;
   
    &lt;div&gt;
      test92910@example.com | $2a$10$DKuCtl6PaiIy1jZxS0/uy.L619zkXZl9HD1.nzKjNzr6urTLNMhGq
    &lt;/div&gt;
   
    &lt;div&gt;
      test92911@example.com | $2a$10$czpw1khFAcAjcUCXNCx6H.yEUEYxWnypSHNNkDXjUxJS8TgBjqlKi
    &lt;/div&gt;
   
    &lt;div&gt;
      test92912@example.com | $2a$10$METE6VzKwzFeKKqS3yMJkO/wcEk/rUbxOR0FHauP7Mt9iSH9ITn5m
    &lt;/div&gt;
   
    &lt;div&gt;
      test92913@example.com | $2a$10$2/2dLnEtdplpOHzgcaFQHOLhyNjIbygdNdFTzQxviO1mhNZR7Q2we
    &lt;/div&gt;
   
    &lt;div&gt;
      test92914@example.com | $2a$10$nI.oQxfQYsimdVYnsudwKuofutVO09KuyaNhiOiOcRLn58TCQfCNK
    &lt;/div&gt;
   
    &lt;div&gt;
      test92915@example.com | $2a$10$O9vIbT4dDTQlK1Oq7kv/BONYAfMvP4D9qkBK8ncgq/Hin8DoJEPXy
    &lt;/div&gt;
   
    &lt;div&gt;
      test92916@example.com | $2a$10$8GcgFKekX.4bC3sp1/HdWe5iIZoRzCe2C7pnsr7cKvUc8Iex6QpCS
    &lt;/div&gt;
   
    &lt;div&gt;
      test92917@example.com | $2a$10$qWF73qj653RSvOkeH47BguoFTRvUg6QNIob.s4F9sq47yuiAOo4H.
    &lt;/div&gt;
   
    &lt;div&gt;
      test92918@example.com | $2a$10$.TCbBvyTxkhBubGs8zulDePf./OFUklc3m6s4etlnirNHUve14cnW
    &lt;/div&gt;
   
    &lt;div&gt;
      test92919@example.com | $2a$10$Akdts7rX9QfiPZqie.L05.QI2SASrAoKtYSau48rDbB1FFwg1L4ae
    &lt;/div&gt;
   
    &lt;div&gt;
      test92920@example.com | $2a$10$w69UtCNkAskyJ075iV4LCuo4.OkT.8zCfc7YYinqe20K/KTUKFPla
    &lt;/div&gt;
   
    &lt;div&gt;
      test92921@example.com | $2a$10$sx.q/Ch51aQfBAiw33cDCOGXd3jepqMoyd/ePJH92AV9PLRC9hk4S
    &lt;/div&gt;
   
    &lt;div&gt;
      test92922@example.com | $2a$10$oUTrZcHeDkRf8cyaRjoayuubOnu13CvzfhguZHq1xGneqscoFAKxe
    &lt;/div&gt;
   
    &lt;div&gt;
      test92923@example.com | $2a$10$//UcRMV66vaVP6w9iI4iGe7AOmP9hTtNaA1ODfaWekDMSUCxuCDz2
    &lt;/div&gt;
   
    &lt;div&gt;
      test92924@example.com | $2a$10$OeokfzgDoVZdX1Q47AyKpOb9ph5crGlrZxsFT602i/07xzu24aUdm
    &lt;/div&gt;
   
    &lt;div&gt;
      test92925@example.com | $2a$10$ED55h3TWCjcC6bOQfvAUBOhWUTL2tW16Uw8KuKs0UP7F.l2T52oXe
    &lt;/div&gt;
   
    &lt;div&gt;
      test92926@example.com | $2a$10$svEMLPZWZFLU4qM4gGvlB.JX.fQSBPcic/gOaVlQojB4dKtrikLdi
    &lt;/div&gt;
   
    &lt;div&gt;
      test92927@example.com | $2a$10$Sy8fZHrHoT7xqmW/36PB3.m57ROP6Jz7AysmkPg13tcWi/dOrzcpq
    &lt;/div&gt;
   
    &lt;div&gt;
      test92928@example.com | $2a$10$BlP2cmuFvnUCPo.Nx26vpu1ejsrE9pHw8XCA2G.lIY8M47n3aM/s2
    &lt;/div&gt;
   
    &lt;div&gt;
      test92929@example.com | $2a$10$X0lC2Z/gUQ.zZEg6eWZGoeMfldWRDkXbD5lDs96V0tXshkOcVoFXK
    &lt;/div&gt;
   
    &lt;div&gt;
      test92930@example.com | $2a$10$pooIups6RXTU8esG9b93PejFOk.MWbfCABn9h1CFQXIp6fXtXE8IG
    &lt;/div&gt;
   
    &lt;div&gt;
      test92931@example.com | $2a$10$p2w9Um/yJYUNpqEu.QM7lOSM8si9YLaaXywoXjm8xGcWfNNM2ixbK
    &lt;/div&gt;
   
    &lt;div&gt;
      test92932@example.com | $2a$10$WwSOPvQIxxwdLJJkQ2K4GuTbbkbfVoTVzMpWdMV/jkKH3IWg06KcC
    &lt;/div&gt;
   
    &lt;div&gt;
      test92933@example.com | $2a$10$oHXreAIclNlq.kMon8T3NeE1dKdqMl2jZNue/ZkgL1HeFV8x4cmOm
    &lt;/div&gt;
   
    &lt;div&gt;
      test92934@example.com | $2a$10$pt8GAyA9bTh/X4sTurcBA.T9goPwLe.fI25m4WsoGKpsN0HSAgmFG
    &lt;/div&gt;
   
    &lt;div&gt;
      test92935@example.com | $2a$10$SvnzoGKF9Sy6Yo5fRIJfmeaIx.9b2OdZ5N7niFxNWhokuUAmqL4aW
    &lt;/div&gt;
   
    &lt;div&gt;
      test92936@example.com | $2a$10$XIJnUMoN6y2Q0pNeg6Ow2ejReh1mPpaIiUZDg/kTsxWukqu/2LjXq
    &lt;/div&gt;
   
    &lt;div&gt;
      test92937@example.com | $2a$10$fboDRaOmNRAcQQW7BXvTFOhw/enn56o2GO9yGrB2lMlBOieaYIlNq
    &lt;/div&gt;
   
    &lt;div&gt;
      test92938@example.com | $2a$10$tTYKYPdInU6ERKUg3VfszuLZhl8YFht0AQ5r0/FKGRgRzVHJlEkQq
    &lt;/div&gt;
   
    &lt;div&gt;
      test92939@example.com | $2a$10$5GvG2gThtk93M7d/h/W89uJQQym89JWnqw24pabqLeWH0rUwuhU16
    &lt;/div&gt;
   
    &lt;div&gt;
      test92940@example.com | $2a$10$5MGq6c7bGynoHD8OtdQ3MewGcI91AIYJim1HT2gk4HjE1SQCocR3S
    &lt;/div&gt;
   
    &lt;div&gt;
      test92941@example.com | $2a$10$1/74XmudPTWFHAQjECmda.hBnLwWwcWHmZkQBIbHj782ofluEg2/W
    &lt;/div&gt;
   
    &lt;div&gt;
      test92942@example.com | $2a$10$AYb6NmVZn8tRMQPe4lO/Du9eiidv4ImtaMOf0QnsbaDAS6EyFQTHO
    &lt;/div&gt;
   
    &lt;div&gt;
      test92943@example.com | $2a$10$QJBmvhKZNKWu91aNSI5nHO5uCYBovwmvHi7Rk9ya8234beoyHUUH6
    &lt;/div&gt;
   
    &lt;div&gt;
      test92944@example.com | $2a$10$hn8/agPioebZKK0qJF20qeEJfKtwZMJPqVfb/wMrBD7pV/dWjRbfu
    &lt;/div&gt;
   
    &lt;div&gt;
      test92945@example.com | $2a$10$o7NXCjRG/VczhWq01y4q0O94Fl6KumOP.ObeE/QxgajjqirkGGrzi
    &lt;/div&gt;
   
    &lt;div&gt;
      test92946@example.com | $2a$10$qe7xSXsj83oVRUa37EWVF..zX3H6UJoplqeS/ynWBkJrxJhKvxDua
    &lt;/div&gt;
   
    &lt;div&gt;
      test92947@example.com | $2a$10$zP20WcFM4PB7cCLauOScNur3e8e221wd7NCUDFCdcylWCKdBZw3zW
    &lt;/div&gt;
   
    &lt;div&gt;
      test92948@example.com | $2a$10$L2Im3zy4kjFQfOJZiACvE.7cqMMFe9fLejJLydViXwxAs3wMesI9S
    &lt;/div&gt;
   
    &lt;div&gt;
      test92949@example.com | $2a$10$WRcoaS5TypYsuC1h.H3Xpe/K.q7eP.WOQeM0IpA5qTJNkMUjOgS4.
    &lt;/div&gt;
   
    &lt;div&gt;
      test92950@example.com | $2a$10$HsU8S61dGXJSId577feYCOkH9jtMmvjbeu.BEDYmMUkzPaoO.KVRO
    &lt;/div&gt;
   
    &lt;div&gt;
      test92951@example.com | $2a$10$bl.qc.d.lhTNf1JVJHoc5.ku8K/6Kln32m20.vT7ACAl8XJgt0.PC
    &lt;/div&gt;
   
    &lt;div&gt;
      test92952@example.com | $2a$10$ix7iViDyIyVecHQjzQmScet2zZo.2xEi3LJAdi.qAO.IXMpwYv8Ce
    &lt;/div&gt;
   
    &lt;div&gt;
      test92953@example.com | $2a$10$7X/ADDCik3SaVggL.MVI/OvT/d6TD9uByqjHMMrOBegmlLhEFCRGG
    &lt;/div&gt;
   
    &lt;div&gt;
      test92954@example.com | $2a$10$/K9vX1vzOZ10cWLxO3ccXeTk7PvyUpsX5bVQgrzQTmF0mZRKg3iY.
    &lt;/div&gt;
   
    &lt;div&gt;
      test92955@example.com | $2a$10$QRUhGaDwsrQOBbag6cn5ZeWz1OqFpOnMNKwiJF.xIfpXIThtWev3u
    &lt;/div&gt;
   
    &lt;div&gt;
      test92956@example.com | $2a$10$0w/Fj161Ykk7DvJcN0RUD.o4JpiKLbJlfn2g3TRku3pe4TlNqFLUe
    &lt;/div&gt;
   
    &lt;div&gt;
      test92957@example.com | $2a$10$3kjbNfpwuqZeoUdPU8IP9uWs.WSGW6AMZr6iuTZTkEbXd7lGjBQQi
    &lt;/div&gt;
   
    &lt;div&gt;
      test92958@example.com | $2a$10$bJdK8BdH6qXBESS5yDInAOZiq.l7lT4m7qWUnc3Qtm5nqj45ITjKa
    &lt;/div&gt;
   
    &lt;div&gt;
      test92959@example.com | $2a$10$SklpLoMovySBEuwltTRRSuU4LOwKZTRxNmPADXrA2zuBGeRMXQZrm
    &lt;/div&gt;
   
    &lt;div&gt;
      test92960@example.com | $2a$10$3Zn4cDwVcNEOPHwBbwvffeoMMWPdS9GcXkR5pYhMpCa6wDlInIePy
    &lt;/div&gt;
   
    &lt;div&gt;
      test92961@example.com | $2a$10$BMzgvnxLEvtjlRtJ/K9mxuokPYg9unJBAjldWkF06.xCouPKS5CHu
    &lt;/div&gt;
   
    &lt;div&gt;
      test92962@example.com | $2a$10$W5uy9FXqf0xh9QaK.er8D.LGhuXV2vanTQODweQIr.j1RUco4z8jK
    &lt;/div&gt;
   
    &lt;div&gt;
      test92963@example.com | $2a$10$dNZjeyQKy9SOIhI6ZU2aQOm8Moesa0EFjwGLc236pk25qYFlIdfIq
    &lt;/div&gt;
   
    &lt;div&gt;
      test92964@example.com | $2a$10$Etaf0QvB88gExngc58w0dORnCRhS.fCDTpZm/mDVNbkjw3OHUAIDW
    &lt;/div&gt;
   
    &lt;div&gt;
      test92965@example.com | $2a$10$dZiTCRi/FI6ttPpYDsyLS.UcRIBIqALO7lksJzd54LRMvOeqcTo0S
    &lt;/div&gt;
   
    &lt;div&gt;
      test92966@example.com | $2a$10$GT/QJ.PVUUc3Q4UmAeWlZOKyeB60GVP2rEJGR3t6TlLj0Wqu9K0eu
    &lt;/div&gt;
   
    &lt;div&gt;
      test92967@example.com | $2a$10$ZSoa77.dxS3wfK.fG0EOgexSYCj/yK2LRrxdf3p8791GeU47KDrVK
    &lt;/div&gt;
   
    &lt;div&gt;
      test92968@example.com | $2a$10$ewyyBCXf0nkHIv2wmu/Wt.FXiCvPiH967zxwR6pJCzlcVVtuF2zUq
    &lt;/div&gt;
   
    &lt;div&gt;
      test92969@example.com | $2a$10$i3cJzLYlsiE5kXCsTMKoxOTfHYJPjFpPaQtGqnbe5nEcrquVWgnMi
    &lt;/div&gt;
   
    &lt;div&gt;
      test92970@example.com | $2a$10$tfOPxVBVwhpZ8FlG1lfIt.sjgfV0/y8YjyURY/utNBgH45iCR/y5C
    &lt;/div&gt;
   
    &lt;div&gt;
      test92971@example.com | $2a$10$NQb5zUxW3nWb.Mbr5JshPetE2me43fWlotSw.cvxRFwuFBdv3ktUa
    &lt;/div&gt;
   
    &lt;div&gt;
      test92972@example.com | $2a$10$5l/55FbDbaaN9nglxYEXqO0mAa4eZSc.QW9Jad2s9yXtW9xCB1R3K
    &lt;/div&gt;
   
    &lt;div&gt;
      test92973@example.com | $2a$10$ylAuG7i6MYPUgcF0tCE1CO4H91WbBUsMhXwlfQXikyt59VnvnBa/q
    &lt;/div&gt;
   
    &lt;div&gt;
      test92974@example.com | $2a$10$Wj4jb3vPmT4M.G48E/H2HOmBFVYABih0O4/6V.DtuTVgeqDj2Yr.S
    &lt;/div&gt;
   
    &lt;div&gt;
      test92975@example.com | $2a$10$G27TKGquNQ7Bui6iZCTwF.Tjwlz6cPn1r0OcUvLMpGEfcQqyQk.f.
    &lt;/div&gt;
   
    &lt;div&gt;
      test92976@example.com | $2a$10$hsoP7rBGmQGlURF47q1I1.gUO82xcRL8eDa.7/CJeq4QARmhizBfa
    &lt;/div&gt;
   
    &lt;div&gt;
      test92977@example.com | $2a$10$wG4wzbsHqOpyEIvf/wRVUOqJ6EUl4k4LmqjFW/PmBBSWrXUMhySr2
    &lt;/div&gt;
   
    &lt;div&gt;
      test92978@example.com | $2a$10$pynyR97U24qzCaBCsQpzxuFB9AsxumpENNTZJiYqXdyYdEx/ojamG
    &lt;/div&gt;
   
    &lt;div&gt;
      test92979@example.com | $2a$10$ld.D9mGbHWp6cXm9MFbkKueVM3IuX/0WwL24F/nTFWaTfi/5Ta0yO
    &lt;/div&gt;
   
    &lt;div&gt;
      test92980@example.com | $2a$10$8aaTJ1qVHJSs8DcT3QHMFugsUoHRwguMXTj6yLxYtQFGj5EHmB8.i
    &lt;/div&gt;
   
    &lt;div&gt;
      test92981@example.com | $2a$10$hPJHEsZ8No6bOQU5HMksB.XmMMAS67aqDatidCXENb13SLJMT7Iae
    &lt;/div&gt;
   
    &lt;div&gt;
      test92982@example.com | $2a$10$vqwdiWH6uxfr7/LjTQ2TB.G7NS2CFyuGlz2Vccp.whU6T6L0h4YAe
    &lt;/div&gt;
   
    &lt;div&gt;
      test92983@example.com | $2a$10$vVy.KUg3DGRo3ghL96hiiu.7oc3cUcAQ2PbieL45cQI0L6Wu3dtQ2
    &lt;/div&gt;
   
    &lt;div&gt;
      test92984@example.com | $2a$10$i5PWf7UPmabCl7ZYqAuqFuMPIAi5IaC9DUl1xRmtmNUZaOQ/Ozp8e
    &lt;/div&gt;
   
    &lt;div&gt;
      test92985@example.com | $2a$10$XdPYqwDeHIm5gDZWrteulO/lp/ybG.6yUgM5M9TE5oZi1lAXJCkuy
    &lt;/div&gt;
   
    &lt;div&gt;
      test92986@example.com | $2a$10$H2yqqEbfgJlCuLMDrdZpM.6OA2gsGDQ52rjsBM0MYD9hTpbiISrJa
    &lt;/div&gt;
   
    &lt;div&gt;
      test92987@example.com | $2a$10$8zLMtxErFd.wqfq2yzCGbuNgSFUwpBpEJv6l9AiapCwaz8ebBdpty
    &lt;/div&gt;
   
    &lt;div&gt;
      test92988@example.com | $2a$10$bBqG7ZSfe6CZDnKat3S6n.u9Pc55AqGjQCWjW2IACrrawC4axbE3G
    &lt;/div&gt;
   
    &lt;div&gt;
      test92989@example.com | $2a$10$GfjpSjh61r5OrCGcuq6OQuvAIyITEqmeGctVk2StwTHmax1OWxV4q
    &lt;/div&gt;
   
    &lt;div&gt;
      test92990@example.com | $2a$10$uZwxx/YMaJmtuus.hZF4JOSSHcxCBpYvazoAdcWJfrQzuY2XzCQRG
    &lt;/div&gt;
   
    &lt;div&gt;
      test92991@example.com | $2a$10$ZSLFtv8fGAX9jZluK6bAfOEokId0BcnZxbYIatvrWqFi/33G89TMq
    &lt;/div&gt;
   
    &lt;div&gt;
      test92992@example.com | $2a$10$/R5oczHg03Ek28I10smOoedNp0v0aGvUuLMtW8OGoIEeWuga.pJdG
    &lt;/div&gt;
   
    &lt;div&gt;
      test92993@example.com | $2a$10$3kdIUAzF09oj8gm9cYuG4.vHhd3CRmtBEBoswmGe8Oiqw2yBAFBE6
    &lt;/div&gt;
   
    &lt;div&gt;
      test92994@example.com | $2a$10$pQafWGIkXe2AHBMindz73uZ3rEl5D.VDAR.BfDnu1/7zK0O6Q2JUq
    &lt;/div&gt;
   
    &lt;div&gt;
      test92995@example.com | $2a$10$gzTewWzfTk5/C9iTcWmvaOMZqaJkCWc07dpT8czau80pruXzp5LH6
    &lt;/div&gt;
   
    &lt;div&gt;
      test92996@example.com | $2a$10$MIjWiSPyPXljixu.DvVsKuq9WFvf7DOsEeTREQms35t..0BNzxRT6
    &lt;/div&gt;
   
    &lt;div&gt;
      test92997@example.com | $2a$10$aYks34El2j3.Jrn0EYJVledAwayRVbk93.29IV16h4QYC3CthtZv6
    &lt;/div&gt;
   
    &lt;div&gt;
      test92998@example.com | $2a$10$/IY4GPI8QasCWqaGiRAjDee0q/r8NCHiQtmelvhaVjVDPcW1VY0J.
    &lt;/div&gt;
   
    &lt;div&gt;
      test92999@example.com | $2a$10$qCnPD0jxYg935ya8r0KmYeKyj.AM2Zcjiu9PLYXkAQIrjqxXqoZry
    &lt;/div&gt;
   
    &lt;div&gt;
      test93000@example.com | $2a$10$qUXNCEyEfMLq0LV/bMH/AOuFVjqK3RLNweJqP1K81Tk/4zz6etcIq
    &lt;/div&gt;
   
    &lt;div&gt;
      test93001@example.com | $2a$10$nLyFTwkQlcVitvfX6if6HOtW0vQfwtDcU1vFcGAY7hQY9ycSVe.aS
    &lt;/div&gt;
   
    &lt;div&gt;
      test93002@example.com | $2a$10$8.0wNKX5V6Yt8s6Cb7RGjeBs6K9mQDrlMGQkyIDz0.0eVe1uejamO
    &lt;/div&gt;
   
    &lt;div&gt;
      test93003@example.com | $2a$10$v84ODnbVaBnbFX.IgE/zL.zCE.UOcDofgUEqZUfP3/1P6As.IefOy
    &lt;/div&gt;
   
    &lt;div&gt;
      test93004@example.com | $2a$10$DcG7qmemLsQmIMwpCWxfTeJFVHNRFBMdEmIFfrw/eyq6EyujnB2LC
    &lt;/div&gt;
   
    &lt;div&gt;
      test93005@example.com | $2a$10$56HA3c6Xdc4sqY5qeu49XefctzroTC03jm4.C060gHIbg0lRLVUjS
    &lt;/div&gt;
   
    &lt;div&gt;
      test93006@example.com | $2a$10$4TyisshVTwH0VoYGI86Jmuk4IF/NOnPLKPTDStyuXxMs0klu/GbSO
    &lt;/div&gt;
   
    &lt;div&gt;
      test93007@example.com | $2a$10$Ti5wUVhEi.kVgTTkUuqwfevAyZBzmyVlIBGpM3K2.8i.ETEjkJcmu
    &lt;/div&gt;
   
    &lt;div&gt;
      test93008@example.com | $2a$10$PGCxKITFqJ.LrsZE31JXN.5eqCF4qqZ4r8lvUvstUHZ5U.V7M2Ht.
    &lt;/div&gt;
   
    &lt;div&gt;
      test93009@example.com | $2a$10$kzQ0bbAhfN83rOPC0VrJVeIFoEpPSDQ/amhm8DCgRAPYDkjfPdflq
    &lt;/div&gt;
   
    &lt;div&gt;
      test93010@example.com | $2a$10$EnBD6zhONA7KXVpwNLIZjOeIw1qPhnwhast6iLZUTTp73CzNvyU7i
    &lt;/div&gt;
   
    &lt;div&gt;
      test93011@example.com | $2a$10$dAO3yj0xodgdUizF3f06ZuWAWl.1DVxlwtA0qfgjf/cRQT2OTrfsi
    &lt;/div&gt;
   
    &lt;div&gt;
      test93012@example.com | $2a$10$.s2GAD/iBr7fp9waZQE1iejbmEMN0mZDmyj6P./VBq8vZ8igVQ5S2
    &lt;/div&gt;
   
    &lt;div&gt;
      test93013@example.com | $2a$10$hnH5hY1eMDdXdF3e5w2QduwIvfLklKyWci4aWb1wokBXF1C/Z/vr6
    &lt;/div&gt;
   
    &lt;div&gt;
      test93014@example.com | $2a$10$UjZiv0uA3ed7bltIYYrOsejPhwZTl0oJ/DR7FlGoGWAoH4.J5miMa
    &lt;/div&gt;
   
    &lt;div&gt;
      test93015@example.com | $2a$10$ri0zYUCI.3bHd1gKNFq5SOzVnAGEWYz6Kp128nnvJx1Azs8/FIJ.G
    &lt;/div&gt;
   
    &lt;div&gt;
      test93016@example.com | $2a$10$xyquvQTYFGz6j58XL3ynbuXKMbuklsCJOEyxirhXJGvc9Kzs6TgEi
    &lt;/div&gt;
   
    &lt;div&gt;
      test93017@example.com | $2a$10$j4JlGKL.M5CwQLlmbZQ./.bTggyXJeYVLof3lIfnXXInb.2K1DTCq
    &lt;/div&gt;
   
    &lt;div&gt;
      test93018@example.com | $2a$10$3vz9Ttbkkp/pfzzbB24eSOpKsrrbBTinMZLyCwgdmV7qakxrw.5mq
    &lt;/div&gt;
   
    &lt;div&gt;
      test93019@example.com | $2a$10$fGWUPbtQjVDcoEdkHv8VSO4fl7uW4wRfBJjU1nKUCObelxLQ.LtHK
    &lt;/div&gt;
   
    &lt;div&gt;
      test93020@example.com | $2a$10$uN01e8KwUZLDgHRqlz6eSOE1xmPNvHkJwlVmgSm57dids/9vyUD6K
    &lt;/div&gt;
   
    &lt;div&gt;
      test93021@example.com | $2a$10$vIP368QrAgjXSCNtmcLOye9Drir1NwRDLFR7Cz1FzAknJHJ6Ky/G.
    &lt;/div&gt;
   
    &lt;div&gt;
      test93022@example.com | $2a$10$ueA650BjexkfZFuiMPI2/u7zRHq8Wu0IHoV35H5Z1wQUJNjSQW.2.
    &lt;/div&gt;
   
    &lt;div&gt;
      test93023@example.com | $2a$10$vB.S899VSvoK3Paw957M0u.Rb4LJ0rdtXq2Hs9WZtEmW2RBj8EpJq
    &lt;/div&gt;
   
    &lt;div&gt;
      test93024@example.com | $2a$10$SOXY0D4cqhZy487pbGDf.eS.uUKARezjIBIePvUClVe4F0gBLsLym
    &lt;/div&gt;
   
    &lt;div&gt;
      test93025@example.com | $2a$10$QAmc4.i5r/BCUQoB9FPmfO9wuQlw01sEnEtdPLV61zPEFUJiOjl/O
    &lt;/div&gt;
   
    &lt;div&gt;
      test93026@example.com | $2a$10$m9ESQiCEnevlzLwuI9ngoedsFpkd8E0kNLURzX4t.C/KpABs4uSuS
    &lt;/div&gt;
   
    &lt;div&gt;
      test93027@example.com | $2a$10$DHwr1xQGNvXyxvu19n7k7u29U3PUI8SYQnFqMyZ/7aYTbrJUv3VBm
    &lt;/div&gt;
   
    &lt;div&gt;
      test93028@example.com | $2a$10$L99RHsqVCfmBYSqNEvzCbe8sDuzj8BZ33ohRRHmrnkiIzYJUbdI0e
    &lt;/div&gt;
   
    &lt;div&gt;
      test93029@example.com | $2a$10$cN6vGMbAaTcLWbm7BSwzKugm9hTITCfvfLXMddmEZLR5DlITuE3Wu
    &lt;/div&gt;
   
    &lt;div&gt;
      test93030@example.com | $2a$10$GRXnvNV1kJrk89ln70NGyucEDs5Z4hMjQpg5gf.fFKvplpLa.Nx9a
    &lt;/div&gt;
   
    &lt;div&gt;
      test93031@example.com | $2a$10$waI7/XdwW/xVveyIC8gpb.STFuJip9Mdyn1gWwnOTtECjULnSCfsy
    &lt;/div&gt;
   
    &lt;div&gt;
      test93032@example.com | $2a$10$PP.2/geK49R8rJM0H6FQJOXz6RpiQsAGAK.y1vFeiTEeJgdYCqLrq
    &lt;/div&gt;
   
    &lt;div&gt;
      test93033@example.com | $2a$10$G50MNkeeNL6l6y6vi8DxDOVUrFV0VM9pexd3n15HMGLUcXQ4Rxch2
    &lt;/div&gt;
  


    &lt;/body&gt;
&lt;/html&gt;

' doesn't contain 'Your new application is ready.'" type="java.lang.Exception">ApplicationSpec$$anonfun$2$$anonfun$apply$3$$anon$2$delayedInit$body.apply(ApplicationSpec.scala:27)
play.api.test.WithApplication$$anonfun$around$1.apply(Specs.scala:20)
play.api.test.WithApplication$$anonfun$around$1.apply(Specs.scala:20)
play.api.test.PlayRunners$class.running(Helpers.scala:45)
play.api.test.Helpers$.running(Helpers.scala:364)
play.api.test.WithApplication.around(Specs.scala:20)
play.api.test.WithApplication.delayedInit(Specs.scala:17)
ApplicationSpec$$anonfun$2$$anonfun$apply$3$$anon$2.&lt;init&gt;(ApplicationSpec.scala:22)
ApplicationSpec$$anonfun$2$$anonfun$apply$3.apply(ApplicationSpec.scala:22)
ApplicationSpec$$anonfun$2$$anonfun$apply$3.apply(ApplicationSpec.scala:22)</failure>
      </testcase>
        <system-out></system-out>
        <system-err></system-err>
      </testsuite>