<testsuite hostname="jasons-mbp.home" name="IntegrationSpec" tests="1" errors="0" failures="1" skipped="0" time="4.264">
        <properties>
[...]
</properties>
        <testcase name="Application should::work from within a browser" classname="IntegrationSpec" time="4.263">
        <failure message="'&lt;?xml version=&quot;1.0&quot; encoding=&quot;UTF-8&quot;?&gt;
&lt;html&gt;
  &lt;head&gt;
    &lt;title&gt;
      TestRestApi
    &lt;/title&gt;
    &lt;link rel=&quot;stylesheet&quot; media=&quot;screen&quot; href=&quot;/assets/stylesheets/main.css&quot;/&gt;
    &lt;link rel=&quot;shortcut icon&quot; type=&quot;image/png&quot; href=&quot;/assets/images/favicon.png&quot;/&gt;
    &lt;script src=&quot;/assets/javascripts/jquery-1.9.0.min.js&quot; type=&quot;text/javascript&quot;&gt;
    &lt;/script&gt;
  &lt;/head&gt;
  &lt;body style=&quot;zoom: 1;&quot;&gt;
    &lt;h1&gt;
      1000 users(s)
    &lt;/h1&gt;
    &lt;div&gt;
      
      test92834@example.com | $2a$10$Y97r5EfDk7Xkma6mAHtyXeZwuQARV3B26z.lwQdGQ5RsTifoDQ4Ey
    
    &lt;/div&gt;
    &lt;div&gt;
      
      test92835@example.com | $2a$10$VTuVQqcuQLSymiNLpnevouh53NJZSAOXgyuKC6jbb6MkQHUPvprqu
    
    &lt;/div&gt;
    &lt;div&gt;
      
      test92836@example.com | $2a$10$g22bz/QiPRUjXboCA5LHe.z7UzqZP1CIhmMxX8ODmGbS78yktsjN2
    
    &lt;/div&gt;
    &lt;div&gt;
      
      test92837@example.com | $2a$10$/ifipndi22du7Fc0UPK.fu3QcvazP7i5uyKqkd5YP2Rw2Vzhtt70a
    
    &lt;/div&gt;
    &lt;div&gt;
      
      test92838@example.com | $2a$10$JQsfgVWWCMyQgIP7uK/xheOJEMAxw.b.7umdXVLID8w28bholtymW
    
    &lt;/div&gt;
    &lt;div&gt;
      
      test92839@example.com | $2a$10$gpd6LZcGM0gREFo9MdCekObabMUlWw.I7flWZk0Bex5cD7vi78SJK
    
    &lt;/div&gt;
    &lt;div&gt;
      
      test92840@example.com | $2a$10$jE2suwKY6R2bo17LD0tLSeobgQ2QQT1B894h.UnofvKLr2VdpyxWu
    
    &lt;/div&gt;
    &lt;div&gt;
      
      test92841@example.com | $2a$10$eR8iMdS1yqoUr31hqWBmlehYacSqq5tZ2UIgUN89EUqoe7XB7rVu2
    
    &lt;/div&gt;
    &lt;div&gt;
      
      test92842@example.com | $2a$10$vV2SMTlLpA5R/zv5jnx3HuCYtwFwV8nAlH12iQ3tvNmW53RKmD8Fu
    
    &lt;/div&gt;
    &lt;div&gt;
      
      test92843@example.com | $2a$10$yTnrb7zJLIH/RqORs0glIeS5nuVnRiiTIYf1vuyMbL7OWuW2FoDD6
    
    &lt;/div&gt;
    &lt;div&gt;
      
      test92844@example.com | $2a$10$k/uH1e53zCRj4EpzQwKbxeZdxJ29PwMw1Z.rqgShxSF8A17GvrzAO
    
    &lt;/div&gt;
    &lt;div&gt;
      
      test92845@example.com | $2a$10$daINCGvoQS9Mfyqa4HiKee5bPKtawL6x1hazngWJTqNne5OeeEVa6
    
    &lt;/div&gt;
    &lt;div&gt;
      
      test92846@example.com | $2a$10$n4Z/dINiBXGFp7/a4LcjQ.gAkvQ033tfMuPxjfehR7TnkqGlLiqtm
    
    &lt;/div&gt;
    &lt;div&gt;
      
      test92847@example.com | $2a$10$oosRd0IQ5U4hMdX5tWdf4OEveyk7m/jTRwmYcNw2Iulka0i/fSJBq
    
    &lt;/div&gt;
    &lt;div&gt;
      
      test92848@example.com | $2a$10$ScwB33yA3bEHBYct8Ha7uub43rT0bl.tzTfcEwTmxKwaxZmgv3cwK
    
    &lt;/div&gt;
    &lt;div&gt;
      
      test92849@example.com | $2a$10$RUpFMH5agpnDffnc/DUT9uABb8qDeevaDb7.4oSFxtoTfZnzwvYsa
    
    &lt;/div&gt;
    &lt;div&gt;
      
      test92850@example.com | $2a$10$yOBmTf0.j.ap9bL3Ho6jcekU5DmIj0veNyUVE97PBwIU1gpOOs6Oe
    
    &lt;/div&gt;
    &lt;div&gt;
      
      test92851@example.com | $2a$10$BCeniCh999Mjlsu/gVettOxSiRB4P4NbESKe96LSoIh8B0NXPjCTa
    
    &lt;/div&gt;
    &lt;div&gt;
      
      test92852@example.com | $2a$10$AdnA58IbRD.i0pFUlONk2evt.eaKZk2aIFnqWBZO1OmdzT/pd0rCK
    
    &lt;/div&gt;
    &lt;div&gt;
      
      test92853@example.com | $2a$10$bUcEwk0yh3lhk1PYYZxmvOeZmwJIU0APS/qy1ieTbBi9zSwYT8jiG
    
    &lt;/div&gt;
    &lt;div&gt;
      
      test92854@example.com | $2a$10$wwo1ooMRFKZBwoJEORvp.ug5N5Wx15lF.Ha60i53.nfZu2ZvVhS3y
    
    &lt;/div&gt;
    &lt;div&gt;
      
      test92855@example.com | $2a$10$WjlNtsH7rXiUqE4ZTUbj9uNQGegEQCHn2PNW9MBimO7VIEQkpamjm
    
    &lt;/div&gt;
    &lt;div&gt;
      
      test92856@example.com | $2a$10$5.9wxoa4pArnq9t9bqshJeV47q3b1OtYKJOPNLqcKIFxvUJ0wYLkS
    
    &lt;/div&gt;
    &lt;div&gt;
      
      test92857@example.com | $2a$10$tlu4wp7FiwfhVyAS2DK3DeauOavMAzPnX7A0TGJ3j2Kkz4hNT47Va
    
    &lt;/div&gt;
    &lt;div&gt;
      
      test92858@example.com | $2a$10$DvG9rs4IZJNFzXYgdwNksOloEo/4wfbaOAqH4BQ6WrJ6k45ro4igK
    
    &lt;/div&gt;
    &lt;div&gt;
      
      test92859@example.com | $2a$10$FSeDVGdN80LKJ9CVRM9xFuyVLr11Nm5Jada1zxP6Pj17C55DJnSXS
    
    &lt;/div&gt;
    &lt;div&gt;
      
      test92860@example.com | $2a$10$z344eK7LVUWRdj0JmOViDuTsQoZKW6o2MLfgf1rVCkQutVdtAecR6
    
    &lt;/div&gt;
    &lt;div&gt;
      
      test92861@example.com | $2a$10$UUuVMQhZdeXqZOx1wqC7/ukydzReEjoprnWc9cJyn9PfCl4av2COW
    
    &lt;/div&gt;
    &lt;div&gt;
      
      test92862@example.com | $2a$10$XVPnK4Q389U9veOsVrtL.u9sKal/hCWRDL7S6e8gHyjft32vai0AW
    
    &lt;/div&gt;
    &lt;div&gt;
      
      test92863@example.com | $2a$10$YN9iJIEXYF6Lr.ioj0UeLeGbCh/BI3FcCbJJtUoKchdGCdB7PPya.
    
    &lt;/div&gt;
    &lt;div&gt;
      
      test92864@example.com | $2a$10$hhU5n6jKmpcueZBM3S4X5uBPCgf9Ajn0zIL0rWsTkmgxop5ZomjM2
    
    &lt;/div&gt;
    &lt;div&gt;
      
      test92865@example.com | $2a$10$ufPaHT7Kl8X7eF9ay64BqOCwc8yhUK0OOTVF7Tm85/vMyMlOQaqny
    
    &lt;/div&gt;
    &lt;div&gt;
      
      test92866@example.com | $2a$10$q8DF9lR3YgVrFMVXSsapkuj713yqQ1WvNMbUkwvQ2gR04OXwSYYNW
    
    &lt;/div&gt;
    &lt;div&gt;
      
      test92867@example.com | $2a$10$Fc/8ygmc2ukexP4lckamweoOysVFcPZmaMkQ5enpACAl4VNhV/8Su
    
    &lt;/div&gt;
    &lt;div&gt;
      
      test92868@example.com | $2a$10$M6WWZpHLeA6rhyLvEyEdaehcUC0kOjCDgUDRZHZb3eBtLp7Eb3AlO
    
    &lt;/div&gt;
    &lt;div&gt;
      
      test92869@example.com | $2a$10$hA9YyS6PCrQhgiW7PnR/4eSOo6q2HBPfuQDKv0/rKiwpqCvmRRivK
    
    &lt;/div&gt;
    &lt;div&gt;
      
      test92870@example.com | $2a$10$ARvO0O/RTxwR/JLlkdJzr.fhSaJe7l39NgOCfQ9BtXhHTbooB4GYi
    
    &lt;/div&gt;
    &lt;div&gt;
      
      test92871@example.com | $2a$10$RZr5/m2qYcuEViI6Zm0puen0O2oSiZvd6m1tvY2CyQAm64e2DpFVC
    
    &lt;/div&gt;
    &lt;div&gt;
      
      test92872@example.com | $2a$10$JUn8sEu3PPu.Abz8vFagzO.KuwoFmAJtudHcdwvbVGIo2OCsp.L9m
    
    &lt;/div&gt;
    &lt;div&gt;
      
      test92873@example.com | $2a$10$8joWEXYGvI5ube6WFn9nauAFXe9W.IRYbKvUU5DrTXkvs//kXM5di
    
    &lt;/div&gt;
    &lt;div&gt;
      
      test92874@example.com | $2a$10$idt1BFPRQq8axc1j.DvTmuTxQIXnVxAL8k94G14iXVKl6DCJBsq7q
    
    &lt;/div&gt;
    &lt;div&gt;
      
      test92875@example.com | $2a$10$LK.Qo8liVlE1zYB4Kkdk1uSxYHu6b9Cx0b1UxMIME8At6usqY.z46
    
    &lt;/div&gt;
    &lt;div&gt;
      
      test92876@example.com | $2a$10$xw6AohiSF2yeXU/XLKaWm.JxeCn3DCOtmW8/fjuww7lglRncZaCKe
    
    &lt;/div&gt;
    &lt;div&gt;
      
      test92877@example.com | $2a$10$SpVZ3dhuYj1rbQSluN9asu9RXrqwGIOIFarib2ro5Ekr959JYjwdu
    
    &lt;/div&gt;
    &lt;div&gt;
      
      test92878@example.com | $2a$10$hHnjXn.1iTEmeUk/xVAH0OhbdAlASBM.t3FgcoY10sbv8vaAnANfa
    
    &lt;/div&gt;
    &lt;div&gt;
      
      test92879@example.com | $2a$10$1qqxrW5TODMUV0KgeVYrhOWD1tASucw/DltMit.jBRNlqahurE5nO
    
    &lt;/div&gt;
    &lt;div&gt;
      
      test92880@example.com | $2a$10$fQRToSjhVspb9XTAx/kdFueFgYGL1jkL/1PNHZVr4g9yCrhm/hwsm
    
    &lt;/div&gt;
    &lt;div&gt;
      
      test92881@example.com | $2a$10$3gbrPRpNNAVhPoNutlO9J.TKx.0yLKbsWrEXM7.4BlTkTOA01Ij7W
    
    &lt;/div&gt;
    &lt;div&gt;
      
      test92882@example.com | $2a$10$T/1F6UIzJ16AUQimKf2f9urMO7a2fdaptasv6UPRXmpMiBRaqpbIG
    
    &lt;/div&gt;
    &lt;div&gt;
      
      test92883@example.com | $2a$10$38MPP2dNcRaHOW4fGlsHWOBupKtxn52ahkCueIrVbu8vGyAXm98VW
    
    &lt;/div&gt;
    &lt;div&gt;
      
      test92884@example.com | $2a$10$XkBnXAiUz9gTRa1gqWmBbu9JaMy/b7ODx6q83UPVq.gDstMyg1X8q
    
    &lt;/div&gt;
    &lt;div&gt;
      
      test92885@example.com | $2a$10$4BBINEPqFFi.XmgN4ZZBpuRnwHyo.NXYsEbms6cGS2HKRDQA0Ifba
    
    &lt;/div&gt;
    &lt;div&gt;
      
      test92886@example.com | $2a$10$vAyqWhTMN8zI0Gvg3UOYAeHjl4m.WiC/EJX8.KaIQ3jmM36qySXOK
    
    &lt;/div&gt;
    &lt;div&gt;
      
      test92887@example.com | $2a$10$8SXilC03sDyIBXdMmzfzC.joWj.piEsUwidqytIVGDrXY2PF41wOW
    
    &lt;/div&gt;
    &lt;div&gt;
      
      test92888@example.com | $2a$10$BDYuLb40Q8A7BwHw7EqaO.4BjCqi2EsV58RaiS6iNm8fqutiXdl1e
    
    &lt;/div&gt;
    &lt;div&gt;
      
      test92889@example.com | $2a$10$n76gb6IpHoeBzH1gxdwRiOOID73aBt2XGTAjq2UUDCuKg0KoBPKPi
    
    &lt;/div&gt;
    &lt;div&gt;
      
      test92890@example.com | $2a$10$G.hrt9p2rAntoXAQWpqCR..8caDBfjP2KMJ1CKgNYGpmFlrm2AI/G
    
    &lt;/div&gt;
    &lt;div&gt;
      
      test92891@example.com | $2a$10$BR/ma7JyyWCTodiT76S1y.OZ9f7zHfQ25VJqHONKqU0YkhXmb16/G
    
    &lt;/div&gt;
    &lt;div&gt;
      
      test92892@example.com | $2a$10$qsHg9F5oG0a0HvZSPGKRZuWeiVi6NS5E7ECyWHMWpjggCH1uOyXIO
    
    &lt;/div&gt;
    &lt;div&gt;
      
      test92893@example.com | $2a$10$MBDeRTcXFoerpWjy4PwcjOKfVRnK762rWlqJn8oWP2odPGk.n7TpO
    
    &lt;/div&gt;
    &lt;div&gt;
      
      test92894@example.com | $2a$10$Cz31akD9jOZ0IzDYkKH6AOj4vaOUa7gDuc4Jloro70IcQqDPQ8CMa
    
    &lt;/div&gt;
    &lt;div&gt;
      
      test92895@example.com | $2a$10$7FDSzsVKy3y5pTkvdQqKre1EGxHGJ7ju.bmTtWZHWSi/DUio2LMmu
    
    &lt;/div&gt;
    &lt;div&gt;
      
      test92896@example.com | $2a$10$Sni4AUaR8jMt93XA6XBCuOmSCVCHfyhYidUE0DjXOkzXFppOrfJNy
    
    &lt;/div&gt;
    &lt;div&gt;
      
      test92897@example.com | $2a$10$rcFGWyIjcwhU3xOUV1HH9e8SsCQXnuX5dupg0TXIMB4zCueCt2iFG
    
    &lt;/div&gt;
    &lt;div&gt;
      
      test92898@example.com | $2a$10$DIDfqBX.ZgwK5HQyhAI4duuTo/EZzALe5TLogj.1DSugwQxzHcT22
    
    &lt;/div&gt;
    &lt;div&gt;
      
      test92899@example.com | $2a$10$nW3V/LzVOcQI41xuJApdNOvvehMkCdnBTdLy6aVjcGbhsTukrG5te
    
    &lt;/div&gt;
    &lt;div&gt;
      
      test92900@example.com | $2a$10$RHkt5rd.vluOJgRfkzyllu.sE78jd/0a0G7ctrndz2A16Fz/Jn5H.
    
    &lt;/div&gt;
    &lt;div&gt;
      
      test92901@example.com | $2a$10$aljVVFtPvWY1jZDMS1weGOrdSQ1S.Uoz5SqfSvkGeAxv7vtF/ZhGW
    
    &lt;/div&gt;
    &lt;div&gt;
      
      test92902@example.com | $2a$10$LYuWj6ZX6lEZK9cobG7.K.gYZcnwdP4HSYwasIhBkfCvbFiUJj00e
    
    &lt;/div&gt;
    &lt;div&gt;
      
      test92903@example.com | $2a$10$kiy2z9aH6JePHX.Y5rXFI.I9ADAlnpYHXUEdqv5zlEI8tctPyDgva
    
    &lt;/div&gt;
    &lt;div&gt;
      
      test92904@example.com | $2a$10$0h7hyq.1fonqFAp4oTNmwur81FhEOeamQTxGSPTBpZ9W.geoVZ5p2
    
    &lt;/div&gt;
    &lt;div&gt;
      
      test92905@example.com | $2a$10$giNmS/lNFRks1bCisaMH2.jIBS0daxd9Umy9Ry/bSDbOqSeP9MP4W
    
    &lt;/div&gt;
    &lt;div&gt;
      
      test92906@example.com | $2a$10$CKnxcTMwqffWkCZIcU9sweZpUUERV.gBlT9qw4u05eE9jhmMGt3ti
    
    &lt;/div&gt;
    &lt;div&gt;
      
      test92907@example.com | $2a$10$U5m0mYG4md1IVoF.b4Vl4e6GSAl4aJOmdoLLcHG2C2OK7ookSj/.e
    
    &lt;/div&gt;
    &lt;div&gt;
      
      test92908@example.com | $2a$10$3ApFNKQ6wqBki8g9asyV5ePb8fIPIdtRjpzpCUrXnxEq9Pw/kat8m
    
    &lt;/div&gt;
    &lt;div&gt;
      
      test92909@example.com | $2a$10$P.sMcGEU/JhOcPQDBVnf7Ot.X.BBGKKBty2nTBIXXfqRH8mdaXOmy
    
    &lt;/div&gt;
    &lt;div&gt;
      
      test92910@example.com | $2a$10$DKuCtl6PaiIy1jZxS0/uy.L619zkXZl9HD1.nzKjNzr6urTLNMhGq
    
    &lt;/div&gt;
    &lt;div&gt;
      
      test92911@example.com | $2a$10$czpw1khFAcAjcUCXNCx6H.yEUEYxWnypSHNNkDXjUxJS8TgBjqlKi
    
    &lt;/div&gt;
    &lt;div&gt;
      
      test92912@example.com | $2a$10$METE6VzKwzFeKKqS3yMJkO/wcEk/rUbxOR0FHauP7Mt9iSH9ITn5m
    
    &lt;/div&gt;
    &lt;div&gt;
      
      test92913@example.com | $2a$10$2/2dLnEtdplpOHzgcaFQHOLhyNjIbygdNdFTzQxviO1mhNZR7Q2we
    
    &lt;/div&gt;
    &lt;div&gt;
      
      test92914@example.com | $2a$10$nI.oQxfQYsimdVYnsudwKuofutVO09KuyaNhiOiOcRLn58TCQfCNK
    
    &lt;/div&gt;
    &lt;div&gt;
      
      test92915@example.com | $2a$10$O9vIbT4dDTQlK1Oq7kv/BONYAfMvP4D9qkBK8ncgq/Hin8DoJEPXy
    
    &lt;/div&gt;
    &lt;div&gt;
      
      test92916@example.com | $2a$10$8GcgFKekX.4bC3sp1/HdWe5iIZoRzCe2C7pnsr7cKvUc8Iex6QpCS
    
    &lt;/div&gt;
    &lt;div&gt;
      
      test92917@example.com | $2a$10$qWF73qj653RSvOkeH47BguoFTRvUg6QNIob.s4F9sq47yuiAOo4H.
    
    &lt;/div&gt;
    &lt;div&gt;
      
      test92918@example.com | $2a$10$.TCbBvyTxkhBubGs8zulDePf./OFUklc3m6s4etlnirNHUve14cnW
    
    &lt;/div&gt;
    &lt;div&gt;
      
      test92919@example.com | $2a$10$Akdts7rX9QfiPZqie.L05.QI2SASrAoKtYSau48rDbB1FFwg1L4ae
    
    &lt;/div&gt;
    &lt;div&gt;
      
      test92920@example.com | $2a$10$w69UtCNkAskyJ075iV4LCuo4.OkT.8zCfc7YYinqe20K/KTUKFPla
    
    &lt;/div&gt;
    &lt;div&gt;
      
      test92921@example.com | $2a$10$sx.q/Ch51aQfBAiw33cDCOGXd3jepqMoyd/ePJH92AV9PLRC9hk4S
    
    &lt;/div&gt;
    &lt;div&gt;
      
      test92922@example.com | $2a$10$oUTrZcHeDkRf8cyaRjoayuubOnu13CvzfhguZHq1xGneqscoFAKxe
    
    &lt;/div&gt;
    &lt;div&gt;
      
      test92923@example.com | $2a$10$//UcRMV66vaVP6w9iI4iGe7AOmP9hTtNaA1ODfaWekDMSUCxuCDz2
    
    &lt;/div&gt;
    &lt;div&gt;
      
      test92924@example.com | $2a$10$OeokfzgDoVZdX1Q47AyKpOb9ph5crGlrZxsFT602i/07xzu24aUdm
    
    &lt;/div&gt;
    &lt;div&gt;
      
      test92925@example.com | $2a$10$ED55h3TWCjcC6bOQfvAUBOhWUTL2tW16Uw8KuKs0UP7F.l2T52oXe
    
    &lt;/div&gt;
    &lt;div&gt;
      
      test92926@example.com | $2a$10$svEMLPZWZFLU4qM4gGvlB.JX.fQSBPcic/gOaVlQojB4dKtrikLdi
    
    &lt;/div&gt;
    &lt;div&gt;
      
      test92927@example.com | $2a$10$Sy8fZHrHoT7xqmW/36PB3.m57ROP6Jz7AysmkPg13tcWi/dOrzcpq
    
    &lt;/div&gt;
    &lt;div&gt;
      
      test92928@example.com | $2a$10$BlP2cmuFvnUCPo.Nx26vpu1ejsrE9pHw8XCA2G.lIY8M47n3aM/s2
    
    &lt;/div&gt;
    &lt;div&gt;
      
      test92929@example.com | $2a$10$X0lC2Z/gUQ.zZEg6eWZGoeMfldWRDkXbD5lDs96V0tXshkOcVoFXK
    
    &lt;/div&gt;
    &lt;div&gt;
      
      test92930@example.com | $2a$10$pooIups6RXTU8esG9b93PejFOk.MWbfCABn9h1CFQXIp6fXtXE8IG
    
    &lt;/div&gt;
    &lt;div&gt;
      
      test92931@example.com | $2a$10$p2w9Um/yJYUNpqEu.QM7lOSM8si9YLaaXywoXjm8xGcWfNNM2ixbK
    
    &lt;/div&gt;
    &lt;div&gt;
      
      test92932@example.com | $2a$10$WwSOPvQIxxwdLJJkQ2K4GuTbbkbfVoTVzMpWdMV/jkKH3IWg06KcC
    
    &lt;/div&gt;
    &lt;div&gt;
      
      test92933@example.com | $2a$10$oHXreAIclNlq.kMon8T3NeE1dKdqMl2jZNue/ZkgL1HeFV8x4cmOm
    
    &lt;/div&gt;
    &lt;div&gt;
      
      test92934@example.com | $2a$10$pt8GAyA9bTh/X4sTurcBA.T9goPwLe.fI25m4WsoGKpsN0HSAgmFG
    
    &lt;/div&gt;
    &lt;div&gt;
      
      test92935@example.com | $2a$10$SvnzoGKF9Sy6Yo5fRIJfmeaIx.9b2OdZ5N7niFxNWhokuUAmqL4aW
    
    &lt;/div&gt;
    &lt;div&gt;
      
      test92936@example.com | $2a$10$XIJnUMoN6y2Q0pNeg6Ow2ejReh1mPpaIiUZDg/kTsxWukqu/2LjXq
    
    &lt;/div&gt;
    &lt;div&gt;
      
      test92937@example.com | $2a$10$fboDRaOmNRAcQQW7BXvTFOhw/enn56o2GO9yGrB2lMlBOieaYIlNq
    
    &lt;/div&gt;
    &lt;div&gt;
      
      test92938@example.com | $2a$10$tTYKYPdInU6ERKUg3VfszuLZhl8YFht0AQ5r0/FKGRgRzVHJlEkQq
    
    &lt;/div&gt;
    &lt;div&gt;
      
      test92939@example.com | $2a$10$5GvG2gThtk93M7d/h/W89uJQQym89JWnqw24pabqLeWH0rUwuhU16
    
    &lt;/div&gt;
    &lt;div&gt;
      
      test92940@example.com | $2a$10$5MGq6c7bGynoHD8OtdQ3MewGcI91AIYJim1HT2gk4HjE1SQCocR3S
    
    &lt;/div&gt;
    &lt;div&gt;
      
      test92941@example.com | $2a$10$1/74XmudPTWFHAQjECmda.hBnLwWwcWHmZkQBIbHj782ofluEg2/W
    
    &lt;/div&gt;
    &lt;div&gt;
      
      test92942@example.com | $2a$10$AYb6NmVZn8tRMQPe4lO/Du9eiidv4ImtaMOf0QnsbaDAS6EyFQTHO
    
    &lt;/div&gt;
    &lt;div&gt;
      
      test92943@example.com | $2a$10$QJBmvhKZNKWu91aNSI5nHO5uCYBovwmvHi7Rk9ya8234beoyHUUH6
    
    &lt;/div&gt;
    &lt;div&gt;
      
      test92944@example.com | $2a$10$hn8/agPioebZKK0qJF20qeEJfKtwZMJPqVfb/wMrBD7pV/dWjRbfu
    
    &lt;/div&gt;
    &lt;div&gt;
      
      test92945@example.com | $2a$10$o7NXCjRG/VczhWq01y4q0O94Fl6KumOP.ObeE/QxgajjqirkGGrzi
    
    &lt;/div&gt;
    &lt;div&gt;
      
      test92946@example.com | $2a$10$qe7xSXsj83oVRUa37EWVF..zX3H6UJoplqeS/ynWBkJrxJhKvxDua
    
    &lt;/div&gt;
    &lt;div&gt;
      
      test92947@example.com | $2a$10$zP20WcFM4PB7cCLauOScNur3e8e221wd7NCUDFCdcylWCKdBZw3zW
    
    &lt;/div&gt;
    &lt;div&gt;
      
      test92948@example.com | $2a$10$L2Im3zy4kjFQfOJZiACvE.7cqMMFe9fLejJLydViXwxAs3wMesI9S
    
    &lt;/div&gt;
    &lt;div&gt;
      
      test92949@example.com | $2a$10$WRcoaS5TypYsuC1h.H3Xpe/K.q7eP.WOQeM0IpA5qTJNkMUjOgS4.
    
    &lt;/div&gt;
    &lt;div&gt;
      
      test92950@example.com | $2a$10$HsU8S61dGXJSId577feYCOkH9jtMmvjbeu.BEDYmMUkzPaoO.KVRO
    
    &lt;/div&gt;
    &lt;div&gt;
      
      test92951@example.com | $2a$10$bl.qc.d.lhTNf1JVJHoc5.ku8K/6Kln32m20.vT7ACAl8XJgt0.PC
    
    &lt;/div&gt;
    &lt;div&gt;
      
      test92952@example.com | $2a$10$ix7iViDyIyVecHQjzQmScet2zZo.2xEi3LJAdi.qAO.IXMpwYv8Ce
    
    &lt;/div&gt;
    &lt;div&gt;
      
      test92953@example.com | $2a$10$7X/ADDCik3SaVggL.MVI/OvT/d6TD9uByqjHMMrOBegmlLhEFCRGG
    
    &lt;/div&gt;
    &lt;div&gt;
      
      test92954@example.com | $2a$10$/K9vX1vzOZ10cWLxO3ccXeTk7PvyUpsX5bVQgrzQTmF0mZRKg3iY.
    
    &lt;/div&gt;
    &lt;div&gt;
      
      test92955@example.com | $2a$10$QRUhGaDwsrQOBbag6cn5ZeWz1OqFpOnMNKwiJF.xIfpXIThtWev3u
    
    &lt;/div&gt;
    &lt;div&gt;
      
      test92956@example.com | $2a$10$0w/Fj161Ykk7DvJcN0RUD.o4JpiKLbJlfn2g3TRku3pe4TlNqFLUe
    
    &lt;/div&gt;
    &lt;div&gt;
      
      test92957@example.com | $2a$10$3kjbNfpwuqZeoUdPU8IP9uWs.WSGW6AMZr6iuTZTkEbXd7lGjBQQi
    
    &lt;/div&gt;
    &lt;div&gt;
      
      test92958@example.com | $2a$10$bJdK8BdH6qXBESS5yDInAOZiq.l7lT4m7qWUnc3Qtm5nqj45ITjKa
    
    &lt;/div&gt;
    &lt;div&gt;
      
      test92959@example.com | $2a$10$SklpLoMovySBEuwltTRRSuU4LOwKZTRxNmPADXrA2zuBGeRMXQZrm
    
    &lt;/div&gt;
    &lt;div&gt;
      
      test92960@example.com | $2a$10$3Zn4cDwVcNEOPHwBbwvffeoMMWPdS9GcXkR5pYhMpCa6wDlInIePy
    
    &lt;/div&gt;
    &lt;div&gt;
      
      test92961@example.com | $2a$10$BMzgvnxLEvtjlRtJ/K9mxuokPYg9unJBAjldWkF06.xCouPKS5CHu
    
    &lt;/div&gt;
    &lt;div&gt;
      
      test92962@example.com | $2a$10$W5uy9FXqf0xh9QaK.er8D.LGhuXV2vanTQODweQIr.j1RUco4z8jK
    
    &lt;/div&gt;
    &lt;div&gt;
      
      test92963@example.com | $2a$10$dNZjeyQKy9SOIhI6ZU2aQOm8Moesa0EFjwGLc236pk25qYFlIdfIq
    
    &lt;/div&gt;
    &lt;div&gt;
      
      test92964@example.com | $2a$10$Etaf0QvB88gExngc58w0dORnCRhS.fCDTpZm/mDVNbkjw3OHUAIDW
    
    &lt;/div&gt;
    &lt;div&gt;
      
      test92965@example.com | $2a$10$dZiTCRi/FI6ttPpYDsyLS.UcRIBIqALO7lksJzd54LRMvOeqcTo0S
    
    &lt;/div&gt;
    &lt;div&gt;
      
      test92966@example.com | $2a$10$GT/QJ.PVUUc3Q4UmAeWlZOKyeB60GVP2rEJGR3t6TlLj0Wqu9K0eu
    
    &lt;/div&gt;
    &lt;div&gt;
      
      test92967@example.com | $2a$10$ZSoa77.dxS3wfK.fG0EOgexSYCj/yK2LRrxdf3p8791GeU47KDrVK
    
    &lt;/div&gt;
    &lt;div&gt;
      
      test92968@example.com | $2a$10$ewyyBCXf0nkHIv2wmu/Wt.FXiCvPiH967zxwR6pJCzlcVVtuF2zUq
    
    &lt;/div&gt;
    &lt;div&gt;
      
      test92969@example.com | $2a$10$i3cJzLYlsiE5kXCsTMKoxOTfHYJPjFpPaQtGqnbe5nEcrquVWgnMi
    
    &lt;/div&gt;
    &lt;div&gt;
      
      test92970@example.com | $2a$10$tfOPxVBVwhpZ8FlG1lfIt.sjgfV0/y8YjyURY/utNBgH45iCR/y5C
    
    &lt;/div&gt;
    &lt;div&gt;
      
      test92971@example.com | $2a$10$NQb5zUxW3nWb.Mbr5JshPetE2me43fWlotSw.cvxRFwuFBdv3ktUa
    
    &lt;/div&gt;
    &lt;div&gt;
      
      test92972@example.com | $2a$10$5l/55FbDbaaN9nglxYEXqO0mAa4eZSc.QW9Jad2s9yXtW9xCB1R3K
    
    &lt;/div&gt;
    &lt;div&gt;
      
      test92973@example.com | $2a$10$ylAuG7i6MYPUgcF0tCE1CO4H91WbBUsMhXwlfQXikyt59VnvnBa/q
    
    &lt;/div&gt;
    &lt;div&gt;
      
      test92974@example.com | $2a$10$Wj4jb3vPmT4M.G48E/H2HOmBFVYABih0O4/6V.DtuTVgeqDj2Yr.S
    
    &lt;/div&gt;
    &lt;div&gt;
      
      test92975@example.com | $2a$10$G27TKGquNQ7Bui6iZCTwF.Tjwlz6cPn1r0OcUvLMpGEfcQqyQk.f.
    
    &lt;/div&gt;
    &lt;div&gt;
      
      test92976@example.com | $2a$10$hsoP7rBGmQGlURF47q1I1.gUO82xcRL8eDa.7/CJeq4QARmhizBfa
    
    &lt;/div&gt;
    &lt;div&gt;
      
      test92977@example.com | $2a$10$wG4wzbsHqOpyEIvf/wRVUOqJ6EUl4k4LmqjFW/PmBBSWrXUMhySr2
    
    &lt;/div&gt;
    &lt;div&gt;
      
      test92978@example.com | $2a$10$pynyR97U24qzCaBCsQpzxuFB9AsxumpENNTZJiYqXdyYdEx/ojamG
    
    &lt;/div&gt;
    &lt;div&gt;
      
      test92979@example.com | $2a$10$ld.D9mGbHWp6cXm9MFbkKueVM3IuX/0WwL24F/nTFWaTfi/5Ta0yO
    
    &lt;/div&gt;
    &lt;div&gt;
      
      test92980@example.com | $2a$10$8aaTJ1qVHJSs8DcT3QHMFugsUoHRwguMXTj6yLxYtQFGj5EHmB8.i
    
    &lt;/div&gt;
    &lt;div&gt;
      
      test92981@example.com | $2a$10$hPJHEsZ8No6bOQU5HMksB.XmMMAS67aqDatidCXENb13SLJMT7Iae
    
    &lt;/div&gt;
    &lt;div&gt;
      
      test92982@example.com | $2a$10$vqwdiWH6uxfr7/LjTQ2TB.G7NS2CFyuGlz2Vccp.whU6T6L0h4YAe
    
    &lt;/div&gt;
    &lt;div&gt;
      
      test92983@example.com | $2a$10$vVy.KUg3DGRo3ghL96hiiu.7oc3cUcAQ2PbieL45cQI0L6Wu3dtQ2
    
    &lt;/div&gt;
    &lt;div&gt;
      
      test92984@example.com | $2a$10$i5PWf7UPmabCl7ZYqAuqFuMPIAi5IaC9DUl1xRmtmNUZaOQ/Ozp8e
    
    &lt;/div&gt;
    &lt;div&gt;
      
      test92985@example.com | $2a$10$XdPYqwDeHIm5gDZWrteulO/lp/ybG.6yUgM5M9TE5oZi1lAXJCkuy
    
    &lt;/div&gt;
    &lt;div&gt;
      
      test92986@example.com | $2a$10$H2yqqEbfgJlCuLMDrdZpM.6OA2gsGDQ52rjsBM0MYD9hTpbiISrJa
    
    &lt;/div&gt;
    &lt;div&gt;
      
      test92987@example.com | $2a$10$8zLMtxErFd.wqfq2yzCGbuNgSFUwpBpEJv6l9AiapCwaz8ebBdpty
    
    &lt;/div&gt;
    &lt;div&gt;
      
      test92988@example.com | $2a$10$bBqG7ZSfe6CZDnKat3S6n.u9Pc55AqGjQCWjW2IACrrawC4axbE3G
    
    &lt;/div&gt;
    &lt;div&gt;
      
      test92989@example.com | $2a$10$GfjpSjh61r5OrCGcuq6OQuvAIyITEqmeGctVk2StwTHmax1OWxV4q
    
    &lt;/div&gt;
    &lt;div&gt;
      
      test92990@example.com | $2a$10$uZwxx/YMaJmtuus.hZF4JOSSHcxCBpYvazoAdcWJfrQzuY2XzCQRG
    
    &lt;/div&gt;
    &lt;div&gt;
      
      test92991@example.com | $2a$10$ZSLFtv8fGAX9jZluK6bAfOEokId0BcnZxbYIatvrWqFi/33G89TMq
    
    &lt;/div&gt;
    &lt;div&gt;
      
      test92992@example.com | $2a$10$/R5oczHg03Ek28I10smOoedNp0v0aGvUuLMtW8OGoIEeWuga.pJdG
    
    &lt;/div&gt;
    &lt;div&gt;
      
      test92993@example.com | $2a$10$3kdIUAzF09oj8gm9cYuG4.vHhd3CRmtBEBoswmGe8Oiqw2yBAFBE6
    
    &lt;/div&gt;
    &lt;div&gt;
      
      test92994@example.com | $2a$10$pQafWGIkXe2AHBMindz73uZ3rEl5D.VDAR.BfDnu1/7zK0O6Q2JUq
    
    &lt;/div&gt;
    &lt;div&gt;
      
      test92995@example.com | $2a$10$gzTewWzfTk5/C9iTcWmvaOMZqaJkCWc07dpT8czau80pruXzp5LH6
    
    &lt;/div&gt;
    &lt;div&gt;
      
      test92996@example.com | $2a$10$MIjWiSPyPXljixu.DvVsKuq9WFvf7DOsEeTREQms35t..0BNzxRT6
    
    &lt;/div&gt;
    &lt;div&gt;
      
      test92997@example.com | $2a$10$aYks34El2j3.Jrn0EYJVledAwayRVbk93.29IV16h4QYC3CthtZv6
    
    &lt;/div&gt;
    &lt;div&gt;
      
      test92998@example.com | $2a$10$/IY4GPI8QasCWqaGiRAjDee0q/r8NCHiQtmelvhaVjVDPcW1VY0J.
    
    &lt;/div&gt;
    &lt;div&gt;
      
      test92999@example.com | $2a$10$qCnPD0jxYg935ya8r0KmYeKyj.AM2Zcjiu9PLYXkAQIrjqxXqoZry
    
    &lt;/div&gt;
    &lt;div&gt;
      
      test93000@example.com | $2a$10$qUXNCEyEfMLq0LV/bMH/AOuFVjqK3RLNweJqP1K81Tk/4zz6etcIq
    
    &lt;/div&gt;
    &lt;div&gt;
      
      test93001@example.com | $2a$10$nLyFTwkQlcVitvfX6if6HOtW0vQfwtDcU1vFcGAY7hQY9ycSVe.aS
    
    &lt;/div&gt;
    &lt;div&gt;
      
      test93002@example.com | $2a$10$8.0wNKX5V6Yt8s6Cb7RGjeBs6K9mQDrlMGQkyIDz0.0eVe1uejamO
    
    &lt;/div&gt;
    &lt;div&gt;
      
      test93003@example.com | $2a$10$v84ODnbVaBnbFX.IgE/zL.zCE.UOcDofgUEqZUfP3/1P6As.IefOy
    
    &lt;/div&gt;
    &lt;div&gt;
      
      test93004@example.com | $2a$10$DcG7qmemLsQmIMwpCWxfTeJFVHNRFBMdEmIFfrw/eyq6EyujnB2LC
    
    &lt;/div&gt;
    &lt;div&gt;
      
      test93005@example.com | $2a$10$56HA3c6Xdc4sqY5qeu49XefctzroTC03jm4.C060gHIbg0lRLVUjS
    
    &lt;/div&gt;
    &lt;div&gt;
      
      test93006@example.com | $2a$10$4TyisshVTwH0VoYGI86Jmuk4IF/NOnPLKPTDStyuXxMs0klu/GbSO
    
    &lt;/div&gt;
    &lt;div&gt;
      
      test93007@example.com | $2a$10$Ti5wUVhEi.kVgTTkUuqwfevAyZBzmyVlIBGpM3K2.8i.ETEjkJcmu
    
    &lt;/div&gt;
    &lt;div&gt;
      
      test93008@example.com | $2a$10$PGCxKITFqJ.LrsZE31JXN.5eqCF4qqZ4r8lvUvstUHZ5U.V7M2Ht.
    
    &lt;/div&gt;
    &lt;div&gt;
      
      test93009@example.com | $2a$10$kzQ0bbAhfN83rOPC0VrJVeIFoEpPSDQ/amhm8DCgRAPYDkjfPdflq
    
    &lt;/div&gt;
    &lt;div&gt;
      
      test93010@example.com | $2a$10$EnBD6zhONA7KXVpwNLIZjOeIw1qPhnwhast6iLZUTTp73CzNvyU7i
    
    &lt;/div&gt;
    &lt;div&gt;
      
      test93011@example.com | $2a$10$dAO3yj0xodgdUizF3f06ZuWAWl.1DVxlwtA0qfgjf/cRQT2OTrfsi
    
    &lt;/div&gt;
    &lt;div&gt;
      
      test93012@example.com | $2a$10$.s2GAD/iBr7fp9waZQE1iejbmEMN0mZDmyj6P./VBq8vZ8igVQ5S2
    
    &lt;/div&gt;
    &lt;div&gt;
      
      test93013@example.com | $2a$10$hnH5hY1eMDdXdF3e5w2QduwIvfLklKyWci4aWb1wokBXF1C/Z/vr6
    
    &lt;/div&gt;
    &lt;div&gt;
      
      test93014@example.com | $2a$10$UjZiv0uA3ed7bltIYYrOsejPhwZTl0oJ/DR7FlGoGWAoH4.J5miMa
    
    &lt;/div&gt;
    &lt;div&gt;
      
      test93015@example.com | $2a$10$ri0zYUCI.3bHd1gKNFq5SOzVnAGEWYz6Kp128nnvJx1Azs8/FIJ.G
    
    &lt;/div&gt;
    &lt;div&gt;
      
      test93016@example.com | $2a$10$xyquvQTYFGz6j58XL3ynbuXKMbuklsCJOEyxirhXJGvc9Kzs6TgEi
    
    &lt;/div&gt;
    &lt;div&gt;
      
      test93017@example.com | $2a$10$j4JlGKL.M5CwQLlmbZQ./.bTggyXJeYVLof3lIfnXXInb.2K1DTCq
    
    &lt;/div&gt;
    &lt;div&gt;
      
      test93018@example.com | $2a$10$3vz9Ttbkkp/pfzzbB24eSOpKsrrbBTinMZLyCwgdmV7qakxrw.5mq
    
    &lt;/div&gt;
    &lt;div&gt;
      
      test93019@example.com | $2a$10$fGWUPbtQjVDcoEdkHv8VSO4fl7uW4wRfBJjU1nKUCObelxLQ.LtHK
    
    &lt;/div&gt;
    &lt;div&gt;
      
      test93020@example.com | $2a$10$uN01e8KwUZLDgHRqlz6eSOE1xmPNvHkJwlVmgSm57dids/9vyUD6K
    
    &lt;/div&gt;
    &lt;div&gt;
      
      test93021@example.com | $2a$10$vIP368QrAgjXSCNtmcLOye9Drir1NwRDLFR7Cz1FzAknJHJ6Ky/G.
    
    &lt;/div&gt;
    &lt;div&gt;
      
      test93022@example.com | $2a$10$ueA650BjexkfZFuiMPI2/u7zRHq8Wu0IHoV35H5Z1wQUJNjSQW.2.
    
    &lt;/div&gt;
    &lt;div&gt;
      
      test93023@example.com | $2a$10$vB.S899VSvoK3Paw957M0u.Rb4LJ0rdtXq2Hs9WZtEmW2RBj8EpJq
    
    &lt;/div&gt;
    &lt;div&gt;
      
      test93024@example.com | $2a$10$SOXY0D4cqhZy487pbGDf.eS.uUKARezjIBIePvUClVe4F0gBLsLym
    
    &lt;/div&gt;
    &lt;div&gt;
      
      test93025@example.com | $2a$10$QAmc4.i5r/BCUQoB9FPmfO9wuQlw01sEnEtdPLV61zPEFUJiOjl/O
    
    &lt;/div&gt;
    &lt;div&gt;
      
      test93026@example.com | $2a$10$m9ESQiCEnevlzLwuI9ngoedsFpkd8E0kNLURzX4t.C/KpABs4uSuS
    
    &lt;/div&gt;
    &lt;div&gt;
      
      test93027@example.com | $2a$10$DHwr1xQGNvXyxvu19n7k7u29U3PUI8SYQnFqMyZ/7aYTbrJUv3VBm
    
    &lt;/div&gt;
    &lt;div&gt;
      
      test93028@example.com | $2a$10$L99RHsqVCfmBYSqNEvzCbe8sDuzj8BZ33ohRRHmrnkiIzYJUbdI0e
    
    &lt;/div&gt;
    &lt;div&gt;
      
      test93029@example.com | $2a$10$cN6vGMbAaTcLWbm7BSwzKugm9hTITCfvfLXMddmEZLR5DlITuE3Wu
    
    &lt;/div&gt;
    &lt;div&gt;
      
      test93030@example.com | $2a$10$GRXnvNV1kJrk89ln70NGyucEDs5Z4hMjQpg5gf.fFKvplpLa.Nx9a
    
    &lt;/div&gt;
    &lt;div&gt;
      
      test93031@example.com | $2a$10$waI7/XdwW/xVveyIC8gpb.STFuJip9Mdyn1gWwnOTtECjULnSCfsy
    
    &lt;/div&gt;
    &lt;div&gt;
      
      test93032@example.com | $2a$10$PP.2/geK49R8rJM0H6FQJOXz6RpiQsAGAK.y1vFeiTEeJgdYCqLrq
    
    &lt;/div&gt;
    &lt;div&gt;
      
      test93033@example.com | $2a$10$G50MNkeeNL6l6y6vi8DxDOVUrFV0VM9pexd3n15HMGLUcXQ4Rxch2
    
    &lt;/div&gt;
    &lt;div&gt;
      
      test93034@example.com | $2a$10$MbvYJGinPRf1eCjZyu0VbOrclB9dm4u4E9e58xiAvmNg8mLWFjYFS
    
    &lt;/div&gt;
    &lt;div&gt;
      
      test93035@example.com | $2a$10$aWewA9OR1RXmdGxisTkGSO1v4KpXy4BM5ReRSFPwIUwjrwVhWquf.
    
    &lt;/div&gt;
    &lt;div&gt;
      
      test93036@example.com | $2a$10$eiOiE03gwDuxqi4OBpoljOAFPlRMjtCWpIdnYV1AtRd.F4Kb9L0gq
    
    &lt;/div&gt;
    &lt;div&gt;
      
      test93037@example.com | $2a$10$eKeuiggV.8HZ16LGYY/COunbqbN7wydohrKYqE6w5vLG2QBIKkV7C
    
    &lt;/div&gt;
    &lt;div&gt;
      
      test93038@example.com | $2a$10$hB37glFMVOzLdTaqGgqmK.0pyB1PeKFS2lnLB48ETsrSs.sh.v4h.
    
    &lt;/div&gt;
    &lt;div&gt;
      
      test93039@example.com | $2a$10$WGrJBgTfHS0KT9.AvtgpD.SZ93aGN/O7AQBW3B76ga.RVIonTPeOe
    
    &lt;/div&gt;
    &lt;div&gt;
      
      test93040@example.com | $2a$10$EvSu0Lh4GSpt8QOIk2kGh.rjUqZeZHkG.NzPqEx6p8f7doR98NKga
    
    &lt;/div&gt;
    &lt;div&gt;
      
      test93041@example.com | $2a$10$.gK.VNupvxhe..OsSB1.Cu264MJuzLPOohDdFRNGjtA20FhozGP1O
    
    &lt;/div&gt;
    &lt;div&gt;
      
      test93042@example.com | $2a$10$i.FAOhjeWoHjNDroikgtmukLpKvb9orfJKhGimERmIf6vYBaGlaFu
    
    &lt;/div&gt;
    &lt;div&gt;
      
      test93043@example.com | $2a$10$knkwjxds5rw1DOek6qFzD.WEqzUDrMzoiq63dISyNOs3TkAcJBBwi
    
    &lt;/div&gt;
    &lt;div&gt;
      
      test93044@example.com | $2a$10$.EbCfhtgmCfj74MuIm8z0OuVE3ZbVs74LG5MA55i30B0iFwT4dC3.
    
    &lt;/div&gt;
    &lt;div&gt;
      
      test93045@example.com | $2a$10$NJDCmVl.VTz0Ycy2l1yPF.l6DWteiic8t5CQFiuNWqIVlIYmU2mHm
    
    &lt;/div&gt;
    &lt;div&gt;
      
      test93046@example.com | $2a$10$ZjPS1c.FT6KBtBp34/WHB.iV.pMmGLu1yTrTJ88JbglbCFV5vHaHG
    
    &lt;/div&gt;
    &lt;div&gt;
      
      test93047@example.com | $2a$10$LJHwnR5wQ6JgfA0XJ5P/iuuj.dW2KNbIHap5iuSm7RJjuxzc1ayIy
    
    &lt;/div&gt;
    &lt;div&gt;
      
      test93048@example.com | $2a$10$utgbPShAx8IiTD4o5wa1/eHGV269NyKRBv2h4L/l.THZE3qxp6KcS
    
    &lt;/div&gt;
    &lt;div&gt;
      
      test93049@example.com | $2a$10$R1Ycd.PQt.uCfyo9A2SrLOjLJrVjCmBYwZ6VO3V2DEYairmmYwSjm
    
    &lt;/div&gt;
    &lt;div&gt;
      
      test93050@example.com | $2a$10$vkq5bRseWh74Vq/E2fbf/.8FqwMneTIUtQTcrcoRX/1otoXCD25iG
    
    &lt;/div&gt;
    &lt;div&gt;
      
      test93051@example.com | $2a$10$GTgP29/A57INoYr9A1kDveg6z6UAtu.wCVMwGZpKR9INro019HiYC
    
    &lt;/div&gt;
    &lt;div&gt;
      
      test93052@example.com | $2a$10$hLderboGTDhnFbueMTNlEOVeATUYIYXnkWsUWG5kFNbLxi7B8PGYi
    
    &lt;/div&gt;
    &lt;div&gt;
      
      test93053@example.com | $2a$10$jJFNT16.nxQheJglyWUvWeGKV.1EAujzJusCx0kFm3wL6aqmRl/6q
    
    &lt;/div&gt;
    &lt;div&gt;
      
      test93054@example.com | $2a$10$FfQqeKm5L3Lu2fE46gwCp.ETFrF4rJnnxN0mC0rg.7n.AQhmcTBpO
    
    &lt;/div&gt;
    &lt;div&gt;
      
      test93055@example.com | $2a$10$F3lW.phH4Nxe5FFeHUWVkuV0CDF2D9l.g4mEF5JMXLhGrQopvLQgm
    
    &lt;/div&gt;
    &lt;div&gt;
      
      test93056@example.com | $2a$10$bakLt1gSIqyTJxYRtYOvdeI6ZOdgQ0iIzmcXO9yn59QvujrfWieaa
    
    &lt;/div&gt;
    &lt;div&gt;
      
      test93057@example.com | $2a$10$wI1/Qki6C/GvnGixkUigK.u4qtjERB1naUkf7P43KOmsIKBeB29AK
    
    &lt;/div&gt;
    &lt;div&gt;
      
      test93058@example.com | $2a$10$12wOS7UwQQU6619c7z1QuOEWkl5lDgO3WMUFhk7FsRCC8gKpdgMe6
    
    &lt;/div&gt;
    &lt;div&gt;
      
      test93059@example.com | $2a$10$OLeCGVPAqXKNXOYw7p0CK.sxgdjVxodNg7oiua0Ku/f0Rhvy.cW6q
    
    &lt;/div&gt;
    &lt;div&gt;
      
      test93060@example.com | $2a$10$VO21WjIWex0SQaXQrhDsUOd/TZb0x1yqS6FQLRXJpqX2E9QdJXM3K
    
    &lt;/div&gt;
    &lt;div&gt;
      
      test93061@example.com | $2a$10$7q.ba9h2l1VZFt0CGE1wv./79uPE8G7cho70fbqzBPR2MRFcmo7iG
    
    &lt;/div&gt;
    &lt;div&gt;
      
      test93062@example.com | $2a$10$k5OA53AIytDWXb5nVps/ZOFy/x7cdP2j1annJvzLY.rBiUti1e8Ea
    
    &lt;/div&gt;
    &lt;div&gt;
      
      test93063@example.com | $2a$10$HkfOFJzP9deKiUejNzeWqei6myPnMVIoccP9leQTTUhp2H2zjDGN6
    
    &lt;/div&gt;
    &lt;div&gt;
      
      test93064@example.com | $2a$10$oC9tiL05E/8K1P/sCh6EfuulxUK3FA0QsSAxOdtYiRunE3TPJRcoO
    
    &lt;/div&gt;
    &lt;div&gt;
      
      test93065@example.com | $2a$10$jtV6HAbUvJKpF39VTCGOKuKGDkW7uszGr8iXIHHeao16WkkNZIV06
    
    &lt;/div&gt;
    &lt;div&gt;
      
      test93066@example.com | $2a$10$LnP8sSBDP.5rqSq3KO8q/.HUOX.ckyp9eq3KDMbmPbY9XJ9vi/QM.
    
    &lt;/div&gt;
    &lt;div&gt;
      
      test93067@example.com | $2a$10$3.FRYP/iKKSJB6.47CX2h.M6Bg9VIW9vb7/rUPfOlY5fIhmSO8xkm
    
    &lt;/div&gt;
    &lt;div&gt;
      
      test93068@example.com | $2a$10$gC61hA6iphHKXdnQ6VFMuO4Sy92cM8.UA8jBeByAaQcF.NuV1QjA2
    
    &lt;/div&gt;
    &lt;div&gt;
      
      test93069@example.com | $2a$10$cL64FoXnDlb1xvKievowkeMmK8hEHMdSj/gnlBwhDSBDf/Zfn16V.
    
    &lt;/div&gt;
    &lt;div&gt;
      
      test93070@example.com | $2a$10$/Evhm.A8hSQpWJs9fw5Pi.r0FoPwSajE26H/6jtE52J8WN2lV9qdy
    
    &lt;/div&gt;
    &lt;div&gt;
      
      test93071@example.com | $2a$10$F2O0zxsphnMWRGdqyepIrOCeJO3qpG2dKmVDk41Lw/TIal3vSASVG
    
    &lt;/div&gt;
    &lt;div&gt;
      
      test93072@example.com | $2a$10$wE17lT.lSzwsDPf7pljzYuD5HZgM11aENqLEjCjwyn2C2RHAJou6y
    
    &lt;/div&gt;
    &lt;div&gt;
      
      test93073@example.com | $2a$10$y0EchN7nIIadZvNy8kOs4e8Zsx4TfSl4K3QC3/yD2FVbS6FDxmdBu
    
    &lt;/div&gt;
    &lt;div&gt;
      
      test93074@example.com | $2a$10$nTia/0TYkaHz90rOqTuXQO.WEOLhi1wZLRh8KECvFKKhh6JNn2Kpy
    
    &lt;/div&gt;
    &lt;div&gt;
      
      test93075@example.com | $2a$10$YI/gl0vhTmha1IbAHsw1peYLZjscsMHrUXdmL//EycOc60PIkB7v2
    
    &lt;/div&gt;
    &lt;div&gt;
      
      test93076@example.com | $2a$10$pOcP/BPhaGZXCL8bvb6nievTUHyX5a28CC09DppKreYBG7Z/B/EvK
    
    &lt;/div&gt;
    &lt;div&gt;
      
      test93077@example.com | $2a$10$Vafr4uU4M2mcdZ1YrlXvp.YfAtfT8FFDTaRop7W0Z2/WU4WyvFz8S
    
    &lt;/div&gt;
    &lt;div&gt;
      
      test93078@example.com | $2a$10$lxm3n95mQhZ7oOva89upUO/dWVUh2YL80JHEqBUBCi7qq71vyt/IO
    
    &lt;/div&gt;
    &lt;div&gt;
      
      test93079@example.com | $2a$10$oY/50eAfB2AFs/rh9evVh.vn3LPmoqVT1XcA9qc0vqxNYhxcQ/B.q
    
    &lt;/div&gt;
    &lt;div&gt;
      
      test93080@example.com | $2a$10$3.ZvwFOq0tedMv2Lr5s0I.0fUsoaInxD.yYFOMkyjbR7V8COwPuaK
    
    &lt;/div&gt;
    &lt;div&gt;
      
      test93081@example.com | $2a$10$s5gRaDTLehcQyTp1BeinAO1TKOAiE9ql55hGBlkMpDozVs5wviJR6
    
    &lt;/div&gt;
    &lt;div&gt;
      
      test93082@example.com | $2a$10$wqwBmMO3Ii0wn12E3Ga/6.oqz5xL0bPe.BthHXPWMLNzn6WYuF28O
    
    &lt;/div&gt;
    &lt;div&gt;
      
      test93083@example.com | $2a$10$TqBTzDAvuWYBjAYVOf5AVObjDH3oiZsnxoRjhFjaH9QoDsHRJLkLy
    
    &lt;/div&gt;
    &lt;div&gt;
      
      test93084@example.com | $2a$10$dIFoGnrSSNpGYnUpMv3Tj.7IQuWnNLRScVTyLmyL2A296nBzCd7pC
    
    &lt;/div&gt;
    &lt;div&gt;
      
      test93085@example.com | $2a$10$c3t.qnF4YMH5CZUsQUE9i.bUVqR5nUbeO2L9y5txUZWHXta7YWE3e
    
    &lt;/div&gt;
    &lt;div&gt;
      
      test93086@example.com | $2a$10$lvgT3Maz2LfqiCFBqqDQzuBz3/q30aNPNiflStd/KsFjg0Rwrta5q
    
    &lt;/div&gt;
    &lt;div&gt;
      
      test93087@example.com | $2a$10$W9vcfMB6EseAKRKVZVodD.o6YY2FqvP3GcYNJZNGdDV5cZhtdWLX6
    
    &lt;/div&gt;
    &lt;div&gt;
      
      test93088@example.com | $2a$10$iIbTdHopXXQZFabHlNTi9uu4mf2GpOSHrvaHHg7d9IymN0OmcHoLS
    
    &lt;/div&gt;
    &lt;div&gt;
      
      test93089@example.com | $2a$10$nrPiOSUljJOhZJhUDsbNF.G9LTbWrVUF1yan9VQwVoRN4yqhI8McC
    
    &lt;/div&gt;
    &lt;div&gt;
      
      test93090@example.com | $2a$10$ljnGFlhEdYBcRxtU4jPRD.11nlchTntGQer9wHrK7gfUNxYFzcrcW
    
    &lt;/div&gt;
    &lt;div&gt;
      
      test93091@example.com | $2a$10$9j3H9mLm1Ycp4hAQObkkPeb.hpSO2zJQZMtxXBiPm.VkowB1Taqea
    
    &lt;/div&gt;
    &lt;div&gt;
      
      test93092@example.com | $2a$10$83ct246NqxsvzYEIzX7Wlu5Ao0rkBdesWVBpSy/FLpvKjVOt.UqVa
    
    &lt;/div&gt;
    &lt;div&gt;
      
      test93093@example.com | $2a$10$dZX.pOeutcp0iJ.aJ.sLs.hxLWoK78knWU9dIZgPnhrwviNs2kvuG
    
    &lt;/div&gt;
    &lt;div&gt;
      
      test93094@example.com | $2a$10$o6AvSuNxTcGuNZPPoRSd4uovNCv4WnKudLjqwr71cXEuibLh/oZJq
    
    &lt;/div&gt;
    &lt;div&gt;
      
      test93095@example.com | $2a$10$PinyaRo3YTU2ePUJ2v8P9OdM6b8j1AjfvOWaqSvUhf/5KyPgKSlC2
    
    &lt;/div&gt;
    &lt;div&gt;
      
      test93096@example.com | $2a$10$g4svtVFNjzwKlphFiyFBV.1JAa8fzHz4DpCQlyRxy82bx5R97WApy
    
    &lt;/div&gt;
    &lt;div&gt;
      
      test93097@example.com | $2a$10$wdl0qmP7wdRhMoZJkijfQebNswgE.YoIdJeRAKRcfgpzy5ekQOpIm
    
    &lt;/div&gt;
    &lt;div&gt;
      
      test93098@example.com | $2a$10$8cAq/7TBX658w2Q28zPTJuGAP1gG8gKULdUVkKJXnDHyjCgLr4P6C
    
    &lt;/div&gt;
    &lt;div&gt;
      
      test93099@example.com | $2a$10$4DqzPmzZ7OUoKAxy0L/ayOoWa.sE5b2W0Nh5AMSkxrFdA/kIvtoGC
    
    &lt;/div&gt;
    &lt;div&gt;
      
      test93100@example.com | $2a$10$1kptEzmrjhm5KoBerwxVQepNkN7S9hnbCgirsgiu69REK3EIutfEG
    
    &lt;/div&gt;
    &lt;div&gt;
      
      test93101@example.com | $2a$10$sNDR1QyTRjo5utkbPoassu3e.kTah7JDxMFHcfuzK7OwOMLx.KAm6
    
    &lt;/div&gt;
    &lt;div&gt;
      
      test93102@example.com | $2a$10$i1ERzhsorgHoz/I5NtZdQuj9dWK.rSHQBOCCr7jLD1nYSvO/bj/ui
    
    &lt;/div&gt;
    &lt;div&gt;
      
      test93103@example.com | $2a$10$9JkzrnpNlL0tTHOSKu/ah.uAP/EoEJNHHYulGLxpPb.ZJUwx7h.gG
    
    &lt;/div&gt;
    &lt;div&gt;
      
      test93104@example.com | $2a$10$DU9.Phfytn4xIZOBnznk3.yP/Zta1OuqUn4U4Tcj25Mfxkfenx/Fe
    
    &lt;/div&gt;
    &lt;div&gt;
      
      test93105@example.com | $2a$10$c03GOWTnEkWGs7jIml.anOm3EdqzedRs.hwnAcfn345ysOXQzf1kq
    
    &lt;/div&gt;
    &lt;div&gt;
      
      test93106@example.com | $2a$10$Z0HQAIk95fpt9JPg/fwoDufyiEDELGtLUmnkjeE0lYNTXcBVOQL46
    
    &lt;/div&gt;
    &lt;div&gt;
      
      test93107@example.com | $2a$10$hr.DHOy6nnHQgJK9KkB0P.7h9tsC2r4WCf7s0r9exmRGm/M1wkVPG
    
    &lt;/div&gt;
    &lt;div&gt;
      
      test93108@example.com | $2a$10$yb4WVu2KKyvSHxBGTTjueeBGBkN.o8hMZk2VvrtaLtv4a8.ytzkaG
    
    &lt;/div&gt;
    &lt;div&gt;
      
      test93109@example.com | $2a$10$EsrbYL1m5832uzNV5cb4Y.VlqNhqZaWcfK0MXmQ44Lv01wNuGs4nC
    
    &lt;/div&gt;
    &lt;div&gt;
      
      test93110@example.com | $2a$10$V/WZwy/PvKveawVqNCIraekphOIr4gep/8y4fczBwoJbEQO6T0A66
    
    &lt;/div&gt;
    &lt;div&gt;
      
      test93111@example.com | $2a$10$m1V3Fz5cJS.lEhlwVxmLi.yrmi8rsBY/qW3McBmhJ0deI4SUNe3T.
    
    &lt;/div&gt;
    &lt;div&gt;
      
      test93112@example.com | $2a$10$ITHUxkXzVSq4TZX2kCbpRuDCmCxAGGyCIafW8hTiQERoBV.ZitzCy
    
    &lt;/div&gt;
    &lt;div&gt;
      
      test93113@example.com | $2a$10$Am9pMZkfJQ.CVihpFDG1jeWzRN8y8BM9S5L.b4ht6SaS79VC4Pw/W
    
    &lt;/div&gt;
    &lt;div&gt;
      
      test93114@example.com | $2a$10$yydVNDKzPUmsbFwNUZwClOCSu1sPIJksunnBqe4.xffzxqGQaeg9C
    
    &lt;/div&gt;
    &lt;div&gt;
      
      test93115@example.com | $2a$10$QGeSR5Z7I0Z5T4yLoVE.KOYdepHJguGWuv/jTdqvJGtZDMjAzXvAy
    
    &lt;/div&gt;
    &lt;div&gt;
      
      test93116@example.com | $2a$10$UJecYIU6A/EMYxAHnT7Js.j9u5hQ6FiCW0IkKNd3aH4ymUAClRuZG
    
    &lt;/div&gt;
    &lt;div&gt;
      
      test93117@example.com | $2a$10$8KhhQk5IyVPrQi4Ga0tBQePddG2NYpKr6a6AOPohcsvL4A3QQHOB.
    
    &lt;/div&gt;
    &lt;div&gt;
      
      test93118@example.com | $2a$10$j.9ILzkMkeigmFX4qpjyEetDaAIXr2v86nexExL0ZEayn2/FXYZRW
    
    &lt;/div&gt;
    &lt;div&gt;
      
      test93119@example.com | $2a$10$Qez/DPk44Sl.Vj09cY77a.iTAVPp/EIuW.SeyJxKsG1zP1DR2Gm7a
    
    &lt;/div&gt;
    &lt;div&gt;
      
      test93120@example.com | $2a$10$u6QiiORMy/qVbZIW2T0Ytuhy.sRxChBjINOXlySMoUbVZMtpP5dKm
    
    &lt;/div&gt;
    &lt;div&gt;
      
      test93121@example.com | $2a$10$kVmxOkB.qptN32vJJVzp2eCQzISOEZaxlj3mYuXy.j/Q.oq3ff98C
    
    &lt;/div&gt;
    &lt;div&gt;
      
      test93122@example.com | $2a$10$0etQ4C1gzOaO5uq9xs0hiugltX6sqwj.R/Y4ag29Fln6n40GPFsNi
    
    &lt;/div&gt;
    &lt;div&gt;
      
      test93123@example.com | $2a$10$8Cw/ozxL3iSnQ8YUVBVxe.idSdiqU5S5JlYofoc6LZRLCU4q3BVom
    
    &lt;/div&gt;
    &lt;div&gt;
      
      test93124@example.com | $2a$10$lsyS.EElDQqanAvg0GC7euOOR.NVfWb2fu7CK8Y/.THsWUTkUR1Uu
    
    &lt;/div&gt;
    &lt;div&gt;
      
      test93125@example.com | $2a$10$LtqNBIZ4.2gTUxlAL63dEeP6VCCmxBGbiMLYzxPRMktiyl/4bGoL6
    
    &lt;/div&gt;
    &lt;div&gt;
      
      test93126@example.com | $2a$10$xWB.7KCAqrQuwN9WjYyqx.jlgTI4.1cB4t9ye4s.U0PibzbJo10mG
    
    &lt;/div&gt;
    &lt;div&gt;
      
      test93127@example.com | $2a$10$Ksl6Vh9E9cemnRAId9bO5OTiEFThfGl6WtnHOLnmStsFfnZUWxu86
    
    &lt;/div&gt;
    &lt;div&gt;
      
      test93128@example.com | $2a$10$G08lun4xI8pR/DHBFop9tORkfmj9Uq1Kf/MwV1VEB8JzJp.R7eZfu
    
    &lt;/div&gt;
    &lt;div&gt;
      
      test93129@example.com | $2a$10$imhKfjySyIxwu8fHc78BoOWnJPw0UhSPeb8z7xP8gPcAIgAAmEvsG
    
    &lt;/div&gt;
    &lt;div&gt;
      
      test93130@example.com | $2a$10$I6Vp6bxWw.C3PmwE2Fj2u.6ic2yKXkbaPcKdsm1154N56VfS6N6UW
    
    &lt;/div&gt;
    &lt;div&gt;
      
      test93131@example.com | $2a$10$Bm6obl7vT9ww4NPOIziS/uKwz6glpqQPcIVXDXd/1bpzLm1ACtIda
    
    &lt;/div&gt;
    &lt;div&gt;
      
      test93132@example.com | $2a$10$P9Hf634W8/ykgLRHt3/X2.EIg7MTWcFbntec/lu2znSFPSkjMnZC2
    
    &lt;/div&gt;
    &lt;div&gt;
      
      test93133@example.com | $2a$10$lUfI1Co.u6MgvWCVSz3AOOMyVqMMSaoX3reH8DDxKoW8U.Va7pJK6
    
    &lt;/div&gt;
    &lt;div&gt;
      
      test93134@example.com | $2a$10$QFOZIp0G09ikiXWWz9N3YOwOaRfCPpt2Act2Cuz8e90Ht4ELbmtKK
    
    &lt;/div&gt;
    &lt;div&gt;
      
      test93135@example.com | $2a$10$WYrdyh02NUlslj2y9/D26uXFPDVog0LmYRz4eP2IqPFaLyZXQMgR2
    
    &lt;/div&gt;
    &lt;div&gt;
      
      test93136@example.com | $2a$10$P9V8AsN.jEWVPiPONo8TBu7XWD5I94/OsFcDPk32PaesVOIL.1mPO
    
    &lt;/div&gt;
    &lt;div&gt;
      
      test93137@example.com | $2a$10$sH7EMAke1VGIxvusP1NVnODwbjmdXr5NspDx47Lqg5SVPaj4b6PPO
    
    &lt;/div&gt;
    &lt;div&gt;
      
      test93138@example.com | $2a$10$EoWqpcqXNlc.ekjYwz8gSuymjksBTB0AtspsM/GBVx.hnRkjv5IvO
    
    &lt;/div&gt;
    &lt;div&gt;
      
      test93139@example.com | $2a$10$eKiHhGJcHKe5h8gUGACpf.SphDQFfVIhwOeEMpSxz8b4N.nTsp.0q
    
    &lt;/div&gt;
    &lt;div&gt;
      
      test93140@example.com | $2a$10$fKX0PJlIrodIZXxYkxHEluNp6kwMh8EkUpjj31.PjOedlvNsNCGYW
    
    &lt;/div&gt;
    &lt;div&gt;
      
      test93141@example.com | $2a$10$f1dVvFlhCgx2AxFhQ27v8ejXq4Ka3cbLetgC43EjNtkrvjqGl8qw6
    
    &lt;/div&gt;
    &lt;div&gt;
      
      test93142@example.com | $2a$10$oAQoSrYG3L81THwyT/84ouJUO0QxH5CEozzDzpOfvEcfSGJ0A0.VK
    
    &lt;/div&gt;
    &lt;div&gt;
      
      test93143@example.com | $2a$10$WdELE9wQ8HTIEyl0KSoZbO0I7xaje7GOGrppzP1Rf4U50dq206obq
    
    &lt;/div&gt;
    &lt;div&gt;
      
      test93144@example.com | $2a$10$cG.dp0bX7YindVO/XWunfOJ6f4aePVh.kZmEHTTkkjkD50IsZq/Ue
    
    &lt;/div&gt;
    &lt;div&gt;
      
      test93145@example.com | $2a$10$x5rvan5OFeO2vIdDgFFRa.Onyy/QCQBeiQ1eAPTO/pL7CLSYv3upO
    
    &lt;/div&gt;
    &lt;div&gt;
      
      test93146@example.com | $2a$10$x4mHuLslSI.7jNJt/uhAHOmX1Vo0S67aRfn4ZCvtmBIM/SGgAH/oi
    
    &lt;/div&gt;
    &lt;div&gt;
      
      test93147@example.com | $2a$10$cPGt5vTifnFLf2ntC6Jove1ZHl8UD0aV1QbjFwkRYA9ky3jiOIyB6
    
    &lt;/div&gt;
    &lt;div&gt;
      
      test93148@example.com | $2a$10$b7J6ZrIFJlHorNmrszwMy.9nIU5prc5jFq8u.wYOATz4PnN.Rmo5a
    
    &lt;/div&gt;
    &lt;div&gt;
      
      test93149@example.com | $2a$10$JqyiBf2zxFjbNZqzWWGHVO7VF6gtjcq3CXqEIQGu3JmldFNJnoxJS
    
    &lt;/div&gt;
    &lt;div&gt;
      
      test93150@example.com | $2a$10$imzwAnCvxe2jYJgucD8kf.rL9XVaNI7Olk5g08OOkI/vAR66lorqS
    
    &lt;/div&gt;
    &lt;div&gt;
      
      test93151@example.com | $2a$10$9lo29BbcFUG6nRrMkm3reevOXgQBqZujhClN1c5aREubkIlMEGH9.
    
    &lt;/div&gt;
    &lt;div&gt;
      
      test93152@example.com | $2a$10$wvqnS11tEecyIGfLlBboAOfQFy5XvEoDQoxAxZHweU8a9kGSmynL2
    
    &lt;/div&gt;
    &lt;div&gt;
      
      test93153@example.com | $2a$10$xbIhQ.230rjzI6wA.f7ENOl1ygNq8KwCGIvuYL4TIY9/xxvsKmI5i
    
    &lt;/div&gt;
    &lt;div&gt;
      
      test93154@example.com | $2a$10$QQ3G9vdwctOQzqxGYekI/OP2O6d/s1Z9l1WkIaSB5LELWf9xJShRy
    
    &lt;/div&gt;
    &lt;div&gt;
      
      test93155@example.com | $2a$10$ZyEZUmIBNrglv/cOovIjoO23VmDhaWbY.j0WQk6AGWNUwvTJ0G4Pm
    
    &lt;/div&gt;
    &lt;div&gt;
      
      test93156@example.com | $2a$10$YTB9md/wGw1xa/mAG7mPXeXomnnv32M3hzL9TTejAJCq5KBW41Acu
    
    &lt;/div&gt;
    &lt;div&gt;
      
      test93157@example.com | $2a$10$EcOMoH6lU5H6BrcSAdGb0OtWObsMkMU/OMN3RLl0YNMhFbKYNa4jS
    
    &lt;/div&gt;
    &lt;div&gt;
      
      test93158@example.com | $2a$10$Ej/FJdjlVFRVPZ84S00nSORUVFx4VKixYQRSwxmgb2FkSu63obnnC
    
    &lt;/div&gt;
    &lt;div&gt;
      
      test93159@example.com | $2a$10$BUmji7rB85isYGkG3L4oo.ynkMHoGsT46yQD.cvGFLlnlRHsTHj3.
    
    &lt;/div&gt;
    &lt;div&gt;
      
      test93160@example.com | $2a$10$Y.mxdImBjERdxiIk19ruuuAkRG48tchDTI3Htfp4rM4.08P7LPbJi
    
    &lt;/div&gt;
    &lt;div&gt;
      
      test93161@example.com | $2a$10$.FANG3Ejho90f1GDawUfr.gIhFH4L3VOj/Hf1PQP6OKP6rvorhJ8G
    
    &lt;/div&gt;
    &lt;div&gt;
      
      test93162@example.com | $2a$10$.cEGzNNMK2ndLUfelrDvyexv.Tt8kboSn4/59B.C52oUid2/bkYHe
    
    &lt;/div&gt;
    &lt;div&gt;
      
      test93163@example.com | $2a$10$hzQIbA33YbrJ.k4oJ5ZyU.GxcUo.Ygv45N4fot7nL2bRXQIY.EOU.
    
    &lt;/div&gt;
    &lt;div&gt;
      
      test93164@example.com | $2a$10$UbLN.Ct6yuEoX/M5Y0G1/u1lxHDLq72H.59KD6G2bWSC9It4/XQgq
    
    &lt;/div&gt;
    &lt;div&gt;
      
      test93165@example.com | $2a$10$Bg7nSSnvHguxhscmmlJeoOAKraeuKjQYO2VBJww8ofMOuEZWEpOgy
    
    &lt;/div&gt;
    &lt;div&gt;
      
      test93166@example.com | $2a$10$Q5SUktbItVYuoP.BZ/gwt.J1EIos3kKnwijYtWBU99fkzxZgQP5A6
    
    &lt;/div&gt;
    &lt;div&gt;
      
      test93167@example.com | $2a$10$ZxSvzPBL6GTMjfd/geONA.jmkinQzrNeORIGtr5GcKt0tms73MMPm
    
    &lt;/div&gt;
    &lt;div&gt;
      
      test93168@example.com | $2a$10$rNtwPkC3A77KKrpHwOuGiuev9sfi7mL4yB70Buusd2frYoke/0wzW
    
    &lt;/div&gt;
    &lt;div&gt;
      
      test93169@example.com | $2a$10$vtgqDHxp5Lv6mH7oWffJ4.M8OgiQiK19sSU31VJI.eTRMCYozaic6
    
    &lt;/div&gt;
    &lt;div&gt;
      
      test93170@example.com | $2a$10$t0uamYpDr3gvxFho6KBS..kYGo5.9A7/AxpdNjB/ejBQKtS8eQjvy
    
    &lt;/div&gt;
    &lt;div&gt;
      
      test93171@example.com | $2a$10$3tAaZ.t2GEsnUzCW07ieSuW6JeHo.Ymb6FrytwGCQTXMGvBGqzsfu
    
    &lt;/div&gt;
    &lt;div&gt;
      
      test93172@example.com | $2a$10$AS5rnL7R6hHhJNIOoqV86Omgld9dKzMDYyrQx2UY629adG0Tn68W2
    
    &lt;/div&gt;
    &lt;div&gt;
      
      test93173@example.com | $2a$10$xTZyEqEz40P0F9KR1ljEH.wK0QjVzLPtzVIDMUAvwzt1PTRlQuIQi
    
    &lt;/div&gt;
    &lt;div&gt;
      
      test93174@example.com | $2a$10$QHpfoWVdWPRX7n36J/TFT.6HfkLrzhzO1A1wa2vab1SJ3cCHyabfG
    
    &lt;/div&gt;
    &lt;div&gt;
      
      test93175@example.com | $2a$10$GOPYbtRHFvUaV.pMMA6y9.LhF15DTBfdG3KWau8ml8oOvnQwDkR52
    
    &lt;/div&gt;
    &lt;div&gt;
      
      test93176@example.com | $2a$10$ZtRbLZJOO6UBV.LtnOq6vutPv8dWObhr8LkYA4ugQuch95bLFgXnq
    
    &lt;/div&gt;
    &lt;div&gt;
      
      test93177@example.com | $2a$10$SpkbHx4V/tpY2XoQAUn6b./RBhh.bqFIUk0eR9UuC7Kkwmquvt7oa
    
    &lt;/div&gt;
    &lt;div&gt;
      
      test93178@example.com | $2a$10$pfCB82DUos.yaQOxJ2MDm.lfV978FZDHAWqndNF7KiOJyDSnrIXUq
    
    &lt;/div&gt;
    &lt;div&gt;
      
      test93179@example.com | $2a$10$O7u3dpRk2mZE2KRymyYtn.ho10xwrhARZuQ0kdTWy2IVrxBVK4WE2
    
    &lt;/div&gt;
    &lt;div&gt;
      
      test93180@example.com | $2a$10$mW2gcxZbTxCuAfX4yV7nw.5PlRQuZSlTQTeUPgsBhfc.2/X29cDyS
    
    &lt;/div&gt;
    &lt;div&gt;
      
      test93181@example.com | $2a$10$.s0/tX8Y6Y59Ru9Ukf6OOu8EkaeeyB8cOuxalbck6vlIgq0nL.CgG
    
    &lt;/div&gt;
    &lt;div&gt;
      
      test93182@example.com | $2a$10$zQv5FNLQUuutZmotBHHdn.i0i7HL6VenJwZrRQO0HtcfreDbMQ58W
    
    &lt;/div&gt;
    &lt;div&gt;
      
      test93183@example.com | $2a$10$In6Wx2Y1wpYODhj648GSce/WUXxPyGmu3AQRzf2Y0eTG2QJEML4AS
    
    &lt;/div&gt;
    &lt;div&gt;
      
      test93184@example.com | $2a$10$SiRMewAVEUK1ijXLvlRk7.dWa1OTradQUCo7cvMW4G2Wo6QvF3rhq
    
    &lt;/div&gt;
    &lt;div&gt;
      
      test93185@example.com | $2a$10$e38vkS2e.tgR8SnE41Qwh.YS28F6U.eoBTYhwm2B8uGBMrsk5sOIm
    
    &lt;/div&gt;
    &lt;div&gt;
      
      test93186@example.com | $2a$10$TumVnGfmbXvZjwywrVM6/efpFav1scRoXv4OUhlCbK/PmBjbfORx2
    
    &lt;/div&gt;
    &lt;div&gt;
      
      test93187@example.com | $2a$10$MAUNs1BL91egOdwL60rq6OvtcCNEzmhCgk9z0pyn54GW6dhvi4Ijm
    
    &lt;/div&gt;
    &lt;div&gt;
      
      test93188@example.com | $2a$10$qmJJ8MnHKYC1zRnODtNNVOjwpZztDqUQwQW62dhHzICBezZfzdRUS
    
    &lt;/div&gt;
    &lt;div&gt;
      
      test93189@example.com | $2a$10$K/osn/NX7tMAmVFphEP4OuwjnCo0zSd3yrVRIeoBvY.4VgttaGoaW
    
    &lt;/div&gt;
    &lt;div&gt;
      
      test93190@example.com | $2a$10$Ji8UsRfUF5sGGKbBpXUy8urVoIpa6kSenRueBXYxi.ZrRTFfZHguK
    
    &lt;/div&gt;
    &lt;div&gt;
      
      test93191@example.com | $2a$10$sT0cZBresyUyVuM6xV1l5OEY3fITSv8ByOkmWmqhItspEwND9eeK.
    
    &lt;/div&gt;
    &lt;div&gt;
      
      test93192@example.com | $2a$10$NQzOJWkHjY099bfbwrsemu2Zgjm7R54cn4VgyfzMm2jcOLeAWe2Gm
    
    &lt;/div&gt;
    &lt;div&gt;
      
      test93193@example.com | $2a$10$66f6bCQ5KsNyJr.sK4L62O3rByAYLrNmaFxnT8OjU4IxLbJSEgU5e
    
    &lt;/div&gt;
    &lt;div&gt;
      
      test93194@example.com | $2a$10$ifwC53teouzvLJyTY4CAQ.mN.OjQQE.3tuPIYlgxh3XJTJBQDtSf.
    
    &lt;/div&gt;
    &lt;div&gt;
      
      test93195@example.com | $2a$10$7daYQ8RqdHpr0wxIVpQYxebn5Dxkcj4Br0oQ5LVhxszHKnts5lthm
    
    &lt;/div&gt;
    &lt;div&gt;
      
      test93196@example.com | $2a$10$nX47KYqKut3650Sbk8mOG.SSDCaYXAHpCCMzC69QRXXf7fyhS3lXm
    
    &lt;/div&gt;
    &lt;div&gt;
      
      test93197@example.com | $2a$10$7eQqFXyxg1hS5T1W/RFxp.7YUurimwPkHzwfySy.V7OFtPQ66p4Sa
    
    &lt;/div&gt;
    &lt;div&gt;
      
      test93198@example.com | $2a$10$VbHT3DCsvSGakdWMJeIHTut2fbLgIZG3rcbb6iRmt5tH5zHvfcJqa
    
    &lt;/div&gt;
    &lt;div&gt;
      
      test93199@example.com | $2a$10$CbUN8zAwSWQG8oZIoc4.Duro9bQHmVshRwZT6Y98NvSZ1Qr7btoYK
    
    &lt;/div&gt;
    &lt;div&gt;
      
      test93200@example.com | $2a$10$c8jSWrZiOoCxdZMV6Vrc9unw2u316Rui1tIowyQUPHvfqn/oRKhii
    
    &lt;/div&gt;
    &lt;div&gt;
      
      test93201@example.com | $2a$10$vzhUAKi4j/5Ap3LuYHwA5.QDLGM4TGvOu5Xd7WtckbbbzeOu.9tVS
    
    &lt;/div&gt;
    &lt;div&gt;
      
      test93202@example.com | $2a$10$vEb1wYuKo6zlNDvG1GOWK.O8aN2HEwSWzWrJt3HvyXi7FK7j25dfa
    
    &lt;/div&gt;
    &lt;div&gt;
      
      test93203@example.com | $2a$10$Dk9x86fj8WbafVG9/R8M8ey7lLpH5GKeD2y7t2aD5E59xGNkfk2Ja
    
    &lt;/div&gt;
    &lt;div&gt;
      
      test93204@example.com | $2a$10$1E.vwtpYue90mR20accF.e38mQXhxQuPrnKFlTJ2oKDceY6UowB0S
    
    &lt;/div&gt;
    &lt;div&gt;
      
      test93205@example.com | $2a$10$FJ/0c2j452yluSPopvF1FeTkmu1UZ8IhDKN6FU4vX1jKNwVEK9KiO
    
    &lt;/div&gt;
    &lt;div&gt;
      
      test93206@example.com | $2a$10$SKDsnk1O4TE.JhUm1WSFo.XRbytMXjL5fTnu996yA064MdfB9x8Im
    
    &lt;/div&gt;
    &lt;div&gt;
      
      test93207@example.com | $2a$10$xL/ZljTRKUxei4hCbo7l5.jaFWcwEq.0xZQUDjG2NQRzuhqstZdoW
    
    &lt;/div&gt;
    &lt;div&gt;
      
      test93208@example.com | $2a$10$BdZhFIeVewE/g8dOLL9jp.63VLqlf1tzSlXYx1iVirM/LEPDIz/tG
    
    &lt;/div&gt;
    &lt;div&gt;
      
      test93209@example.com | $2a$10$sOw1FJd2KTj5WZTDKB7ZiO4m4Puw2H/1hJoukDtRCnZqsLpefwrG6
    
    &lt;/div&gt;
    &lt;div&gt;
      
      test93210@example.com | $2a$10$7lRwI2Q9W3DZGk2PUmVrTeHcRBW/.5hO1mUJFTZXz5Cg2Y59BEDFy
    
    &lt;/div&gt;
    &lt;div&gt;
      
      test93211@example.com | $2a$10$W/mbknl4jvqJmLGbaYNcie48.uc9ebuIhwpY1AWYQv8uVWebiXLMC
    
    &lt;/div&gt;
    &lt;div&gt;
      
      test93212@example.com | $2a$10$lULAdp/QhloXxK8tUg9lLOrf7RPMofk52HCaDXNAn3OgkXXsvjvsi
    
    &lt;/div&gt;
    &lt;div&gt;
      
      test93213@example.com | $2a$10$/gDinJY/58Oiylx9C/isieFAwglHqlRePqGRBz76e3OnFB4.bItFq
    
    &lt;/div&gt;
    &lt;div&gt;
      
      test93214@example.com | $2a$10$oMYoKDY5rB8wtxhln5dhhOTwpMWqptmN78FUFydTIfIl3w9MTNFni
    
    &lt;/div&gt;
    &lt;div&gt;
      
      test93215@example.com | $2a$10$1K/qQblL/eeUEVvhvZ3CyObB1yWuLC6GN.DgYeHzm2ezYg2KOUsi2
    
    &lt;/div&gt;
    &lt;div&gt;
      
      test93216@example.com | $2a$10$iXGySQjFNrka.j0/CuDziO/0zR7f2bej9Lf3j.pfIMuaDKJf/2XIq
    
    &lt;/div&gt;
    &lt;div&gt;
      
      test93217@example.com | $2a$10$aI7pE5h/6xiY3aNWhXSRTeF76dKpVmvp1L/ersT8CsvamSvKYCPoW
    
    &lt;/div&gt;
    &lt;div&gt;
      
      test93218@example.com | $2a$10$AzU8RNIBw3qQNqaYmHlTSOz1JGDLNmAvVLFJV/LxB5qEuMYyAru2S
    
    &lt;/div&gt;
    &lt;div&gt;
      
      test93219@example.com | $2a$10$UYugatXpYyEbvJOR25WneezO2UIl8dcuiuo92Jj8WYDaX4DEGqIxG
    
    &lt;/div&gt;
    &lt;div&gt;
      
      test93220@example.com | $2a$10$T56XHHsc7mYsRC6fw1E.L.1b7ok3EJAHPMQ55SoNgXmpoDrmsmDee
    
    &lt;/div&gt;
    &lt;div&gt;
      
      test93221@example.com | $2a$10$s4QQNEM6BLJIJdriF3klcOFZjnAjeGwSZaAJhjNq68yDDTuiE10Rm
    
    &lt;/div&gt;
    &lt;div&gt;
      
      test93222@example.com | $2a$10$JURu3VFRekGrjrbitoEkxOsSKzedWwbUf6/.G3tKyfYOmOXKyDg3G
    
    &lt;/div&gt;
    &lt;div&gt;
      
      test93223@example.com | $2a$10$ogVwhC6.thlyLyFqG3VRaewv2.pLcqbKgRXsKolriQkqCKzl98Oo2
    
    &lt;/div&gt;
    &lt;div&gt;
      
      test93224@example.com | $2a$10$P5jqF2CTBavswRUfsgyjJeVCTKvcSOQV4byrhbbOc3hE72aoo1mzy
    
    &lt;/div&gt;
    &lt;div&gt;
      
      test93225@example.com | $2a$10$GkHxVdXbHJlokhj9jy4Evu7H25q4yt0uaVx8e96IFC3w1payed7Bq
    
    &lt;/div&gt;
    &lt;div&gt;
      
      test93226@example.com | $2a$10$xOXJFF7WNf1OQ1dwN/b5NetrW3kwcsc9u.Wn0M4tEKKEaeSeJfd82
    
    &lt;/div&gt;
    &lt;div&gt;
      
      test93227@example.com | $2a$10$yN5DVmPbd.MPNU8lnA7pKOQrjUtexcW6PgE0bPwZR2gk/sHeOmjPG
    
    &lt;/div&gt;
    &lt;div&gt;
      
      test93228@example.com | $2a$10$fJfblqBmGCxEC/cKLCC8uuemN0qVsQvUuWq/H0j2ZEVfEAjxTq4.q
    
    &lt;/div&gt;
    &lt;div&gt;
      
      test93229@example.com | $2a$10$mKv54qlHmS70ggIPfb9E6ekSmI.nlBB2WjmHEayWNMMHfnk.1l9kC
    
    &lt;/div&gt;
    &lt;div&gt;
      
      test93230@example.com | $2a$10$G/aaaGLvQPUM55Hro8.2Qu8pWegiF5y5l/9Ct3M.jNxisKIjl3TW6
    
    &lt;/div&gt;
    &lt;div&gt;
      
      test93231@example.com | $2a$10$F81dT2pq248Wg.P9SiUzbOfzcu5koEsd.TNl4fS5lvR1QNEQ3.596
    
    &lt;/div&gt;
    &lt;div&gt;
      
      test93232@example.com | $2a$10$0RIPluKiSZjZw.jXKi0c0eENJr3FVexOCmaoH.FLTIX6Yw6hUAEh.
    
    &lt;/div&gt;
    &lt;div&gt;
      
      test93233@example.com | $2a$10$hLLeQnKadDOYRBxAfM1gKuXJKkfqXeXMyTtWS4ASagRdhCky4axui
    
    &lt;/div&gt;
    &lt;div&gt;
      
      test93234@example.com | $2a$10$3Y81.OOf2PqrIOzcFCcCgeVkI5u839NxFG2iuzREIXURCVpXk4Z9K
    
    &lt;/div&gt;
    &lt;div&gt;
      
      test93235@example.com | $2a$10$BPXQqcSzIIjwynInbYFIBeGKx9Wopc2MAwhu6yZX4DJOlWdeH1eM2
    
    &lt;/div&gt;
    &lt;div&gt;
      
      test93236@example.com | $2a$10$72BQj0d5r/pgKtZcY.zPc.8pZnAf7eXkuZImLj3JGdhAxMB5r1dsu
    
    &lt;/div&gt;
    &lt;div&gt;
      
      test93237@example.com | $2a$10$F2jj6qxoZFwkwJKC6yak.eku8OFr/LFZAPL5jgLnGVhd4dP.p8n4a
    
    &lt;/div&gt;
    &lt;div&gt;
      
      test93238@example.com | $2a$10$WSwv7Vw09dgWPDKuvhjxBOrayU4nIWlaVjjRcdBzIUzi9dn4QWtPS
    
    &lt;/div&gt;
    &lt;div&gt;
      
      test93239@example.com | $2a$10$yDyN.AzS2aDSNBJZJGBJC.xaRCMM2aNBcDIZXEe//wtrOtTo/ZNR.
    
    &lt;/div&gt;
    &lt;div&gt;
      
      test93240@example.com | $2a$10$/62J67Sqo9MvOiYA1V2HbuY99ErKUHcTbCnfqQ7H9ibO1bjkkDxYO
    
    &lt;/div&gt;
    &lt;div&gt;
      
      test93241@example.com | $2a$10$veYvQ6VPfaE4FNMj.ZmdOOVc/vYSGrfYhsvoIF8b4OXWB27TyuGQS
    
    &lt;/div&gt;
    &lt;div&gt;
      
      test93242@example.com | $2a$10$LI6NIYfSwhXTfrqZWGw0z.Enx7gVQFwlFL8jPsRn1V.VXytv2K2We
    
    &lt;/div&gt;
    &lt;div&gt;
      
      test93243@example.com | $2a$10$UYJHlx9msbX4TS449vhIfOem6nP0r.9naF8rhNHYYwQIMt60q5lmy
    
    &lt;/div&gt;
    &lt;div&gt;
      
      test93244@example.com | $2a$10$vc.FOnc.SPGmHtpSajAkMO8iSyWf/NP6xbGAJwAvRJ3zFwngf8kmm
    
    &lt;/div&gt;
    &lt;div&gt;
      
      test93245@example.com | $2a$10$HuAXMk1rI4ltWsztWXzOX.BPXBy3pAK7bLVzvll.YCbJeMplhfNPG
    
    &lt;/div&gt;
    &lt;div&gt;
      
      test93246@example.com | $2a$10$qvXZDcBxM890TaTtulD36eC38n/MQ8SpGsOObz4qjWnbd.04pc7b.
    
    &lt;/div&gt;
    &lt;div&gt;
      
      test93247@example.com | $2a$10$Arm5CY66PzlN5jRoTHKRVeegXmsPSj4RYJsnOf3Jb8j1fk44NxOZK
    
    &lt;/div&gt;
    &lt;div&gt;
      
      test93248@example.com | $2a$10$SSxi4q/XC5MuyCwCp17qFOtpqS0HSJeZN2347hmcJNReDnIzwECrG
    
    &lt;/div&gt;
    &lt;div&gt;
      
      test93249@example.com | $2a$10$W5QBm/caiR10XPw.WVueB.3L/dL2BjZ1M2H.LxkKnP5L1OkRqdBqy
    
    &lt;/div&gt;
    &lt;div&gt;
      
      test93250@example.com | $2a$10$2Cw66KgexbUfKmSY85rG/O7BRWBzBtSdZQ620scAQ7a7PVbSK3Ju6
    
    &lt;/div&gt;
    &lt;div&gt;
      
      test93251@example.com | $2a$10$kYeNbx8j9Z6gaYip/.RZ6.pvXZiZmXqLVzZ8QIrhwcbLWu8K7hc82
    
    &lt;/div&gt;
    &lt;div&gt;
      
      test93252@example.com | $2a$10$GcbgmbBVVwBF6x4uLrne8ecpceTd8P0uVdipU04lHM9JQhnTHU8Zy
    
    &lt;/div&gt;
    &lt;div&gt;
      
      test93253@example.com | $2a$10$GWUKffri0BH3fnMjmSYnW.7wr8FuzUNkWJeOwjkzlJAR0dyC0Cige
    
    &lt;/div&gt;
    &lt;div&gt;
      
      test93254@example.com | $2a$10$AhodwpUKqSIDR54ff28uBOIouQSf7KYKl3ukP4uClSEr6b57PyUxq
    
    &lt;/div&gt;
    &lt;div&gt;
      
      test93255@example.com | $2a$10$5PzTU9Pa3EmwZM9xpWX54.MH24Qczg3OvzzVQqZMP9HE2WnSdqNQ6
    
    &lt;/div&gt;
    &lt;div&gt;
      
      test93256@example.com | $2a$10$YL4SBwgp2rAeger3Y0wW9OdH/WfoB//awAGFQrmA5BzflS2D8la36
    
    &lt;/div&gt;
    &lt;div&gt;
      
      test93257@example.com | $2a$10$y5jMkWEvERZHDVmqbP.CqeoSAezk8GDdpgJRU9vlRxXuyg8Y/3tfi
    
    &lt;/div&gt;
    &lt;div&gt;
      
      test93258@example.com | $2a$10$59NboGmmuh3zQ9EwcVAy4ulCVMcVRkfZZe/MD169uqkcXdg4QXjHi
    
    &lt;/div&gt;
    &lt;div&gt;
      
      test93259@example.com | $2a$10$8.fCj24C3nCxE.3HpxGkrucgDbwr3BbPZsVZqjhGzZpooLQv3JcOK
    
    &lt;/div&gt;
    &lt;div&gt;
      
      test93260@example.com | $2a$10$uq/F0MIKFHYpLuHq38BJ.uzxMZWXDN9xjk2HDUzjtmlFvD/3pdtFK
    
    &lt;/div&gt;
    &lt;div&gt;
      
      test93261@example.com | $2a$10$9alQZV.iPadCz.P2C01GuuTq2vaTnyU.BDeQAQqVqXPUiU7ljoVMm
    
    &lt;/div&gt;
    &lt;div&gt;
      
      test93262@example.com | $2a$10$e5UozP4UIGuI7hFYRKvGNuWN9oXMtuqRf8Ynr/xgNhVmqtN76k9Lm
    
    &lt;/div&gt;
    &lt;div&gt;
      
      test93263@example.com | $2a$10$N0UIXYfwLzzUOizp3ASjcOs91HCErMjQ1L1cWjRtNL2gimbynx0oW
    
    &lt;/div&gt;
    &lt;div&gt;
      
      test93264@example.com | $2a$10$y44yvTKEcVN7ZMwIVU6ecOpQK/WQbTavzkEg9G09AxNB.7u1P5JJG
    
    &lt;/div&gt;
    &lt;div&gt;
      
      test93265@example.com | $2a$10$s6Vj76jqWOxz9e6jwbuM0.yx18zqSlxNNDPj49WHXfHYUkJn2hk3O
    
    &lt;/div&gt;
    &lt;div&gt;
      
      test93266@example.com | $2a$10$Zq4G4atl73niirCwsDpzwuBiVxmJPcjbv9larxBNccfhW40J0OwcC
    
    &lt;/div&gt;
    &lt;div&gt;
      
      test93267@example.com | $2a$10$vRq0fdYGpaL.o9A.RYNmDOkxMmG.R89sPTCaLrbVQHzxZOQNhFuQa
    
    &lt;/div&gt;
    &lt;div&gt;
      
      test93268@example.com | $2a$10$nbMIzPP2bBVl87h9j5jOqOW.ITw0xburPUCYWG1Dyefjbai2rmwZC
    
    &lt;/div&gt;
    &lt;div&gt;
      
      test93269@example.com | $2a$10$HHjSCpxt3oh4l98u2B05Xe2IRcLmd24wGEBGUGdUGAYHx8WBVV2a.
    
    &lt;/div&gt;
    &lt;div&gt;
      
      test93270@example.com | $2a$10$Ra3OMfvgpNiEsgcAjg8xFumGQhX2tP11iMNkQuyVS8aB62HT6wVhK
    
    &lt;/div&gt;
    &lt;div&gt;
      
      test93271@example.com | $2a$10$IT.Klw0FSaC6llAmtVq4Ru/1ROkZvN1F4nccn0DgjHZUt9j2brGcm
    
    &lt;/div&gt;
    &lt;div&gt;
      
      test93272@example.com | $2a$10$voXkoHwW/zcSwqxJLlSW6e9rK715mTJvq7mgdQjJzeVImwE20ZYqe
    
    &lt;/div&gt;
    &lt;div&gt;
      
      test93273@example.com | $2a$10$0GW/qek.r9KjN2BS9Zc8letem2azpWI82RtOYOgO0WT3M.cTyXlBi
    
    &lt;/div&gt;
    &lt;div&gt;
      
      test93274@example.com | $2a$10$ucHlu4KN3b5xIj6WutgKVe.SY.K.6eXy0zFgJ4Zs6XCc1YCkUDTRG
    
    &lt;/div&gt;
    &lt;div&gt;
      
      test93275@example.com | $2a$10$Cz8PNIIWXbTycfgaujJvh.VAD5L4VfwqTzlNwPiqNM7ABWQTSoN22
    
    &lt;/div&gt;
    &lt;div&gt;
      
      test93276@example.com | $2a$10$/z.T7d0n6GH5x9A17/9yJOlBEguZULqqPPE10w1G9quu5qDg3sel6
    
    &lt;/div&gt;
    &lt;div&gt;
      
      test93277@example.com | $2a$10$mg6iKn6D0/g1w8cxKN.RRu2tWJi.PQaLPuiT2c5VrDLfXOo92eBf.
    
    &lt;/div&gt;
    &lt;div&gt;
      
      test93278@example.com | $2a$10$vpqfspTMf3rHNAuri8V.t.9JrbbvwfAh.6RRtvv00nm6wZyFXOc8O
    
    &lt;/div&gt;
    &lt;div&gt;
      
      test93279@example.com | $2a$10$hFQUeExewOEyyUFXHPaoKOFdA0oGmetNFMWDceqR7zYOGgtKHy5S6
    
    &lt;/div&gt;
    &lt;div&gt;
      
      test93280@example.com | $2a$10$Lhj2OJNivkZpw8vMJCKMAuVBINUtqgcFMtw4gdQHV0IKNIf9.Vr0O
    
    &lt;/div&gt;
    &lt;div&gt;
      
      test93281@example.com | $2a$10$MJl1P5pMBDzz3yBqYH3T9eJQBUO6aphijkeM8AAR6HGu59CibUyFW
    
    &lt;/div&gt;
    &lt;div&gt;
      
      test93282@example.com | $2a$10$BnXuA8TV5sxEIFM6.kxqquRUjID7NQRVjoELToUubZEKXe/oDh3nS
    
    &lt;/div&gt;
    &lt;div&gt;
      
      test93283@example.com | $2a$10$/m5PDtvv2UA6ayWOof2NB.oH5mqsDR7fZO8d6MXa/A2p3OW83m0GW
    
    &lt;/div&gt;
    &lt;div&gt;
      
      test93284@example.com | $2a$10$6Y4KOR3w2pF2jFLSbDV0FOMXTYVaS11/LrImXyBioW6dQj3NskRmu
    
    &lt;/div&gt;
    &lt;div&gt;
      
      test93285@example.com | $2a$10$jcnMm2ml5v9qHXlJiXmzKe62VkFn0EAbUq1coszvnXYkRxUufSbk6
    
    &lt;/div&gt;
    &lt;div&gt;
      
      test93286@example.com | $2a$10$f3Fx/ZbfMM.OY7TrSC5IcOcKLQaM7fjLVFfJTv53PnuFSg//lywUy
    
    &lt;/div&gt;
    &lt;div&gt;
      
      test93287@example.com | $2a$10$McW47DC0yhuxT4b8JkAVp.gJ4RkFikyZjrtwI3W13V85bgPPSkDLi
    
    &lt;/div&gt;
    &lt;div&gt;
      
      test93288@example.com | $2a$10$01sis9H8ZVJbGWEuw.TQM.oEF.sO6bYWrhxygCQkWXIy784TDoRky
    
    &lt;/div&gt;
    &lt;div&gt;
      
      test93289@example.com | $2a$10$ToI0sCuf6k0NVkkdYV2O1.ohMNA6XtoQLRi52JIsSHZdP1DV8BawO
    
    &lt;/div&gt;
    &lt;div&gt;
      
      test93290@example.com | $2a$10$vv3T0iYOw0AF6nlo02/nxOsVJ6G1SsdxXRQQ3AIKgF4lIOiJ5.qMy
    
    &lt;/div&gt;
    &lt;div&gt;
      
      test93291@example.com | $2a$10$hBtZDP3MZyT5/a86zyGKb.U5oqta7xI1qcmNIIcv/pYj.05zumm2e
    
    &lt;/div&gt;
    &lt;div&gt;
      
      test93292@example.com | $2a$10$42mQRxr2OIgLpD57wQzWQOUDsGLjyr7K1EjHZO8w3gfioQifHd51i
    
    &lt;/div&gt;
    &lt;div&gt;
      
      test93293@example.com | $2a$10$QkKbCPJ1Wpdq4H5vF3dzBu2NqOYG7VG1mHBkX80clcnRrJmaqffOG
    
    &lt;/div&gt;
    &lt;div&gt;
      
      test93294@example.com | $2a$10$d8JQqDHDn52Q55czLCSMPOuCeY/mPabZ8tzD181rQrrkSn9OWs1Dm
    
    &lt;/div&gt;
    &lt;div&gt;
      
      test93295@example.com | $2a$10$chU0/sWbTVia1WXgMAlgXevhvR8PKEUejr4E3h0I.nyn54w0sUuES
    
    &lt;/div&gt;
    &lt;div&gt;
      
      test93296@example.com | $2a$10$rlCTs1Y9eC.viT6kQb6ci.4dej7QE3xaEkI4U2XtnyphrkdoXBkTW
    
    &lt;/div&gt;
    &lt;div&gt;
      
      test93297@example.com | $2a$10$bLnInA7KWoKb724uuaAisOcHbUc4a./wVKIXzKd7tRNqad6/W3lTS
    
    &lt;/div&gt;
    &lt;div&gt;
      
      test93298@example.com | $2a$10$hnocKF4mPKC.4z1OxX5IEuc.nDqarkCfAQVHlhxF3bjFc7wk4/6p6
    
    &lt;/div&gt;
    &lt;div&gt;
      
      test93299@example.com | $2a$10$AuZ5B/77Q2c1jUlE0Cwi3.JVBZ569rc15Joc9CaMEvrOPXtW.6Ztq
    
    &lt;/div&gt;
    &lt;div&gt;
      
      test93300@example.com | $2a$10$/Duzi4TEPPFsi0W2C2Ar0O5QRB4LACmm43JS.laW0eGJkYoBBwq8O
    
    &lt;/div&gt;
    &lt;div&gt;
      
      test93301@example.com | $2a$10$hs4VLxGp1q2sGbyEMqtGd.Q6TgUkoOo9F0gjtQuaM/8HkWGJZ325m
    
    &lt;/div&gt;
    &lt;div&gt;
      
      test93302@example.com | $2a$10$/YfHvuo4M/VvlhBu0pJEL.Zwpw.IjkR.WRVis.UTBEaMx0z2Nlzzy
    
    &lt;/div&gt;
    &lt;div&gt;
      
      test93303@example.com | $2a$10$P.zigN3Uaskk4dZd8ntnbOHChwozGKm78NmAmofC2mQoRaED89dQC
    
    &lt;/div&gt;
    &lt;div&gt;
      
      test93304@example.com | $2a$10$txPUPo//AZVY3OuZTzw/9elp3h2ui3OGhMPdoZntwba.KknsaIDry
    
    &lt;/div&gt;
    &lt;div&gt;
      
      test93305@example.com | $2a$10$vD4iszI4WjKmkYY/nu.PQ.fpC5FessTfcNcs3a6hQhwmnircFiiIG
    
    &lt;/div&gt;
    &lt;div&gt;
      
      test93306@example.com | $2a$10$uCwACCqZsuTxMfMNriBxmOipVvmAL4lDQntoqMWd8V/ag5s3q/mP6
    
    &lt;/div&gt;
    &lt;div&gt;
      
      test93307@example.com | $2a$10$qANiXqbN5oVyfrz0szhQned7ZiIuag9ansLP.LAD9i0hUltslsacq
    
    &lt;/div&gt;
    &lt;div&gt;
      
      test93308@example.com | $2a$10$PXTEcDPbx1Ye3VoLly9dPeMPmR1RWcIlGux87Kjt.EFHbR663wR7y
    
    &lt;/div&gt;
    &lt;div&gt;
      
      test93309@example.com | $2a$10$fdrpbHux6Lh1ggAYDgVPye8VJMVwmAYL9Ed5smpQb9PwPzcjrdAPO
    
    &lt;/div&gt;
    &lt;div&gt;
      
      test93310@example.com | $2a$10$uEArrsZeFPdTvPw5mMH1vODhcMjvYaSI7qxLJ37Bynef3/o2.v8.m
    
    &lt;/div&gt;
    &lt;div&gt;
      
      test93311@example.com | $2a$10$kDIpFk7d5eS0sL8nSpq.nOMLv9XZ/kCVknJP78hgwrGuhSWJY/ZRi
    
    &lt;/div&gt;
    &lt;div&gt;
      
      test93312@example.com | $2a$10$AiTWnql0NpGZDVL6ORPMqeyBzp5VEF57WQu1tDLcYQRLS00IIXFw6
    
    &lt;/div&gt;
    &lt;div&gt;
      
      test93313@example.com | $2a$10$UnTQnjbBrD4AQSwfhU6l2uN/S5JTbbDSsz982fTxqFAjLhoOX9oii
    
    &lt;/div&gt;
    &lt;div&gt;
      
      test93314@example.com | $2a$10$JaGD1DLMM4F/BM5LPrb3n.bu.cTjvBnyh1pSMWqGWwEAYz6A6lAi2
    
    &lt;/div&gt;
    &lt;div&gt;
      
      test93315@example.com | $2a$10$r8r5.6klEsQzpWza1nPbmeAY3utmU3SW.C1XTQHppPE.s8h0lKXjW
    
    &lt;/div&gt;
    &lt;div&gt;
      
      test93316@example.com | $2a$10$RGogilyk5PU./yTEdAd44O9Srhtlp8avU1jWt80iEKyDzTJJ1mYJ2
    
    &lt;/div&gt;
    &lt;div&gt;
      
      test93317@example.com | $2a$10$8a2ab19vuGEGRMmkngKbAuCNpBGezBOHwcE.nSu5eWYwFP4jDEIsW
    
    &lt;/div&gt;
    &lt;div&gt;
      
      test93318@example.com | $2a$10$oP.X7h2reGbQztTfHpiGP.geQwz36yp9nVhRUe2vfa5zwSFaTSgP6
    
    &lt;/div&gt;
    &lt;div&gt;
      
      test93319@example.com | $2a$10$KZdgYMFx3ZM/AQnIYfbHy.J8NSDb1ceKGkyvDUzJ3fl/pFR/PXGG6
    
    &lt;/div&gt;
    &lt;div&gt;
      
      test93320@example.com | $2a$10$QQClqOGhlMkLJ.OFPBQEb.iwZo3hyd5svnt4DCHphfqkL/yAp0WcG
    
    &lt;/div&gt;
    &lt;div&gt;
      
      test93321@example.com | $2a$10$8cJWtaVjGxoi.uM/loG2IejPpoyExCCXJNnSTZZ3rKWwdW/oquPpC
    
    &lt;/div&gt;
    &lt;div&gt;
      
      test93322@example.com | $2a$10$Il8R/PDzpgYpUo7NhSOs0OnY8oJ9N9M2S/nOT.TBv9sWO4hYyuxOS
    
    &lt;/div&gt;
    &lt;div&gt;
      
      test93323@example.com | $2a$10$bbmNmuA1jxFf2Ld2YYnd/.s1rxXtYAAGmPxcjkCSehdiYES4D3wtu
    
    &lt;/div&gt;
    &lt;div&gt;
      
      test93324@example.com | $2a$10$spqR1dlHRXKPSmp2THw1ZuBQwkZriNby0YnHyrI0BLZiRDmQdaEvC
    
    &lt;/div&gt;
    &lt;div&gt;
      
      test93325@example.com | $2a$10$lJP3qm6n9woPsGvztGfpse/Uw1b48sYR0gSEpx0Or..GJDOXRwfu6
    
    &lt;/div&gt;
    &lt;div&gt;
      
      test93326@example.com | $2a$10$IW0fzKmv4/VNyxcVPdYyJevIhjeGXO9ktUBnCZGk7sn.31PnbNHAe
    
    &lt;/div&gt;
    &lt;div&gt;
      
      test93327@example.com | $2a$10$Xj7kMxqUU4QRvytRGLAEseD6fVEsDEeJPowU0v4bLU8mvb89r5oe2
    
    &lt;/div&gt;
    &lt;div&gt;
      
      test93328@example.com | $2a$10$7o7wMArNEqlIyLS1uDjETe9Fh9mMI5lJSZQzpaEjrxkugqy.cO3wa
    
    &lt;/div&gt;
    &lt;div&gt;
      
      test93329@example.com | $2a$10$wYj5JhkD26Ya.0ZIyZ4tSuAH8Y6tLkR/iv/z9N.F5xdbRs6S2d0.m
    
    &lt;/div&gt;
    &lt;div&gt;
      
      test93330@example.com | $2a$10$p8e81Rj5GBPfOKakRo6lruZGT1InzXlMnjImigdxXepzac6JEcfHu
    
    &lt;/div&gt;
    &lt;div&gt;
      
      test93331@example.com | $2a$10$nM673esdQ48wWoAtiO.UJeAOludaBjK.aKRjlrq4D071.ZmQzksnW
    
    &lt;/div&gt;
    &lt;div&gt;
      
      test93332@example.com | $2a$10$Q5jZSuIcPyZVAPo0nfN6ruAcgdGBrSAbL3gpI5kGPx3CZ1OPm.zde
    
    &lt;/div&gt;
    &lt;div&gt;
      
      test93333@example.com | $2a$10$4fpIq0wMOoP1drqd/uQe.ulgHCXJQFz/ZKAZwHTpirzZ0g6yvfOX6
    
    &lt;/div&gt;
    &lt;div&gt;
      
      test93334@example.com | $2a$10$.zmbQjOy5cP.KlH1GIsz3eVyEUZvM7ciX3M.yvssQ7/KY6PO0au4G
    
    &lt;/div&gt;
    &lt;div&gt;
      
      test93335@example.com | $2a$10$3mlvi47DWaDWA2958DyrDOGR6XDfOSnJDNvMFo3B57dWVgFCRbDwW
    
    &lt;/div&gt;
    &lt;div&gt;
      
      test93336@example.com | $2a$10$/JlUf0p970ZIC2Wju96GJ.96UoYkfg0WE6zv8SLIm8.Xd5wosoPtq
    
    &lt;/div&gt;
    &lt;div&gt;
      
      test93337@example.com | $2a$10$dnj80411.L0PHtWE4bY6M.SLZ5S5jZbmGD6c43XPskwkzAT1dUB0u
    
    &lt;/div&gt;
    &lt;div&gt;
      
      test93338@example.com | $2a$10$jBFdYup7wvr4hhXV3jqp1.Et19IFpYaa3Rm/nTqycrdjMCMss.IVG
    
    &lt;/div&gt;
    &lt;div&gt;
      
      test93339@example.com | $2a$10$D8aPFL1Ba.vYEim3Gv6Z1OM5lsMCvvTwldm/.xw.N4tiszTwBwKgO
    
    &lt;/div&gt;
    &lt;div&gt;
      
      test93340@example.com | $2a$10$ShqpF1ljC/wTjIqpUGFr6.RHprqxRzDNKXPgvmOlOWa0K2DsmaD7K
    
    &lt;/div&gt;
    &lt;div&gt;
      
      test93341@example.com | $2a$10$fQ71wvjapm/BQVzNtp1F4ehPgxBdrJGRPYGi9CoGhYxcRilJtwrTK
    
    &lt;/div&gt;
    &lt;div&gt;
      
      test93342@example.com | $2a$10$X0W/sIFwBcIeAe9315YlreFoTXj5WW.tVTV2q6ghQPmNLgLt7Sl62
    
    &lt;/div&gt;
    &lt;div&gt;
      
      test93343@example.com | $2a$10$mW7.LTSyhSlCU0xFI5wm2Ovb8aatGFLgsAzSjsWU5EDgHwvy4psjm
    
    &lt;/div&gt;
    &lt;div&gt;
      
      test93344@example.com | $2a$10$xHFBEbOeYdsdnn1HgMC67ukbkY.sVBhXv9eU1luExVbX6A/hhtykq
    
    &lt;/div&gt;
    &lt;div&gt;
      
      test93345@example.com | $2a$10$OF6zE5g9JkLwcd5oUQ94XO4TLQ/nEAGzCYuklgxNz3xoCJIhJgGbO
    
    &lt;/div&gt;
    &lt;div&gt;
      
      test93346@example.com | $2a$10$sKvaWCXSj/wakhENWWnxzOBrF12lUrwLGUCFP1NfoqWzewjQHEPm2
    
    &lt;/div&gt;
    &lt;div&gt;
      
      test93347@example.com | $2a$10$R5ICHWN9FRg9gqSL.IJ/TeGmbz2bWoAtcV4euOcFiZTh/FE0vl5SG
    
    &lt;/div&gt;
    &lt;div&gt;
      
      test93348@example.com | $2a$10$p20VeS4GoNhSAHJ7VcWQEeCoWBKFl2DegbZvH/Vp40nzFYuWc.YhW
    
    &lt;/div&gt;
    &lt;div&gt;
      
      test93349@example.com | $2a$10$c.sPseYa8nOM4wzSlcHpYO/oQVjdWbZgwm3GR6n//PZucV8Q.rkp.
    
    &lt;/div&gt;
    &lt;div&gt;
      
      test93350@example.com | $2a$10$pmqYheVnX7t2AU7ZwdMPgewYHMJ6I9j0fFIF.IXP5ZHhlWu04UNFa
    
    &lt;/div&gt;
    &lt;div&gt;
      
      test93351@example.com | $2a$10$x2vCzWyK1WdaefSMGgEFCeaYDbdenu/pjR0e.RdtH8sZ2KFBNNcnK
    
    &lt;/div&gt;
    &lt;div&gt;
      
      test93352@example.com | $2a$10$vIvSRG7kRVSo09EfvlwtGexsd6qwll.t.a3ugay4CnDE56wp9CD6a
    
    &lt;/div&gt;
    &lt;div&gt;
      
      test93353@example.com | $2a$10$EKxMgWxhfiR73gpHNNbWpeow5SGLtmT69GQmjYwldiFDoRb6G1IvC
    
    &lt;/div&gt;
    &lt;div&gt;
      
      test93354@example.com | $2a$10$AwKUe.F/grf4/9dWfUH0Zu4u4Ufim.tUxqPaOUwgJDin5/qAOt5yS
    
    &lt;/div&gt;
    &lt;div&gt;
      
      test93355@example.com | $2a$10$lWFrgMOWwUirIpZv2MEd5.OW1sL7IFMxD2nS6rWZTFGnidJhh5oyO
    
    &lt;/div&gt;
    &lt;div&gt;
      
      test93356@example.com | $2a$10$hfxriog/Iy3Z5qpYBaUpPeiPLuGdGjTE86Edv.GmGRy2TDNUMtyYq
    
    &lt;/div&gt;
    &lt;div&gt;
      
      test93357@example.com | $2a$10$6hiB47RqiYZbvtta7VO2OO6d4IUK7DbBHQpPiNXBxJookeSMRJKMO
    
    &lt;/div&gt;
    &lt;div&gt;
      
      test93358@example.com | $2a$10$RflLvsmacQ07rgoOt9Www.POUUOumHlEYaC2h.laLMOJBMYmECYXG
    
    &lt;/div&gt;
    &lt;div&gt;
      
      test93359@example.com | $2a$10$wn.EDi4J8Sp9Wz2GJSgH9e13cffriw7Nm47yiVl0uXxQzT5TpQUCC
    
    &lt;/div&gt;
    &lt;div&gt;
      
      test93360@example.com | $2a$10$p8k5m8toWIeOBfLZ1PZt5ePsmRS3lOLM/aEx/pAOL.GKRN/Ktjy/G
    
    &lt;/div&gt;
    &lt;div&gt;
      
      test93361@example.com | $2a$10$RhTP6WCwMq0dco2caH5ubeTqfPlWeMcWca23a8G7FWt6XZOqC4l4y
    
    &lt;/div&gt;
    &lt;div&gt;
      
      test93362@example.com | $2a$10$lXCx9QxUHEdLXUKSo84VBuC8156t.Kp/3ivBYMtP0nKIp8AspYfCa
    
    &lt;/div&gt;
    &lt;div&gt;
      
      test93363@example.com | $2a$10$cnv2yqGsXNtW1F3ylsdqEOjvviFn83k6A7uWAZzSssZVVpxfnv6rK
    
    &lt;/div&gt;
    &lt;div&gt;
      
      test93364@example.com | $2a$10$BgreXvcnr1iM9dNDpE60XuMbr.uvP2Yp2xxTY7.CrReZrbY.yx/Xy
    
    &lt;/div&gt;
    &lt;div&gt;
      
      test93365@example.com | $2a$10$MLXL7d/1rh0ZfAXXo7KQBuCOInp/xAyM1Ad2dTgibzwj8/gfkeL6S
    
    &lt;/div&gt;
    &lt;div&gt;
      
      test93366@example.com | $2a$10$GN.a5G7LYbHW5t1i0WrWbOKf//6./PR2zyXbfzd7QhKgK0Ig.3yFq
    
    &lt;/div&gt;
    &lt;div&gt;
      
      test93367@example.com | $2a$10$VWp8iuiIZa8ZkzjoCfIANOpaMq6choNQ/8m1aYcjpf6b0XgGQt506
    
    &lt;/div&gt;
    &lt;div&gt;
      
      test93368@example.com | $2a$10$d.nPLtiJIkANf2rfY3JDieIjDVuiMHMCMclrC3brbAkrdW4y1upRG
    
    &lt;/div&gt;
    &lt;div&gt;
      
      test93369@example.com | $2a$10$in34GcUHwpiedvNsNSfnleEUv5NEsU.OTIP3WYn3BStPkZxSbPxnG
    
    &lt;/div&gt;
    &lt;div&gt;
      
      test93370@example.com | $2a$10$fD9N/hV9ZI0Mxvcx36ij/eKoRQ1CH7LYMxQFSJ9ehG9tsFZ7DrDUC
    
    &lt;/div&gt;
    &lt;div&gt;
      
      test93371@example.com | $2a$10$yDf7EgQrUIVy1mgg3FZo3el8oyioQpZR6T06n8ZOr79aXfjtyM1Eq
    
    &lt;/div&gt;
    &lt;div&gt;
      
      test93372@example.com | $2a$10$2I0yRLZqP3RwKL5WXCjm2egkUgZaeBsIVxgYKpZyjGMKXkYFDyz/e
    
    &lt;/div&gt;
    &lt;div&gt;
      
      test93373@example.com | $2a$10$pPCMDMT5Goa4DKF5KziPhun4D5LQDSzKo93TS2i6lHky0qwOFIWta
    
    &lt;/div&gt;
    &lt;div&gt;
      
      test93374@example.com | $2a$10$1NZKANNoTz3QDX7AAw3zBubIxo1Uuly2upHKFz4fUkL1V6e9YPiYW
    
    &lt;/div&gt;
    &lt;div&gt;
      
      test93375@example.com | $2a$10$WduOxxlBRZduGW2YmYPIKeEk4Brvg2LVCDggt9/HtOLZ20QqHzKau
    
    &lt;/div&gt;
    &lt;div&gt;
      
      test93376@example.com | $2a$10$in/3aZU306EGCFZCCmPesujXly3xvhcJ8IVXiCyWUULf3/39ENogu
    
    &lt;/div&gt;
    &lt;div&gt;
      
      test93377@example.com | $2a$10$3sK0f5/fx7tB7xxf30Kr..rwrnU7n/rQML6ixzEZJnjMiYv/1zIk.
    
    &lt;/div&gt;
    &lt;div&gt;
      
      test93378@example.com | $2a$10$UTc158EfG.WhX79Dr7BIh.1PRRuTew55d/Gbg1SIFQJuKNhHhoubO
    
    &lt;/div&gt;
    &lt;div&gt;
      
      test93379@example.com | $2a$10$Uw07EFNh2g2u5jby/wR4eOPH0pVXQdjfd5KVAVES5zqnAe0j2ERGe
    
    &lt;/div&gt;
    &lt;div&gt;
      
      test93380@example.com | $2a$10$XmraZBRnw/8zSQG/PFvyJOFmwWA2GvsrM6H16ncgCwvEkT6RsGNei
    
    &lt;/div&gt;
    &lt;div&gt;
      
      test93381@example.com | $2a$10$57ZqiZZXYqBds3DOJoL00eCo9XYmFnxnzZP2ENHg5WDkoCJjiS562
    
    &lt;/div&gt;
    &lt;div&gt;
      
      test93382@example.com | $2a$10$4nRdBFsWxQ7S1odY0ms1ZOylTveydipQdWJIOMwyZbfVvETKNxXqe
    
    &lt;/div&gt;
    &lt;div&gt;
      
      test93383@example.com | $2a$10$G4DAlgBeVDhD2iNQesr0ruaQ73iEOejPZPmnEmNyB5T3XIk9dxjd6
    
    &lt;/div&gt;
    &lt;div&gt;
      
      test93384@example.com | $2a$10$wXk7FW0.PEAENOKDTtLlP.8DX6OIYaREWMQQZCCgkzzD6xMDeSxri
    
    &lt;/div&gt;
    &lt;div&gt;
      
      test93385@example.com | $2a$10$dBttuzVA1AyswtNJeAEWZuBW4vSZj5aa5iVnUpiwg3i5LiXdqYBQS
    
    &lt;/div&gt;
    &lt;div&gt;
      
      test93386@example.com | $2a$10$3cK7Z4CwsHBW49rKSp2PDuVrAqJN2gwWmQv/k.1ewkzGt9YD6cK/K
    
    &lt;/div&gt;
    &lt;div&gt;
      
      test93387@example.com | $2a$10$cUje5Q7d72tt1qQmh96vCejoe3dmSNzzgLrdeGI0U7d5mE0H48t0O
    
    &lt;/div&gt;
    &lt;div&gt;
      
      test93388@example.com | $2a$10$8oxxMQTARbxPJwRc400VmOEeHTai6.3uescAH8SwQnrEO.68oMdCy
    
    &lt;/div&gt;
    &lt;div&gt;
      
      test93389@example.com | $2a$10$bOz1696IsQAU1moZpIF.AO70zyTLsybmBll9VtrZ0R5ymrVTAxiNq
    
    &lt;/div&gt;
    &lt;div&gt;
      
      test93390@example.com | $2a$10$k9yoiwNZ31mf/wWDJr6UZ.03Eu4XD/EopG9JWoaHsZc37AKENZXV6
    
    &lt;/div&gt;
    &lt;div&gt;
      
      test93391@example.com | $2a$10$EE24hpj4mPHp00M3H9.CRe6y09zqwpTkp1SqBiUUTDaTIDpGgGFxu
    
    &lt;/div&gt;
    &lt;div&gt;
      
      test93392@example.com | $2a$10$Va/ASOptTQJ.QD8thsxdeOrv49GHqH5UbMI2I9ZTDJko2xYKkEbVa
    
    &lt;/div&gt;
    &lt;div&gt;
      
      test93393@example.com | $2a$10$4YzZ4X/kEG37XIL2gW2w1OCu74shPdP53WZ2mY7ufBlWze9ajvSH6
    
    &lt;/div&gt;
    &lt;div&gt;
      
      test93394@example.com | $2a$10$btnp0GU.o5/hFboyUQXVGeHZcSBiDzznkPlHvEAtf4.1LKJLxeH6O
    
    &lt;/div&gt;
    &lt;div&gt;
      
      test93395@example.com | $2a$10$b84wCMPW4GoIa9Tko6IkcerFYWpbWr9KEEtqzGNim7cX04FR/CG86
    
    &lt;/div&gt;
    &lt;div&gt;
      
      test93396@example.com | $2a$10$HdCRsvcIo6ECyozeStNPV.odUYpq01zTSwW.Pzat5//NbIEj5EcAe
    
    &lt;/div&gt;
    &lt;div&gt;
      
      test93397@example.com | $2a$10$la43qWeCFn1sX1DhWsLceOApKRsUYjadnYQPgyUIZ/vOiJxsIMgdi
    
    &lt;/div&gt;
    &lt;div&gt;
      
      test93398@example.com | $2a$10$UeHEPgeV1HKCc6dSHh9b7.9J7Mf.J.HlkCWdfdIUJcZ08mq6yE/Qq
    
    &lt;/div&gt;
    &lt;div&gt;
      
      test93399@example.com | $2a$10$tCNS.2IC3vEY0s6u2VUQOeldoCtRI8ZNGIHLjM4tkY7Y/JstgmNaq
    
    &lt;/div&gt;
    &lt;div&gt;
      
      test93400@example.com | $2a$10$/mgQnEkHvt0Xe.r.tGyInuqsIwrJaPvTdT2qs8SnRI48hpXsq7kVi
    
    &lt;/div&gt;
    &lt;div&gt;
      
      test93401@example.com | $2a$10$ptYAoiBQfLtibMwjnl5S3O94fG/f1xqWMhsG4bPyd6/Y856hW8ffO
    
    &lt;/div&gt;
    &lt;div&gt;
      
      test93402@example.com | $2a$10$wMPIN9Z0a4.t65IvFSr/6.2SAdGLBfZ3D430Iz.wlNv.5GBJESZjy
    
    &lt;/div&gt;
    &lt;div&gt;
      
      test93403@example.com | $2a$10$xj4fCvqVaLRIGUre8UOIruBQdjUP3EJVOdw3.7sg7LG7rSgP96MMu
    
    &lt;/div&gt;
    &lt;div&gt;
      
      test93404@example.com | $2a$10$j9c/F5Nq2H/yN5I8eMR1H.eorE7qf49uHBaAfX4vsc6FTGojZi2RK
    
    &lt;/div&gt;
    &lt;div&gt;
      
      test93405@example.com | $2a$10$SSFqBlXJ/EwsMR/MuRZLC.7SPPuwXti1J3UUnfdO/TEqbBAfvOvnm
    
    &lt;/div&gt;
    &lt;div&gt;
      
      test93406@example.com | $2a$10$A/m1UXuBT8.bxsHJIXDaRerk511EGdzhw1IObDLnV6UBq7qMLeKD6
    
    &lt;/div&gt;
    &lt;div&gt;
      
      test93407@example.com | $2a$10$Okwv/RHX7.LO6UREUJkcmu6OaN00VcUTZfjKdrzZ/ywPqqWZvHcqa
    
    &lt;/div&gt;
    &lt;div&gt;
      
      test93408@example.com | $2a$10$5MM04Pyk6VMg8lRct49rhecdMWF45THrByjSCJUq/GiVZDYr1Hgqi
    
    &lt;/div&gt;
    &lt;div&gt;
      
      test93409@example.com | $2a$10$LhoqXf9wcaI1FlJG7CpS7O45SEEzJidgTxiWvLY72U5Mm/877dGN2
    
    &lt;/div&gt;
    &lt;div&gt;
      
      test93410@example.com | $2a$10$SwHE1ptYF8.C0m5XbAYB6eA7JhE0RQXu0vPHLP2bY5CwhnAq6xdWq
    
    &lt;/div&gt;
    &lt;div&gt;
      
      test93411@example.com | $2a$10$B4l1KB3nkKgQIf6sJOSrCemt69S.lftMnnB.jevd9kSYb/cVLFrRW
    
    &lt;/div&gt;
    &lt;div&gt;
      
      test93412@example.com | $2a$10$VvMkZzByB5kmyL0nNnhRUe2fcmI7jR83HwD8Cyg/jq6eTFEc2fMEa
    
    &lt;/div&gt;
    &lt;div&gt;
      
      test93413@example.com | $2a$10$xxKuo7kidF4GQunGyBTWmuDaBUOJvf2Blhy/hErDpTTqZffvp4Jzy
    
    &lt;/div&gt;
    &lt;div&gt;
      
      test93414@example.com | $2a$10$eMQy/0.v4Y/Ba2e4kudhHefuyLken9P6012CdAWIj48Rz3cLXtDaK
    
    &lt;/div&gt;
    &lt;div&gt;
      
[...]
    
    &lt;/div&gt;
    &lt;div&gt;
      
      test93694@example.com | $2a$10$sGmU8U3SPO//HI6AVWfUfOlldwiCzbF9Be1epI7GkRbEUyVhL6yES
    
    &lt;/div&gt;
    &lt;div&gt;
      
      test93695@example.com | $2a$10$CcsU.V9gpQrGcUrmikaaJ.caUMImS3RMa.R307a0003NSn4t2Bd/y
    
    &lt;/div&gt;
    &lt;div&gt;
      
      test93696@example.com | $2a$10$FDfa7Am0H6ALUxkRLJ9BOuxjaicYB8IG9vZ6Tvw72r6o3E2tCF8qe
    
    &lt;/div&gt;
    &lt;div&gt;
      
      test93697@example.com | $2a$10$LKDcOA8KNEwnjljlNQWD3uHIbq4fCVeOiHUNYBg3DpxxxBFMHzGVm
    
    &lt;/div&gt;
    &lt;div&gt;
      
      test93698@example.com | $2a$10$9Tajm6HEMBPvIX2xeGh0EuQAwgHp8rMKsRukqvjyjX.gdH0IKkdVC
    
    &lt;/div&gt;
    &lt;div&gt;
      
      test93699@example.com | $2a$10$qfx8MoWMuS0AF.y0hH24XeksPSCiRLbV6rvgRcVkLnRG9qMbSQBbW
    
    &lt;/div&gt;
    &lt;div&gt;
      
      test93700@example.com | $2a$10$cgaeucW8whgCfKGwby15l.G9qIHsrzMXxiIgonGEEIg3j8QO035.6
    
    &lt;/div&gt;
    &lt;div&gt;
      
      test93701@example.com | $2a$10$xm4InEZXA9GCTn104A/x9.XAlLf1idxd68wQJ4jjL45s6JY0cbLJq
    
    &lt;/div&gt;
    &lt;div&gt;
      
      test93702@example.com | $2a$10$f5LZF/EfB5htzcdJQ4GAheyblCj8HKb3zTPqK9GoveX2RMgAPS9Uq
    
    &lt;/div&gt;
    &lt;div&gt;
      
      test93703@example.com | $2a$10$GXIntPLrN4fJNAJiKCVf/OQVeFTtEiQtOOds3dhyry9B6CHo9XyKO
    
    &lt;/div&gt;
    &lt;div&gt;
      
      test93704@example.com | $2a$10$JONa2Pupo7dLhIvhsnLI9u2mXDuFxY5z.jhF3G/9oW/.XmtlPPZmm
    
    &lt;/div&gt;
    &lt;div&gt;
      
      test93705@example.com | $2a$10$6GSnVHKW1/TYme9ZUFobFuyBKFh1KrO2Hpwll4V4CXjHTwOBJdvj.
    
    &lt;/div&gt;
    &lt;div&gt;
      
      test93706@example.com | $2a$10$dpNIokoZvjhJYbI/ZuewteB9ZP2kvgtddDVTq3hZVPsh7n2ghvSnC
    
    &lt;/div&gt;
    &lt;div&gt;
      
      test93707@example.com | $2a$10$b.Mx/QubXs0j7rwWYcvbaebVLIcQeAjCyUXhwRCpvnHzWkCg3K.xS
    
    &lt;/div&gt;
    &lt;div&gt;
      
      test93708@example.com | $2a$10$w2rWAg9ZHV72LCbdorJrAeofQFvTxeMkyxcjtUoOfrnVTC.WpqCvG
    
    &lt;/div&gt;
    &lt;div&gt;
      
      test93709@example.com | $2a$10$aE7U1HDAIS2U7Lb.44GYNOy200jjFgc80PpfFCowe1.H.UJwlJD.m
    
    &lt;/div&gt;
    &lt;div&gt;
      
      test93710@example.com | $2a$10$oTN9LfVnDLzW/KSZRmYIo.9Ui2NhudbGJv.szMEdLdHwZmO1ORgpu
    
    &lt;/div&gt;
    &lt;div&gt;
      
      test93711@example.com | $2a$10$h31k1H2UprsMfqLr.cGBdO56wFHTTUFjqTtCDLACt01O9DQgpOn/G
    
    &lt;/div&gt;
    &lt;div&gt;
      
      test93712@example.com | $2a$10$zzT7qQkYYnc4RN9KNhXvxevJ33eztXYeFBCih2OK5nzsfbBLVsun.
    
    &lt;/div&gt;
    &lt;div&gt;
      
      test93713@example.com | $2a$10$aFld4zrGxMXXv3axSgXUmu05Cqc9a9L.kQ8lO5o4n2oRM1fDhXkUS
    
    &lt;/div&gt;
    &lt;div&gt;
      
      test93714@example.com | $2a$10$rt2IO07k3zlKEsG17qN77uD7fWQbNb0tIue.m18MSjl6dBw/RNN3S
    
    &lt;/div&gt;
    &lt;div&gt;
      
      test93715@example.com | $2a$10$dn83xQCq.g5wgr/rnrR8pu/2CPAGOsFHgc/MIQ5qpTT.iVo90LjFi
    
    &lt;/div&gt;
    &lt;div&gt;
      
      test93716@example.com | $2a$10$sDg1eTa3J50ShCjF.V6mF.u3cYtRaBHPG7M7CL5DXf0Cj3u3Co4.q
    
    &lt;/div&gt;
    &lt;div&gt;
      
      test93717@example.com | $2a$10$L2qf9FebV1nd7yNieI7N6.RRLIMPx62CKRwWPh4q32MJxd1uKvWMS
    
    &lt;/div&gt;
    &lt;div&gt;
      
      test93718@example.com | $2a$10$/pjj2ZyQvJ1j6IJKmF5Ue.Mnx.rwjN8oD9C5/vid4/CiuvamN2nMW
    
    &lt;/div&gt;
    &lt;div&gt;
      
      test93719@example.com | $2a$10$NRL9MR1Zx2fXULNM3jfQneNbMYw5nl/NF3a58ANydJsOHAPQLgb7u
    
    &lt;/div&gt;
    &lt;div&gt;
      
      test93720@example.com | $2a$10$WuRKkqgO65QMp66iurNPf.PtsDgGT5M0Fj7gmJBiGpo6Y85sBTbia
    
    &lt;/div&gt;
    &lt;div&gt;
      
      test93721@example.com | $2a$10$Axx1OyZRL91/kk0cMz8XYONyMYTsJZDuIzuQ9JjRRzq2CQsfpC4Zq
    
    &lt;/div&gt;
    &lt;div&gt;
      
      test93722@example.com | $2a$10$bui8Znw59LmQdH79XUpzXOGZKScwWEWYYYySG2XYXXmSA2MaCpeua
    
    &lt;/div&gt;
    &lt;div&gt;
      
      test93723@example.com | $2a$10$9/gxVdTtbtmhPhpAXKtL/.qV/Q1ADPbiEl96Jo.nRvukICVomcf.O
    
    &lt;/div&gt;
    &lt;div&gt;
      
      test93724@example.com | $2a$10$16lR00GCqcjn5tIaqrEDdOn6wbseX3cZyPQOYSITeHPM4OtzNywNu
    
    &lt;/div&gt;
    &lt;div&gt;
      
      test93725@example.com | $2a$10$IHilFHptXlScF/Sp063f1uwV0tDL7Tt1iI730Npgs2.49/E0fQSy.
    
    &lt;/div&gt;
    &lt;div&gt;
      
      test93726@example.com | $2a$10$BuWos6bBZmAVcj47KctzBeBHjg4GRG6gA0PgrxDoVu5OkiOQHr01W
    
    &lt;/div&gt;
    &lt;div&gt;
      
      test93727@example.com | $2a$10$7fToEZbRRxJy1wlBDecnsOuOLhdDiTDgqFasRD/hzfTzLKFPYTuOC
    
    &lt;/div&gt;
    &lt;div&gt;
      
      test93728@example.com | $2a$10$C8SnS9QcSQ.QKLW0jn/NIOEb0QTOhcOVEVdo2rC4VtalCqFS.tUAy
    
    &lt;/div&gt;
    &lt;div&gt;
      
      test93729@example.com | $2a$10$LLd5/w7TBEeHakz1Ry6jZu8V6KN5rsXNZxUrx3GyNdHhxKZiA/Oei
    
    &lt;/div&gt;
    &lt;div&gt;
      
      test93730@example.com | $2a$10$1UOmmU6UedrwfxvftZNVEei.opM58uFiBN58dAKtAVAhq1Hj4t/Uu
    
    &lt;/div&gt;
    &lt;div&gt;
      
      test93731@example.com | $2a$10$kOiCMzHK.s5iUC7HM12.3O64g1pIIAKIIq7A9xSTrhZ5oPzMEpz82
    
    &lt;/div&gt;
    &lt;div&gt;
      
      test93732@example.com | $2a$10$E8ZmD.bMftCQkHLlLk.jg.pKV7bcAEfGGGPNbXtRcOMjHQRaspzPK
    
    &lt;/div&gt;
    &lt;div&gt;
      
      test93733@example.com | $2a$10$qzJKphSf/bt9ClFoK5U6b.p1YBjS5VBkdeYuPWZRZgP75jCxdGtPS
    
    &lt;/div&gt;
    &lt;div&gt;
      
      test93734@example.com | $2a$10$bbgXN8IoGARKTFxDzj9yl.90NNRuwfcWSYM8N8jPcLY.G0sY1zgC.
    
    &lt;/div&gt;
    &lt;div&gt;
      
      test93735@example.com | $2a$10$YIhiQmz3n7GQj9Foi4s2puIYUxxy9UtBftbIKIk0Uak8jpQXXa//u
    
    &lt;/div&gt;
    &lt;div&gt;
      
      test93736@example.com | $2a$10$EqTnxYw921C.7SlKFDHFieH6ZJ5UgPDcK3aUF/meEHHNcK4eXLjbe
    
    &lt;/div&gt;
    &lt;div&gt;
      
      test93737@example.com | $2a$10$xCxNPCtSMtfccDO2AU6XeezETfgBPyq8R/x9.IbhKTtEsEMbNXwKy
    
    &lt;/div&gt;
    &lt;div&gt;
      
      test93738@example.com | $2a$10$0HXksLMiYqG7KZ0cyjNyPuQu.icHys6Ado2cq38RjoWyGftFajVTW
    
    &lt;/div&gt;
    &lt;div&gt;
      
      test93739@example.com | $2a$10$twd0MNHX5dyEsDsywAs/Yei0ZepcliwF9pzn5hQ4W5CMxiek7MX4u
    
    &lt;/div&gt;
    &lt;div&gt;
      
      test93740@example.com | $2a$10$8HsUYLO46bBNC6n8WKUU6u9o8xvdtQa8J/XYqVlZhmP3qzAy3eQ7.
    
    &lt;/div&gt;
    &lt;div&gt;
      
      test93741@example.com | $2a$10$s.TvG0SEAdrm3//vrdWWVuCiG2stJ/kAGoJCgCQ1J77/1G592n00S
    
    &lt;/div&gt;
    &lt;div&gt;
      
      test93742@example.com | $2a$10$L8evGDG7jrzvT6tnjKEjD.iYZPebwr4idVdP.bCscoaXSwiTnVe.m
    
    &lt;/div&gt;
    &lt;div&gt;
      
      test93743@example.com | $2a$10$d/T1QC3ZHimFUYQcRlj9Puuho9yIHsXryl9z2pdlQXqgl0gx.qeni
    
    &lt;/div&gt;
    &lt;div&gt;
      
      test93744@example.com | $2a$10$e0GiSxZx611cJlgVsUIwYOQoQJQyyBRLAsegGgtkCacqc/DvH6zzm
    
    &lt;/div&gt;
    &lt;div&gt;
      
      test93745@example.com | $2a$10$uB28ibq1iW7Yx.klUZkcKedZ.VHVVZBmyBWRogVheQ1N/aboj/gWa
    
    &lt;/div&gt;
    &lt;div&gt;
      
      test93746@example.com | $2a$10$.13d001w91PdnAc9dsTvxuHTLM165T6k9Dhb0K.UcVQFwbtGfqwMG
    
    &lt;/div&gt;
    &lt;div&gt;
      
      test93747@example.com | $2a$10$1TL/L4r/aIsPj3tBOT5mnuOPo7R/FdDuId39kbD.lVd.gvUiZb0oO
    
    &lt;/div&gt;
    &lt;div&gt;
      
      test93748@example.com | $2a$10$lMcPR7vv5iPgXaVz3h3EquR8HEbNT2y5rDo56gnm.CxjZbVb1x8WW
    
    &lt;/div&gt;
    &lt;div&gt;
      
      test93749@example.com | $2a$10$VAxEm8j2QjvfpcfwAn5yE.S0mcLMKhsisl.kRIOQpawcS10FqMF9C
    
    &lt;/div&gt;
    &lt;div&gt;
      
      test93750@example.com | $2a$10$9luZ6k31kB2kGRw66wuuQOKuoDFSWXusAQBblePR3fhrkbA6m7zQO
    
    &lt;/div&gt;
    &lt;div&gt;
      
      test93751@example.com | $2a$10$cWq/s6ivxglK2XGqgyPIsOcNsLjYmuC.nNWsRGypqB0DkzxQ6FxiG
    
    &lt;/div&gt;
    &lt;div&gt;
      
      test93752@example.com | $2a$10$gIu57u4TuShSa7wlVp2DmuwFcRkFYWk6U/KGsXf8cH0JyF6FSi/oC
    
    &lt;/div&gt;
    &lt;div&gt;
      
      test93753@example.com | $2a$10$DC2RYV1GSEfyK6fJ.X90Q.p7KaV2FHFLVr7eSsdI0C8Lk38D6wg1O
    
    &lt;/div&gt;
    &lt;div&gt;
      
      test93754@example.com | $2a$10$INN2poop7GLxEp8aEffsiuV9ThY264wkj2YjROJvJCdKBh3c6A0H.
    
    &lt;/div&gt;
    &lt;div&gt;
      
      test93755@example.com | $2a$10$GPsJV6slIwpo6xMDOG3EhOjyxgtyHwrvp.iVdXj5UnQBllq0kgZai
    
    &lt;/div&gt;
    &lt;div&gt;
      
      test93756@example.com | $2a$10$03nX9ZVdm4t/kejLhQvqu.fDmeargj9uKBdODsEDtG4Rjt/IM5Mx.
    
    &lt;/div&gt;
    &lt;div&gt;
      
      test93757@example.com | $2a$10$nYOdsrjGLRvWEpvBs40Fier3KWiQjlLKtXiZZ98yp9j/RYjjh5m36
    
    &lt;/div&gt;
    &lt;div&gt;
      
      test93758@example.com | $2a$10$UFVgfeQN0aiR.0d5Dpd2quwmMbGmG7ipAdI31u.xWDmnXkfGmIMJS
    
    &lt;/div&gt;
    &lt;div&gt;
      
      test93759@example.com | $2a$10$HfLL0qdLhHHdtKErgJYDf.ZSOdhUZglZsrCd3tlGFY9UZzbbRVD7m
    
    &lt;/div&gt;
    &lt;div&gt;
      
      test93760@example.com | $2a$10$psDsJFo/2Z6h.R/OzGI95OHYYf4eQYVdbW7.SM3ZcCAQWcwcKDyFm
    
    &lt;/div&gt;
    &lt;div&gt;
      
      test93761@example.com | $2a$10$uonbd1/8RcCsQYzhIFFC..FwssbdR4IRaeE1N4BM6YkHQYwvWAglm
    
    &lt;/div&gt;
    &lt;div&gt;
      
      test93762@example.com | $2a$10$QuFTsRXYEQWrqHsF52NaHem2QFaipMSpbVnhvR.mZG/PoNSh.BKoe
    
    &lt;/div&gt;
    &lt;div&gt;
      
      test93763@example.com | $2a$10$k/NOU1Cvn0CLMnQ8G5d2Jemm1lcFht1E471GdxHkn0lRxwNsYGNR2
    
    &lt;/div&gt;
    &lt;div&gt;
      
      test93764@example.com | $2a$10$kjc6cG4ertXQDmMa5A4vS.DWOHan2woPjMARH4IpTJ92H6w/Wq9Hu
    
    &lt;/div&gt;
    &lt;div&gt;
      
      test93765@example.com | $2a$10$MDcGGkllmQuot4qm5qENiePRPf8wOVKXN0o5WDJgyMD293K7Jatc2
    
    &lt;/div&gt;
    &lt;div&gt;
      
      test93766@example.com | $2a$10$/99voWGCCTRgR9cWA6ofCe4yGWjrKhAPIqlSJBZd77vOaZcLVc4Ka
    
    &lt;/div&gt;
    &lt;div&gt;
      
      test93767@example.com | $2a$10$qnULetHq6DYNfn5Ew7TFkuqyHiqY9O3kQa6v4mWOHguOmJehn.W6m
    
    &lt;/div&gt;
    &lt;div&gt;
      
      test93768@example.com | $2a$10$uMZk6Idj1GNhAI4XS.ueX.gaJUCEXRI6FN9elgQutYuRgJyTX4jSW
    
    &lt;/div&gt;
    &lt;div&gt;
      
      test93769@example.com | $2a$10$dYg.Ljjciqz.qbxkQyHX7.JetO9AR1.4f2pipw3pcxk7VQYMjJHky
    
    &lt;/div&gt;
    &lt;div&gt;
      
      test93770@example.com | $2a$10$3mqaMod71zsbgqk9FFKVWu0XdBqrHbCvauvijp1mkAmdRSXxdSFKS
    
    &lt;/div&gt;
    &lt;div&gt;
      
      test93771@example.com | $2a$10$CFarFwK3r50J8R7v11wkpePJTNlViRwIlIq/yd7kLRxdq6XISDmJq
    
    &lt;/div&gt;
    &lt;div&gt;
      
      test93772@example.com | $2a$10$bzFyQulVOIXN3pbcgGIkJ.W4cNi3lZMk5nHqFPV5aMVQUpfbWhuE6
    
    &lt;/div&gt;
    &lt;div&gt;
      
      test93773@example.com | $2a$10$i1j8CwkBSFoxEQj1b1Xn5Oqzo5ix/GwKw8YTIdyodwRYlX.Awt3y6
    
    &lt;/div&gt;
    &lt;div&gt;
      
      test93774@example.com | $2a$10$DlgAVpn8cJBGf9bsLE7dLO6r5YVGnhSWAiFWfA3HHZTssY6Y.jm8C
    
    &lt;/div&gt;
    &lt;div&gt;
      
      test93775@example.com | $2a$10$VGFRxDZR1ur42VUp4tBHz.6TjnGkTotBhNowmVEvbG/RrUV2JGv4u
    
    &lt;/div&gt;
    &lt;div&gt;
      
      test93776@example.com | $2a$10$x9WajU55MDuz0RNqKKDbieuEBiEXmG3hm6jPfXbwj.gEBotV3BfXu
    
    &lt;/div&gt;
    &lt;div&gt;
      
      test93777@example.com | $2a$10$MKZXjxTPugsSPKGx7ehATeaBvRuEZoAzfZMAEu1XCR.hO//jtecei
    
    &lt;/div&gt;
    &lt;div&gt;
      
      test93778@example.com | $2a$10$JY/wfEfdxn2omR/I4mJYRePE8n1Xg2qjLMkLTZETnTNYpBI/2VzHW
    
    &lt;/div&gt;
    &lt;div&gt;
      
      test93779@example.com | $2a$10$ZVv0euN748/RVfGqlXoJQuc5srYxuwA6lFC/Mrl5DBhq8fSosy5Za
    
    &lt;/div&gt;
    &lt;div&gt;
      
      test93780@example.com | $2a$10$QVFraoOtK8JzFnnPuOGTQu7lx7BMI10XuykSpsmC9qQYK8lZ9egbW
    
    &lt;/div&gt;
    &lt;div&gt;
      
      test93781@example.com | $2a$10$/rdP8Z6qLUOvkcmpbdHVnuY3RCvFqzAUZ3lzG/gbM45QUPvfbAEqy
    
    &lt;/div&gt;
    &lt;div&gt;
      
      test93782@example.com | $2a$10$ycqDk.n.1gO8QnKF5hrG9ecyTa8FTuXKOHhM5dzPu1e779Ykn1HnC
    
    &lt;/div&gt;
    &lt;div&gt;
      
      test93783@example.com | $2a$10$QLvUbvNqm0ebdlFh/mUI.e.KpLpFmxfos2o.SJlVQUpbFcN1Kn04i
    
    &lt;/div&gt;
    &lt;div&gt;
      
      test93784@example.com | $2a$10$286cnKM3iQ21DMGxK8KFo.9ELuH33hoLCpukuomLZx9x7VvcF5CgW
    
    &lt;/div&gt;
    &lt;div&gt;
      
      test93785@example.com | $2a$10$hHmHmpKAO7xp0tzbzD.oauhLRjay.JdJGTWZ8LQYB7vlJp/yXIjC6
    
    &lt;/div&gt;
    &lt;div&gt;
      
      test93786@example.com | $2a$10$ppokhN/8RaM9U2paXgho1eR/ov0iJSLOnbVd1tkN00epROBlpGdFm
    
    &lt;/div&gt;
    &lt;div&gt;
      
      test93787@example.com | $2a$10$leLwINUQXPGFEkJ2BAxhe.3OkqhEL4IrHL2R3TjvpywtTlKGHfaQi
    
    &lt;/div&gt;
    &lt;div&gt;
      
      test93788@example.com | $2a$10$jBBMOi/6jmJMkYUGT12H6.k7zaP05/E03DiHxilLtp0x698UPvLA6
    
    &lt;/div&gt;
    &lt;div&gt;
      
      test93789@example.com | $2a$10$lEQ9eJ5tMvD5CG9RTK.rYuWqTi36p5xCh57gP3rdd8Y0tbwK.mqAS
    
    &lt;/div&gt;
    &lt;div&gt;
      
      test93790@example.com | $2a$10$AklZ6kvt9RUBu395VslYfeitqruJ5.qYpTK81/jnKZTqA2OhypGf6
    
    &lt;/div&gt;
    &lt;div&gt;
      
      test93791@example.com | $2a$10$CWhq/BNi9EsytGDq/eadeed8jh7kMOmh550G68pVhxltlNof/82G6
    
    &lt;/div&gt;
    &lt;div&gt;
      
      test93792@example.com | $2a$10$47gSYG6DFjG0FECpwFSSi.LV2jFantGGVk9EdmygGKX3ch4t7ES5C
    
    &lt;/div&gt;
    &lt;div&gt;
      
      test93793@example.com | $2a$10$zxVQ9eqFDe/MV/FlRisdouaEfzUstojd0G2TKK89qmjeOBd/hvVPG
    
    &lt;/div&gt;
    &lt;div&gt;
      
      test93794@example.com | $2a$10$I.bWD8WQJCkG/SBwtxrS8.4Tw/BBpsgLAtjx7ra6SbjkjV0ew25JW
    
    &lt;/div&gt;
    &lt;div&gt;
      
      test93795@example.com | $2a$10$y.rcKWM1O31.jjZ8QMpA2e6P7Oi/oP8iYhAfYBabY4IJUhhTVTld2
    
    &lt;/div&gt;
    &lt;div&gt;
      
      test93796@example.com | $2a$10$r1DSghypLxE6GgD2CWODd.8OqStcHZtiqldNECmbnf.twUaL8NGPK
    
    &lt;/div&gt;
    &lt;div&gt;
      
      test93797@example.com | $2a$10$Km7CS4wkssLupc/Vm1FOfu5QvnkS79voqkkqTn79a0FyrWxkZYLq6
    
    &lt;/div&gt;
    &lt;div&gt;
      
      test93798@example.com | $2a$10$9HNDEonFDGc60SWuM2ykeOREkDnlUVSLjtkimCQPm4elUUubl2FSi
    
    &lt;/div&gt;
    &lt;div&gt;
      
      test93799@example.com | $2a$10$Ng8ycWhnlFaj.yppCn8/..AvZcH5vxcIAmV7V6yYC.2gXRUzLURQO
    
    &lt;/div&gt;
    &lt;div&gt;
      
      test93800@example.com | $2a$10$tfow.SpC7X6PSwMkGo6/IObgs5WDkWNOZj.rDyF5oEKjwpnqQBKum
    
    &lt;/div&gt;
    &lt;div&gt;
      
      test93801@example.com | $2a$10$nNQSVWNru2mef0B/9S5dmugBeX7Qm.P8GP0rAi3HLmc/JtMGLZJCm
    
    &lt;/div&gt;
    &lt;div&gt;
      
      test93802@example.com | $2a$10$Sdriv4NEXNLL0ZTLMWgnF.962iDQUIJcvdq8MVtTdNeT/XUUYfWz.
    
    &lt;/div&gt;
    &lt;div&gt;
      
      test93803@example.com | $2a$10$Jh1O64RSeMxQW/zvE48wyu5ovJQ.W2UK4I5pZrGR8V9nBttU5aPWe
    
    &lt;/div&gt;
    &lt;div&gt;
      
      test93804@example.com | $2a$10$4nmJPltxHiwWdI9QTa6UjO2sXTAiAFy/O4lVdq8ExvvV9r1aESTHu
    
    &lt;/div&gt;
    &lt;div&gt;
      
      test93805@example.com | $2a$10$xFM4MC2QPs5CTqozofl6be34ChzWr2Vcg26L9oWIwAWU1h79dbRCG
    
    &lt;/div&gt;
    &lt;div&gt;
      
      test93806@example.com | $2a$10$MsxN1BCrpBm06nvU2.eteudr1q/9K/.M3P2jtQpiFI/Yd6hrjhlHm
    
    &lt;/div&gt;
    &lt;div&gt;
      
      test93807@example.com | $2a$10$9FKUk/3dfio2hlXYxYoRKOK5JWgSf/kqLD7VoLbFmyMLdd5jLakpC
    
    &lt;/div&gt;
    &lt;div&gt;
      
      test93808@example.com | $2a$10$OXE4WzeQATRzjCtiURdEl.7oXBg5jiQH.vrqXrAwkSSBrb.aZHtru
    
    &lt;/div&gt;
    &lt;div&gt;
      
      test93809@example.com | $2a$10$3iAGtPrHuSvxJcpeVek..uQz2QPaq0JQZEe4zmAI/FbBZ4IFaz5dS
    
    &lt;/div&gt;
    &lt;div&gt;
      
      test93810@example.com | $2a$10$O3XpIqYrq.j.SCgqkB/p0O9M5/hZ9DAQswwdRlgUy3g3EGWdvA6F6
    
    &lt;/div&gt;
    &lt;div&gt;
      
      test93811@example.com | $2a$10$8lhh3C1cUgs2yUZxxsT57./SYjk3mSyIB0A2tiW.j3nLMK0kCUr7W
    
    &lt;/div&gt;
    &lt;div&gt;
      
      test93812@example.com | $2a$10$IS2VCcrHLc9siSZQD.kTMetz1tvFsw9RUNic0.BUfL/hR.M3cAq3a
    
    &lt;/div&gt;
    &lt;div&gt;
      
      test93813@example.com | $2a$10$gheyhv3YRXFi1NnFWuO9pOpsst8cEKSBRVkSkvPK1lycOq/VPPjji
    
    &lt;/div&gt;
    &lt;div&gt;
      
      test93814@example.com | $2a$10$SiofScvNqM/MIfQ758JCTucJlQVN3QooRbPhGCjutbjDbq43WJpc6
    
    &lt;/div&gt;
    &lt;div&gt;
      
      test93815@example.com | $2a$10$wlXDOAWVIElFrrEDDqWx7.79NVckuxBtqVsX/pB4TaqeCOPjA4RrK
    
    &lt;/div&gt;
    &lt;div&gt;
      
      test93816@example.com | $2a$10$9nKUgSjxjI4zFeg1vNaUnOGkk1ODuAV6h4cDiTJbkie1wnDYU8bH6
    
    &lt;/div&gt;
    &lt;div&gt;
      
      test93817@example.com | $2a$10$7hO35OgBNuL4K2q5CbVJ5uPeRjLN.KIO0w3vONjkfxPABV3O53W/K
    
    &lt;/div&gt;
    &lt;div&gt;
      
      test93818@example.com | $2a$10$aPJWcEkA43kclrRG8q8TXuhEt5uMUJQJVHpmZOMf5fGrDkuXUig3W
    
    &lt;/div&gt;
    &lt;div&gt;
      
      test93819@example.com | $2a$10$rV.rhViK9kxJL8/WQkZIx.CBcQXoaJzC0bvDj5ZvjsdlO.Xvh3uaO
    
    &lt;/div&gt;
    &lt;div&gt;
      
      test93820@example.com | $2a$10$aNJHxsN/KBU3ZThUPggXUOtvrmBgcXeT/bZf2B5Y.f78mOixxl/rq
    
    &lt;/div&gt;
    &lt;div&gt;
      
      test93821@example.com | $2a$10$XMP8o8BNzS4vKxN31O8CbufMtqwpVRK7tE81b1tbMzutzgofnKphi
    
    &lt;/div&gt;
    &lt;div&gt;
      
      test93822@example.com | $2a$10$awXe/cWG3N2M2HBoTQBnK.HdRN7kWyExmtHoD8nvLm/.K8w4hSrpm
    
    &lt;/div&gt;
    &lt;div&gt;
      
      test93823@example.com | $2a$10$/sGGPdrZWxeA6pe72OTTueeE0Bl2LRIPGlq2l142.yDgvFNwKynMK
    
    &lt;/div&gt;
    &lt;div&gt;
      
      test93824@example.com | $2a$10$smo5GpJbXZDKzvZO8xhNJO9tRAHnATb8FYtcOLaF7Gq3.1zT5YpxG
    
    &lt;/div&gt;
    &lt;div&gt;
      
      test93825@example.com | $2a$10$XOIjwOLcgEzAnERIaNjy/eLAxKTcMnDD.ToplA/68AJWTMEYpqZFW
    
    &lt;/div&gt;
    &lt;div&gt;
      
      test93826@example.com | $2a$10$GJyRV4d.ga2q2SU9t9/e4ubvQSd883lijYeEaJblje0NKq1RFvgLe
    
    &lt;/div&gt;
    &lt;div&gt;
      
      test93827@example.com | $2a$10$0gL3cSJw9vMN2PdW6.u03exsJNFVEscfPNvxAsZftg3pgwIqzHYcK
    
    &lt;/div&gt;
    &lt;div&gt;
      
      test93828@example.com | $2a$10$sUiu3L6PYAwGA2ct5hGE/uyaTv0pAPZCIR0VTK1JVzAM4MOa8O1zy
    
    &lt;/div&gt;
    &lt;div&gt;
      
      test93829@example.com | $2a$10$9DM3eYmEmpoCXC9UNOI5aOiCw6PYjNttXDysHwFvsR9kEnyVo.RtG
    
    &lt;/div&gt;
    &lt;div&gt;
      
      test93830@example.com | $2a$10$22SZN40Ib0ILAS2pzvmFHeGpmA3UqqyGHcRCISf58fT98XJg0pWIa
    
    &lt;/div&gt;
    &lt;div&gt;
      
      test93831@example.com | $2a$10$u64uugJUAh.THk4o4GQ4/eLOExSqYw/VHlmwQ0e0a2QnqMnB.CuLm
    
    &lt;/div&gt;
    &lt;div&gt;
      
      test93832@example.com | $2a$10$1IJrz/2Xqs7gtKDmcHpYheiIYG/JpZPo9iDQfxUsT6Ndc9ib37Lcm
    
    &lt;/div&gt;
    &lt;div&gt;
      
      test93833@example.com | $2a$10$JtKL.T9s710hQk00f9Xlzu36jwAOxH2F27qQ70vgdUnigmDZA4UYG
    
    &lt;/div&gt;
  &lt;/body&gt;
&lt;/html&gt;
' doesn't contain 'Your new application is ready.'" type="java.lang.Exception">IntegrationSpec$$anonfun$1$$anonfun$apply$1$$anon$1$delayedInit$body.apply(IntegrationSpec.scala:21)
play.api.test.WithBrowser$$anonfun$around$3.apply(Specs.scala:57)
play.api.test.WithBrowser$$anonfun$around$3.apply(Specs.scala:57)
play.api.test.PlayRunners$class.running(Helpers.scala:60)
play.api.test.Helpers$.running(Helpers.scala:364)
play.api.test.WithBrowser.around(Specs.scala:57)
play.api.test.WithBrowser.delayedInit(Specs.scala:45)
IntegrationSpec$$anonfun$1$$anonfun$apply$1$$anon$1.&lt;init&gt;(IntegrationSpec.scala:17)
IntegrationSpec$$anonfun$1$$anonfun$apply$1.apply(IntegrationSpec.scala:17)
IntegrationSpec$$anonfun$1$$anonfun$apply$1.apply(IntegrationSpec.scala:17)</failure>
      </testcase>
        <system-out></system-out>
        <system-err></system-err>
      </testsuite>